2021-06-09_09-51-53 [restartedMain] INFO  c.c.a.AuthorizatiionMicroserviceApplication - Starting AuthorizatiionMicroserviceApplication using Java 15.0.2 on DESKTOP-SLDQ587 with PID 30568 (C:\Users\Vishesh\eclipse-workspace3\CDE-Project-International-Patients-treatment-management\CDE-Project-International-Patients-treatment-management\Authorizatiion-Microservice\target\classes started by Vishesh in C:\Users\Vishesh\eclipse-workspace3\CDE-Project-International-Patients-treatment-management\CDE-Project-International-Patients-treatment-management\Authorizatiion-Microservice)
2021-06-09_09-51-53 [restartedMain] INFO  c.c.a.AuthorizatiionMicroserviceApplication - No active profile set, falling back to default profiles: default
2021-06-09_09-51-53 [restartedMain] INFO  o.s.b.d.e.DevToolsPropertyDefaultsPostProcessor - Devtools property defaults active! Set 'spring.devtools.add-properties' to 'false' to disable
2021-06-09_09-51-53 [restartedMain] INFO  o.s.b.d.e.DevToolsPropertyDefaultsPostProcessor - For additional web related logging consider setting the 'logging.level.web' property to 'DEBUG'
2021-06-09_09-51-53 [restartedMain] INFO  o.s.d.r.c.RepositoryConfigurationDelegate - Bootstrapping Spring Data JPA repositories in DEFAULT mode.
2021-06-09_09-51-53 [restartedMain] INFO  o.s.d.r.c.RepositoryConfigurationDelegate - Finished Spring Data repository scanning in 110 ms. Found 1 JPA repository interfaces.
2021-06-09_09-51-53 [restartedMain] INFO  o.s.cloud.context.scope.GenericScope - BeanFactory id=bc835a7b-e37d-385d-8407-3a426b879bd3
2021-06-09_09-51-53 [restartedMain] INFO  o.s.b.w.e.tomcat.TomcatWebServer - Tomcat initialized with port(s): 8400 (http)
2021-06-09_09-51-53 [restartedMain] INFO  o.a.coyote.http11.Http11NioProtocol - Initializing ProtocolHandler ["http-nio-8400"]
2021-06-09_09-51-53 [restartedMain] INFO  o.a.catalina.core.StandardService - Starting service [Tomcat]
2021-06-09_09-51-53 [restartedMain] INFO  o.a.catalina.core.StandardEngine - Starting Servlet engine: [Apache Tomcat/9.0.41]
2021-06-09_09-51-53 [restartedMain] INFO  o.a.c.c.C.[.[localhost].[/auth] - Initializing Spring embedded WebApplicationContext
2021-06-09_09-51-53 [restartedMain] INFO  o.s.b.w.s.c.ServletWebServerApplicationContext - Root WebApplicationContext: initialization completed in 12952 ms
2021-06-09_09-51-53 [restartedMain] INFO  o.h.jpa.internal.util.LogHelper - HHH000204: Processing PersistenceUnitInfo [name: default]
2021-06-09_09-51-53 [restartedMain] INFO  org.hibernate.Version - HHH000412: Hibernate ORM core version 5.4.27.Final
2021-06-09_09-51-53 [restartedMain] INFO  o.h.annotations.common.Version - HCANN000001: Hibernate Commons Annotations {5.1.2.Final}
2021-06-09_09-51-53 [restartedMain] INFO  com.zaxxer.hikari.HikariDataSource - HikariPool-1 - Starting...
2021-06-09_09-51-53 [restartedMain] INFO  com.zaxxer.hikari.HikariDataSource - HikariPool-1 - Start completed.
2021-06-09_09-51-53 [restartedMain] INFO  org.hibernate.dialect.Dialect - HHH000400: Using dialect: org.hibernate.dialect.MySQL8Dialect
2021-06-09_09-51-53 [restartedMain] INFO  o.h.e.t.j.p.i.JtaPlatformInitiator - HHH000490: Using JtaPlatform implementation: [org.hibernate.engine.transaction.jta.platform.internal.NoJtaPlatform]
2021-06-09_09-51-53 [restartedMain] INFO  o.s.o.j.LocalContainerEntityManagerFactoryBean - Initialized JPA EntityManagerFactory for persistence unit 'default'
2021-06-09_09-51-53 [restartedMain] INFO  o.s.b.d.a.OptionalLiveReloadServer - LiveReload server is running on port 35729
2021-06-09_09-51-53 [restartedMain] INFO  s.d.s.w.PropertySourcedRequestMappingHandlerMapping - Mapped URL path [/v2/api-docs] onto method [springfox.documentation.swagger2.web.Swagger2Controller#getDocumentation(String, HttpServletRequest)]
2021-06-09_09-51-53 [restartedMain] INFO  o.s.s.web.DefaultSecurityFilterChain - Will secure any request with [org.springframework.security.web.context.request.async.WebAsyncManagerIntegrationFilter@7dd5c601, org.springframework.security.web.context.SecurityContextPersistenceFilter@2ab6e9c6, org.springframework.security.web.header.HeaderWriterFilter@326b3510, org.springframework.security.web.authentication.logout.LogoutFilter@127debbf, com.cts.authorization.config.JwtRequestFilter@4c61ca6c, org.springframework.security.web.savedrequest.RequestCacheAwareFilter@17038abd, org.springframework.security.web.servletapi.SecurityContextHolderAwareRequestFilter@5f21ada9, org.springframework.security.web.authentication.AnonymousAuthenticationFilter@4d605086, org.springframework.security.web.session.SessionManagementFilter@14061846, org.springframework.security.web.access.ExceptionTranslationFilter@41b0ed4, org.springframework.security.web.access.intercept.FilterSecurityInterceptor@4dfdbc58]
2021-06-09_09-51-53 [restartedMain] INFO  o.s.s.c.ThreadPoolTaskExecutor - Initializing ExecutorService 'applicationTaskExecutor'
2021-06-09_09-51-53 [restartedMain] INFO  o.a.coyote.http11.Http11NioProtocol - Starting ProtocolHandler ["http-nio-8400"]
2021-06-09_09-51-53 [restartedMain] INFO  o.s.b.w.e.tomcat.TomcatWebServer - Tomcat started on port(s): 8400 (http) with context path '/auth'
2021-06-09_09-51-53 [restartedMain] INFO  s.d.s.w.p.DocumentationPluginsBootstrapper - Context refreshed
2021-06-09_09-51-53 [restartedMain] INFO  s.d.s.w.p.DocumentationPluginsBootstrapper - Found 1 custom documentation plugin(s)
2021-06-09_09-51-53 [restartedMain] INFO  s.d.s.w.s.ApiListingReferenceScanner - Scanning for api listing references
2021-06-09_09-51-53 [restartedMain] INFO  c.c.a.AuthorizatiionMicroserviceApplication - Started AuthorizatiionMicroserviceApplication in 41.171 seconds (JVM running for 43.898)
2021-06-09_09-51-53 [http-nio-8400-exec-1] INFO  o.a.c.c.C.[.[localhost].[/auth] - Initializing Spring DispatcherServlet 'dispatcherServlet'
2021-06-09_09-51-53 [http-nio-8400-exec-1] INFO  o.s.web.servlet.DispatcherServlet - Initializing Servlet 'dispatcherServlet'
2021-06-09_09-51-53 [http-nio-8400-exec-1] INFO  o.s.web.servlet.DispatcherServlet - Completed initialization in 2 ms
2021-06-09_09-51-53 [http-nio-8400-exec-1] INFO  c.c.a.service.JwtUserDetailsService - User found
2021-06-09_09-51-53 [http-nio-8400-exec-1] INFO  c.c.a.service.JwtUserDetailsService - user successfully located
2021-06-09_09-51-53 [http-nio-8400-exec-1] INFO  c.c.a.service.JwtUserDetailsService - User found
2021-06-09_09-51-53 [http-nio-8400-exec-1] INFO  c.c.a.service.JwtUserDetailsService - user successfully located
2021-06-09_09-51-53 [http-nio-8400-exec-2] INFO  c.c.a.service.JwtUserDetailsService - User found
2021-06-09_09-51-53 [http-nio-8400-exec-2] INFO  c.c.a.service.JwtUserDetailsService - user successfully located
2021-06-09_09-51-53 [http-nio-8400-exec-5] INFO  c.c.a.service.JwtUserDetailsService - User found
2021-06-09_09-51-53 [http-nio-8400-exec-5] INFO  c.c.a.service.JwtUserDetailsService - user successfully located
2021-06-09_09-51-53 [RMI TCP Connection(63)-127.0.0.1] INFO  o.s.b.a.SpringApplicationAdminMXBeanRegistrar$SpringApplicationAdmin - Application shutdown requested.
2021-06-09_09-51-53 [RMI TCP Connection(63)-127.0.0.1] INFO  o.s.s.c.ThreadPoolTaskExecutor - Shutting down ExecutorService 'applicationTaskExecutor'
2021-06-09_09-51-53 [RMI TCP Connection(63)-127.0.0.1] INFO  o.s.o.j.LocalContainerEntityManagerFactoryBean - Closing JPA EntityManagerFactory for persistence unit 'default'
2021-06-09_09-51-53 [RMI TCP Connection(63)-127.0.0.1] INFO  com.zaxxer.hikari.HikariDataSource - HikariPool-1 - Shutdown initiated...
2021-06-09_09-51-53 [RMI TCP Connection(63)-127.0.0.1] INFO  com.zaxxer.hikari.HikariDataSource - HikariPool-1 - Shutdown completed.
2021-06-09_14-40-36 [restartedMain] INFO  c.c.a.AuthorizatiionMicroserviceApplication - Starting AuthorizatiionMicroserviceApplication using Java 15.0.2 on DESKTOP-SLDQ587 with PID 16444 (C:\Users\Vishesh\eclipse-workspace3\CDE-Project-International-Patients-treatment-management\CDE-Project-International-Patients-treatment-management\Authorizatiion-Microservice\target\classes started by Vishesh in C:\Users\Vishesh\eclipse-workspace3\CDE-Project-International-Patients-treatment-management\CDE-Project-International-Patients-treatment-management\Authorizatiion-Microservice)
2021-06-09_14-40-36 [restartedMain] INFO  c.c.a.AuthorizatiionMicroserviceApplication - No active profile set, falling back to default profiles: default
2021-06-09_14-40-36 [restartedMain] INFO  o.s.b.d.e.DevToolsPropertyDefaultsPostProcessor - Devtools property defaults active! Set 'spring.devtools.add-properties' to 'false' to disable
2021-06-09_14-40-36 [restartedMain] INFO  o.s.b.d.e.DevToolsPropertyDefaultsPostProcessor - For additional web related logging consider setting the 'logging.level.web' property to 'DEBUG'
2021-06-09_14-40-36 [restartedMain] INFO  o.s.d.r.c.RepositoryConfigurationDelegate - Bootstrapping Spring Data JPA repositories in DEFAULT mode.
2021-06-09_14-40-36 [restartedMain] INFO  o.s.d.r.c.RepositoryConfigurationDelegate - Finished Spring Data repository scanning in 370 ms. Found 1 JPA repository interfaces.
2021-06-09_14-40-36 [restartedMain] INFO  o.s.cloud.context.scope.GenericScope - BeanFactory id=bc835a7b-e37d-385d-8407-3a426b879bd3
2021-06-09_14-40-36 [restartedMain] INFO  o.s.b.w.e.tomcat.TomcatWebServer - Tomcat initialized with port(s): 8400 (http)
2021-06-09_14-40-36 [restartedMain] INFO  o.a.coyote.http11.Http11NioProtocol - Initializing ProtocolHandler ["http-nio-8400"]
2021-06-09_14-40-36 [restartedMain] INFO  o.a.catalina.core.StandardService - Starting service [Tomcat]
2021-06-09_14-40-36 [restartedMain] INFO  o.a.catalina.core.StandardEngine - Starting Servlet engine: [Apache Tomcat/9.0.41]
2021-06-09_14-40-36 [restartedMain] INFO  o.a.c.c.C.[.[localhost].[/auth] - Initializing Spring embedded WebApplicationContext
2021-06-09_14-40-36 [restartedMain] INFO  o.s.b.w.s.c.ServletWebServerApplicationContext - Root WebApplicationContext: initialization completed in 12277 ms
2021-06-09_14-40-36 [restartedMain] INFO  o.h.jpa.internal.util.LogHelper - HHH000204: Processing PersistenceUnitInfo [name: default]
2021-06-09_14-40-36 [restartedMain] INFO  org.hibernate.Version - HHH000412: Hibernate ORM core version 5.4.27.Final
2021-06-09_14-40-36 [restartedMain] INFO  o.h.annotations.common.Version - HCANN000001: Hibernate Commons Annotations {5.1.2.Final}
2021-06-09_14-40-36 [restartedMain] INFO  com.zaxxer.hikari.HikariDataSource - HikariPool-1 - Starting...
2021-06-09_14-40-36 [restartedMain] INFO  com.zaxxer.hikari.HikariDataSource - HikariPool-1 - Start completed.
2021-06-09_14-40-36 [restartedMain] INFO  org.hibernate.dialect.Dialect - HHH000400: Using dialect: org.hibernate.dialect.MySQL8Dialect
2021-06-09_14-40-36 [restartedMain] INFO  o.h.e.t.j.p.i.JtaPlatformInitiator - HHH000490: Using JtaPlatform implementation: [org.hibernate.engine.transaction.jta.platform.internal.NoJtaPlatform]
2021-06-09_14-40-36 [restartedMain] INFO  o.s.o.j.LocalContainerEntityManagerFactoryBean - Initialized JPA EntityManagerFactory for persistence unit 'default'
2021-06-09_14-40-36 [restartedMain] INFO  o.s.b.d.a.OptionalLiveReloadServer - LiveReload server is running on port 35729
2021-06-09_14-40-36 [restartedMain] INFO  s.d.s.w.PropertySourcedRequestMappingHandlerMapping - Mapped URL path [/v2/api-docs] onto method [springfox.documentation.swagger2.web.Swagger2Controller#getDocumentation(String, HttpServletRequest)]
2021-06-09_14-40-36 [restartedMain] INFO  o.s.s.web.DefaultSecurityFilterChain - Will secure any request with [org.springframework.security.web.context.request.async.WebAsyncManagerIntegrationFilter@1c4d869b, org.springframework.security.web.context.SecurityContextPersistenceFilter@5b7ae749, org.springframework.security.web.header.HeaderWriterFilter@18edb747, org.springframework.security.web.authentication.logout.LogoutFilter@5dbf7ab3, com.cts.authorization.config.JwtRequestFilter@63e1d9fe, org.springframework.security.web.savedrequest.RequestCacheAwareFilter@2fea5027, org.springframework.security.web.servletapi.SecurityContextHolderAwareRequestFilter@7950c1ae, org.springframework.security.web.authentication.AnonymousAuthenticationFilter@4c2915e5, org.springframework.security.web.session.SessionManagementFilter@650d6162, org.springframework.security.web.access.ExceptionTranslationFilter@62be63d3, org.springframework.security.web.access.intercept.FilterSecurityInterceptor@5e00f89d]
2021-06-09_14-40-36 [restartedMain] INFO  o.s.s.c.ThreadPoolTaskExecutor - Initializing ExecutorService 'applicationTaskExecutor'
2021-06-09_14-40-36 [restartedMain] INFO  o.a.coyote.http11.Http11NioProtocol - Starting ProtocolHandler ["http-nio-8400"]
2021-06-09_14-40-36 [restartedMain] INFO  o.s.b.w.e.tomcat.TomcatWebServer - Tomcat started on port(s): 8400 (http) with context path '/auth'
2021-06-09_14-40-36 [restartedMain] INFO  s.d.s.w.p.DocumentationPluginsBootstrapper - Context refreshed
2021-06-09_14-40-36 [restartedMain] INFO  s.d.s.w.p.DocumentationPluginsBootstrapper - Found 1 custom documentation plugin(s)
2021-06-09_14-40-36 [restartedMain] INFO  s.d.s.w.s.ApiListingReferenceScanner - Scanning for api listing references
2021-06-09_14-40-36 [restartedMain] INFO  c.c.a.AuthorizatiionMicroserviceApplication - Started AuthorizatiionMicroserviceApplication in 49.08 seconds (JVM running for 52.144)
2021-06-09_14-40-36 [http-nio-8400-exec-2] INFO  o.a.c.c.C.[.[localhost].[/auth] - Initializing Spring DispatcherServlet 'dispatcherServlet'
2021-06-09_14-40-36 [http-nio-8400-exec-2] INFO  o.s.web.servlet.DispatcherServlet - Initializing Servlet 'dispatcherServlet'
2021-06-09_14-40-36 [http-nio-8400-exec-2] INFO  o.s.web.servlet.DispatcherServlet - Completed initialization in 1 ms
2021-06-09_14-40-36 [http-nio-8400-exec-2] INFO  c.c.a.service.JwtUserDetailsService - User found
2021-06-09_14-40-36 [http-nio-8400-exec-2] INFO  c.c.a.service.JwtUserDetailsService - user successfully located
2021-06-09_14-40-36 [http-nio-8400-exec-2] INFO  c.c.a.service.JwtUserDetailsService - User found
2021-06-09_14-40-36 [http-nio-8400-exec-2] INFO  c.c.a.service.JwtUserDetailsService - user successfully located
2021-06-09_14-40-36 [http-nio-8400-exec-1] INFO  c.c.a.service.JwtUserDetailsService - User found
2021-06-09_14-40-36 [http-nio-8400-exec-1] INFO  c.c.a.service.JwtUserDetailsService - user successfully located
2021-06-09_14-40-36 [http-nio-8400-exec-5] INFO  c.c.a.service.JwtUserDetailsService - User found
2021-06-09_14-40-36 [http-nio-8400-exec-5] INFO  c.c.a.service.JwtUserDetailsService - user successfully located
2021-06-09_14-40-36 [http-nio-8400-exec-7] INFO  c.c.a.service.JwtUserDetailsService - User found
2021-06-09_14-40-36 [http-nio-8400-exec-7] INFO  c.c.a.service.JwtUserDetailsService - user successfully located
2021-06-09_14-40-36 [http-nio-8400-exec-9] INFO  c.c.a.service.JwtUserDetailsService - User found
2021-06-09_14-40-36 [http-nio-8400-exec-9] INFO  c.c.a.service.JwtUserDetailsService - user successfully located
2021-06-09_14-40-36 [http-nio-8400-exec-2] INFO  c.c.a.service.JwtUserDetailsService - User found
2021-06-09_14-40-36 [http-nio-8400-exec-2] INFO  c.c.a.service.JwtUserDetailsService - user successfully located
2021-06-09_14-40-36 [http-nio-8400-exec-1] INFO  c.c.a.service.JwtUserDetailsService - User found
2021-06-09_14-40-36 [http-nio-8400-exec-1] INFO  c.c.a.service.JwtUserDetailsService - user successfully located
2021-06-09_14-40-36 [http-nio-8400-exec-3] INFO  c.c.a.service.JwtUserDetailsService - User found
2021-06-09_14-40-36 [http-nio-8400-exec-3] INFO  c.c.a.service.JwtUserDetailsService - user successfully located
2021-06-09_14-40-36 [http-nio-8400-exec-5] INFO  c.c.a.service.JwtUserDetailsService - User found
2021-06-09_14-40-36 [http-nio-8400-exec-5] INFO  c.c.a.service.JwtUserDetailsService - user successfully located
2021-06-09_14-40-36 [http-nio-8400-exec-6] INFO  c.c.a.service.JwtUserDetailsService - User found
2021-06-09_14-40-36 [http-nio-8400-exec-6] INFO  c.c.a.service.JwtUserDetailsService - user successfully located
2021-06-09_14-40-36 [http-nio-8400-exec-8] INFO  c.c.a.service.JwtUserDetailsService - User found
2021-06-09_14-40-36 [http-nio-8400-exec-8] INFO  c.c.a.service.JwtUserDetailsService - user successfully located
2021-06-09_14-40-36 [http-nio-8400-exec-9] INFO  c.c.a.service.JwtUserDetailsService - User found
2021-06-09_14-40-36 [http-nio-8400-exec-9] INFO  c.c.a.service.JwtUserDetailsService - user successfully located
2021-06-09_14-40-36 [http-nio-8400-exec-2] INFO  c.c.a.service.JwtUserDetailsService - User found
2021-06-09_14-40-36 [http-nio-8400-exec-2] INFO  c.c.a.service.JwtUserDetailsService - user successfully located
2021-06-09_14-40-36 [http-nio-8400-exec-1] INFO  c.c.a.service.JwtUserDetailsService - User found
2021-06-09_14-40-36 [http-nio-8400-exec-1] INFO  c.c.a.service.JwtUserDetailsService - user successfully located
2021-06-09_14-40-36 [http-nio-8400-exec-3] INFO  c.c.a.service.JwtUserDetailsService - User found
2021-06-09_14-40-36 [http-nio-8400-exec-3] INFO  c.c.a.service.JwtUserDetailsService - user successfully located
2021-06-09_14-40-36 [http-nio-8400-exec-4] INFO  c.c.a.service.JwtUserDetailsService - User found
2021-06-09_14-40-36 [http-nio-8400-exec-4] INFO  c.c.a.service.JwtUserDetailsService - user successfully located
2021-06-09_14-40-36 [http-nio-8400-exec-5] INFO  c.c.a.service.JwtUserDetailsService - User found
2021-06-09_14-40-36 [http-nio-8400-exec-5] INFO  c.c.a.service.JwtUserDetailsService - user successfully located
2021-06-09_14-40-36 [http-nio-8400-exec-6] INFO  c.c.a.service.JwtUserDetailsService - User found
2021-06-09_14-40-36 [http-nio-8400-exec-6] INFO  c.c.a.service.JwtUserDetailsService - user successfully located
2021-06-09_14-40-36 [http-nio-8400-exec-7] INFO  c.c.a.service.JwtUserDetailsService - User found
2021-06-09_14-40-36 [http-nio-8400-exec-7] INFO  c.c.a.service.JwtUserDetailsService - user successfully located
2021-06-09_14-40-36 [http-nio-8400-exec-8] INFO  c.c.a.service.JwtUserDetailsService - User found
2021-06-09_14-40-36 [http-nio-8400-exec-8] INFO  c.c.a.service.JwtUserDetailsService - user successfully located
2021-06-09_14-40-36 [http-nio-8400-exec-9] INFO  c.c.a.service.JwtUserDetailsService - User found
2021-06-09_14-40-36 [http-nio-8400-exec-9] INFO  c.c.a.service.JwtUserDetailsService - user successfully located
2021-06-09_14-40-36 [http-nio-8400-exec-10] INFO  c.c.a.service.JwtUserDetailsService - User found
2021-06-09_14-40-36 [http-nio-8400-exec-10] INFO  c.c.a.service.JwtUserDetailsService - user successfully located
2021-06-09_14-40-36 [http-nio-8400-exec-3] INFO  c.c.a.service.JwtUserDetailsService - User found
2021-06-09_14-40-36 [http-nio-8400-exec-3] INFO  c.c.a.service.JwtUserDetailsService - user successfully located
2021-06-09_14-40-36 [http-nio-8400-exec-3] INFO  c.c.a.service.JwtUserDetailsService - User found
2021-06-09_14-40-36 [http-nio-8400-exec-3] INFO  c.c.a.service.JwtUserDetailsService - user successfully located
2021-06-09_14-40-36 [http-nio-8400-exec-4] INFO  c.c.a.service.JwtUserDetailsService - User found
2021-06-09_14-40-36 [http-nio-8400-exec-4] INFO  c.c.a.service.JwtUserDetailsService - user successfully located
2021-06-09_14-40-36 [http-nio-8400-exec-5] INFO  c.c.a.service.JwtUserDetailsService - User found
2021-06-09_14-40-36 [http-nio-8400-exec-5] INFO  c.c.a.service.JwtUserDetailsService - user successfully located
2021-06-09_14-40-36 [http-nio-8400-exec-6] INFO  c.c.a.service.JwtUserDetailsService - User found
2021-06-09_14-40-36 [http-nio-8400-exec-6] INFO  c.c.a.service.JwtUserDetailsService - user successfully located
2021-06-09_14-40-36 [http-nio-8400-exec-9] INFO  c.c.a.service.JwtUserDetailsService - User found
2021-06-09_14-40-36 [http-nio-8400-exec-9] INFO  c.c.a.service.JwtUserDetailsService - user successfully located
2021-06-09_14-40-36 [http-nio-8400-exec-10] INFO  c.c.a.service.JwtUserDetailsService - User found
2021-06-09_14-40-36 [http-nio-8400-exec-10] INFO  c.c.a.service.JwtUserDetailsService - user successfully located
2021-06-09_14-40-36 [http-nio-8400-exec-2] INFO  c.c.a.service.JwtUserDetailsService - User found
2021-06-09_14-40-36 [http-nio-8400-exec-2] INFO  c.c.a.service.JwtUserDetailsService - user successfully located
2021-06-09_14-40-36 [http-nio-8400-exec-1] INFO  c.c.a.service.JwtUserDetailsService - User found
2021-06-09_14-40-36 [http-nio-8400-exec-1] INFO  c.c.a.service.JwtUserDetailsService - user successfully located
2021-06-09_14-40-36 [http-nio-8400-exec-4] INFO  c.c.a.service.JwtUserDetailsService - User found
2021-06-09_14-40-36 [http-nio-8400-exec-4] INFO  c.c.a.service.JwtUserDetailsService - user successfully located
2021-06-09_14-40-36 [http-nio-8400-exec-6] INFO  c.c.a.service.JwtUserDetailsService - User found
2021-06-09_14-40-36 [http-nio-8400-exec-6] INFO  c.c.a.service.JwtUserDetailsService - user successfully located
2021-06-09_14-40-36 [http-nio-8400-exec-8] INFO  c.c.a.service.JwtUserDetailsService - User found
2021-06-09_14-40-36 [http-nio-8400-exec-8] INFO  c.c.a.service.JwtUserDetailsService - user successfully located
2021-06-09_14-40-36 [http-nio-8400-exec-9] INFO  c.c.a.service.JwtUserDetailsService - User found
2021-06-09_14-40-36 [http-nio-8400-exec-9] INFO  c.c.a.service.JwtUserDetailsService - user successfully located
2021-06-09_14-40-36 [http-nio-8400-exec-2] INFO  c.c.a.service.JwtUserDetailsService - User found
2021-06-09_14-40-36 [http-nio-8400-exec-2] INFO  c.c.a.service.JwtUserDetailsService - user successfully located
2021-06-09_14-40-36 [http-nio-8400-exec-3] INFO  c.c.a.service.JwtUserDetailsService - User found
2021-06-09_14-40-36 [http-nio-8400-exec-3] INFO  c.c.a.service.JwtUserDetailsService - user successfully located
2021-06-09_14-40-36 [http-nio-8400-exec-4] INFO  c.c.a.service.JwtUserDetailsService - User found
2021-06-09_14-40-36 [http-nio-8400-exec-4] INFO  c.c.a.service.JwtUserDetailsService - user successfully located
2021-06-09_14-40-36 [http-nio-8400-exec-5] INFO  c.c.a.service.JwtUserDetailsService - User found
2021-06-09_14-40-36 [http-nio-8400-exec-5] INFO  c.c.a.service.JwtUserDetailsService - user successfully located
2021-06-09_14-40-36 [http-nio-8400-exec-6] INFO  c.c.a.service.JwtUserDetailsService - User found
2021-06-09_14-40-36 [http-nio-8400-exec-6] INFO  c.c.a.service.JwtUserDetailsService - user successfully located
2021-06-09_14-40-36 [http-nio-8400-exec-7] INFO  c.c.a.service.JwtUserDetailsService - User found
2021-06-09_14-40-36 [http-nio-8400-exec-7] INFO  c.c.a.service.JwtUserDetailsService - user successfully located
2021-06-09_14-40-36 [http-nio-8400-exec-9] INFO  c.c.a.service.JwtUserDetailsService - User found
2021-06-09_14-40-36 [http-nio-8400-exec-9] INFO  c.c.a.service.JwtUserDetailsService - user successfully located
2021-06-09_14-40-36 [http-nio-8400-exec-2] INFO  c.c.a.service.JwtUserDetailsService - User found
2021-06-09_14-40-36 [http-nio-8400-exec-2] INFO  c.c.a.service.JwtUserDetailsService - user successfully located
2021-06-09_14-40-36 [http-nio-8400-exec-3] INFO  c.c.a.service.JwtUserDetailsService - User found
2021-06-09_14-40-36 [http-nio-8400-exec-3] INFO  c.c.a.service.JwtUserDetailsService - user successfully located
2021-06-09_14-40-36 [http-nio-8400-exec-7] INFO  c.c.a.service.JwtUserDetailsService - User found
2021-06-09_14-40-36 [http-nio-8400-exec-7] INFO  c.c.a.service.JwtUserDetailsService - user successfully located
2021-06-09_14-40-36 [http-nio-8400-exec-7] INFO  c.c.a.service.JwtUserDetailsService - User found
2021-06-09_14-40-36 [http-nio-8400-exec-7] INFO  c.c.a.service.JwtUserDetailsService - user successfully located
2021-06-09_14-40-36 [http-nio-8400-exec-8] INFO  c.c.a.service.JwtUserDetailsService - User found
2021-06-09_14-40-36 [http-nio-8400-exec-8] INFO  c.c.a.service.JwtUserDetailsService - user successfully located
2021-06-09_14-40-36 [http-nio-8400-exec-2] INFO  c.c.a.service.JwtUserDetailsService - User found
2021-06-09_14-40-36 [http-nio-8400-exec-2] INFO  c.c.a.service.JwtUserDetailsService - user successfully located
2021-06-09_14-40-36 [http-nio-8400-exec-3] INFO  c.c.a.service.JwtUserDetailsService - User found
2021-06-09_14-40-36 [http-nio-8400-exec-3] INFO  c.c.a.service.JwtUserDetailsService - user successfully located
2021-06-09_14-40-36 [http-nio-8400-exec-5] INFO  c.c.a.service.JwtUserDetailsService - User found
2021-06-09_14-40-36 [http-nio-8400-exec-5] INFO  c.c.a.service.JwtUserDetailsService - user successfully located
2021-06-09_14-40-36 [http-nio-8400-exec-6] INFO  c.c.a.service.JwtUserDetailsService - User found
2021-06-09_14-40-36 [http-nio-8400-exec-6] INFO  c.c.a.service.JwtUserDetailsService - user successfully located
2021-06-09_14-40-36 [http-nio-8400-exec-8] INFO  c.c.a.service.JwtUserDetailsService - User found
2021-06-09_14-40-36 [http-nio-8400-exec-8] INFO  c.c.a.service.JwtUserDetailsService - user successfully located
2021-06-09_14-40-36 [http-nio-8400-exec-9] INFO  c.c.a.service.JwtUserDetailsService - User found
2021-06-09_14-40-36 [http-nio-8400-exec-9] INFO  c.c.a.service.JwtUserDetailsService - user successfully located
2021-06-09_14-40-36 [http-nio-8400-exec-2] INFO  c.c.a.service.JwtUserDetailsService - User found
2021-06-09_14-40-36 [http-nio-8400-exec-2] INFO  c.c.a.service.JwtUserDetailsService - user successfully located
2021-06-09_14-40-36 [http-nio-8400-exec-1] INFO  c.c.a.service.JwtUserDetailsService - User found
2021-06-09_14-40-36 [http-nio-8400-exec-1] INFO  c.c.a.service.JwtUserDetailsService - user successfully located
2021-06-09_14-40-36 [http-nio-8400-exec-3] INFO  c.c.a.service.JwtUserDetailsService - User found
2021-06-09_14-40-36 [http-nio-8400-exec-3] INFO  c.c.a.service.JwtUserDetailsService - user successfully located
2021-06-09_14-40-36 [http-nio-8400-exec-7] INFO  c.c.a.service.JwtUserDetailsService - User found
2021-06-09_14-40-36 [http-nio-8400-exec-7] INFO  c.c.a.service.JwtUserDetailsService - user successfully located
2021-06-09_14-40-36 [http-nio-8400-exec-7] INFO  c.c.a.service.JwtUserDetailsService - User found
2021-06-09_14-40-36 [http-nio-8400-exec-7] INFO  c.c.a.service.JwtUserDetailsService - user successfully located
2021-06-09_14-40-36 [http-nio-8400-exec-9] INFO  c.c.a.service.JwtUserDetailsService - User found
2021-06-09_14-40-36 [http-nio-8400-exec-9] INFO  c.c.a.service.JwtUserDetailsService - user successfully located
2021-06-09_14-40-36 [http-nio-8400-exec-9] INFO  c.c.a.service.JwtUserDetailsService - User found
2021-06-09_14-40-36 [http-nio-8400-exec-9] INFO  c.c.a.service.JwtUserDetailsService - user successfully located
2021-06-09_14-40-36 [http-nio-8400-exec-10] INFO  c.c.a.service.JwtUserDetailsService - User found
2021-06-09_14-40-36 [http-nio-8400-exec-10] INFO  c.c.a.service.JwtUserDetailsService - user successfully located
2021-06-09_14-40-36 [http-nio-8400-exec-5] INFO  c.c.a.service.JwtUserDetailsService - User found
2021-06-09_14-40-36 [http-nio-8400-exec-5] INFO  c.c.a.service.JwtUserDetailsService - user successfully located
2021-06-09_14-40-36 [http-nio-8400-exec-5] INFO  c.c.a.service.JwtUserDetailsService - User found
2021-06-09_14-40-36 [http-nio-8400-exec-5] INFO  c.c.a.service.JwtUserDetailsService - user successfully located
2021-06-09_14-40-36 [http-nio-8400-exec-6] INFO  c.c.a.service.JwtUserDetailsService - User found
2021-06-09_14-40-36 [http-nio-8400-exec-6] INFO  c.c.a.service.JwtUserDetailsService - user successfully located
2021-06-09_14-40-36 [http-nio-8400-exec-7] INFO  c.c.a.service.JwtUserDetailsService - User found
2021-06-09_14-40-36 [http-nio-8400-exec-7] INFO  c.c.a.service.JwtUserDetailsService - user successfully located
2021-06-09_14-40-36 [http-nio-8400-exec-8] INFO  c.c.a.service.JwtUserDetailsService - User found
2021-06-09_14-40-36 [http-nio-8400-exec-8] INFO  c.c.a.service.JwtUserDetailsService - user successfully located
2021-06-09_14-40-36 [http-nio-8400-exec-9] INFO  c.c.a.service.JwtUserDetailsService - User found
2021-06-09_14-40-36 [http-nio-8400-exec-9] INFO  c.c.a.service.JwtUserDetailsService - user successfully located
2021-06-09_14-40-36 [http-nio-8400-exec-1] INFO  c.c.a.service.JwtUserDetailsService - User found
2021-06-09_14-40-36 [http-nio-8400-exec-1] INFO  c.c.a.service.JwtUserDetailsService - user successfully located
2021-06-09_14-40-36 [http-nio-8400-exec-3] INFO  c.c.a.service.JwtUserDetailsService - User found
2021-06-09_14-40-36 [http-nio-8400-exec-3] INFO  c.c.a.service.JwtUserDetailsService - user successfully located
2021-06-09_14-40-36 [http-nio-8400-exec-4] INFO  c.c.a.service.JwtUserDetailsService - User found
2021-06-09_14-40-36 [http-nio-8400-exec-4] INFO  c.c.a.service.JwtUserDetailsService - user successfully located
2021-06-09_14-40-36 [http-nio-8400-exec-5] INFO  c.c.a.service.JwtUserDetailsService - User found
2021-06-09_14-40-36 [http-nio-8400-exec-5] INFO  c.c.a.service.JwtUserDetailsService - user successfully located
2021-06-09_14-40-36 [http-nio-8400-exec-6] INFO  c.c.a.service.JwtUserDetailsService - User found
2021-06-09_14-40-36 [http-nio-8400-exec-6] INFO  c.c.a.service.JwtUserDetailsService - user successfully located
2021-06-09_14-40-36 [http-nio-8400-exec-7] INFO  c.c.a.service.JwtUserDetailsService - User found
2021-06-09_14-40-36 [http-nio-8400-exec-7] INFO  c.c.a.service.JwtUserDetailsService - user successfully located
2021-06-09_14-40-36 [http-nio-8400-exec-8] INFO  c.c.a.service.JwtUserDetailsService - User found
2021-06-09_14-40-36 [http-nio-8400-exec-8] INFO  c.c.a.service.JwtUserDetailsService - user successfully located
2021-06-09_14-40-36 [http-nio-8400-exec-9] INFO  c.c.a.service.JwtUserDetailsService - User found
2021-06-09_14-40-36 [http-nio-8400-exec-9] INFO  c.c.a.service.JwtUserDetailsService - user successfully located
2021-06-09_14-40-36 [http-nio-8400-exec-10] INFO  c.c.a.service.JwtUserDetailsService - User found
2021-06-09_14-40-36 [http-nio-8400-exec-10] INFO  c.c.a.service.JwtUserDetailsService - user successfully located
2021-06-09_14-40-36 [http-nio-8400-exec-2] INFO  c.c.a.service.JwtUserDetailsService - User found
2021-06-09_14-40-36 [http-nio-8400-exec-2] INFO  c.c.a.service.JwtUserDetailsService - user successfully located
2021-06-09_14-40-36 [http-nio-8400-exec-1] INFO  c.c.a.service.JwtUserDetailsService - User found
2021-06-09_14-40-36 [http-nio-8400-exec-1] INFO  c.c.a.service.JwtUserDetailsService - user successfully located
2021-06-09_14-40-36 [http-nio-8400-exec-3] INFO  c.c.a.service.JwtUserDetailsService - User found
2021-06-09_14-40-36 [http-nio-8400-exec-3] INFO  c.c.a.service.JwtUserDetailsService - user successfully located
2021-06-09_14-40-36 [http-nio-8400-exec-4] INFO  c.c.a.service.JwtUserDetailsService - User found
2021-06-09_14-40-36 [http-nio-8400-exec-4] INFO  c.c.a.service.JwtUserDetailsService - user successfully located
2021-06-09_14-40-36 [http-nio-8400-exec-5] INFO  c.c.a.service.JwtUserDetailsService - User found
2021-06-09_14-40-36 [http-nio-8400-exec-5] INFO  c.c.a.service.JwtUserDetailsService - user successfully located
2021-06-09_14-40-36 [http-nio-8400-exec-6] INFO  c.c.a.service.JwtUserDetailsService - User found
2021-06-09_14-40-36 [http-nio-8400-exec-6] INFO  c.c.a.service.JwtUserDetailsService - user successfully located
2021-06-09_14-40-36 [http-nio-8400-exec-7] INFO  c.c.a.service.JwtUserDetailsService - User found
2021-06-09_14-40-36 [http-nio-8400-exec-7] INFO  c.c.a.service.JwtUserDetailsService - user successfully located
2021-06-09_14-40-36 [http-nio-8400-exec-8] INFO  c.c.a.service.JwtUserDetailsService - User found
2021-06-09_14-40-36 [http-nio-8400-exec-8] INFO  c.c.a.service.JwtUserDetailsService - user successfully located
2021-06-09_14-40-36 [http-nio-8400-exec-9] INFO  c.c.a.service.JwtUserDetailsService - User found
2021-06-09_14-40-36 [http-nio-8400-exec-9] INFO  c.c.a.service.JwtUserDetailsService - user successfully located
2021-06-09_14-40-36 [http-nio-8400-exec-10] INFO  c.c.a.service.JwtUserDetailsService - User found
2021-06-09_14-40-36 [http-nio-8400-exec-10] INFO  c.c.a.service.JwtUserDetailsService - user successfully located
2021-06-09_14-40-36 [http-nio-8400-exec-2] INFO  c.c.a.service.JwtUserDetailsService - User found
2021-06-09_14-40-36 [http-nio-8400-exec-2] INFO  c.c.a.service.JwtUserDetailsService - user successfully located
2021-06-09_14-40-36 [http-nio-8400-exec-1] INFO  c.c.a.service.JwtUserDetailsService - User found
2021-06-09_14-40-36 [http-nio-8400-exec-1] INFO  c.c.a.service.JwtUserDetailsService - user successfully located
2021-06-09_14-40-36 [http-nio-8400-exec-3] INFO  c.c.a.service.JwtUserDetailsService - User found
2021-06-09_14-40-36 [http-nio-8400-exec-3] INFO  c.c.a.service.JwtUserDetailsService - user successfully located
2021-06-09_14-40-36 [http-nio-8400-exec-5] INFO  c.c.a.service.JwtUserDetailsService - User found
2021-06-09_14-40-36 [http-nio-8400-exec-5] INFO  c.c.a.service.JwtUserDetailsService - user successfully located
2021-06-09_14-40-36 [http-nio-8400-exec-6] INFO  c.c.a.service.JwtUserDetailsService - User found
2021-06-09_14-40-36 [http-nio-8400-exec-6] INFO  c.c.a.service.JwtUserDetailsService - user successfully located
2021-06-09_14-40-36 [http-nio-8400-exec-7] INFO  c.c.a.service.JwtUserDetailsService - User found
2021-06-09_14-40-36 [http-nio-8400-exec-7] INFO  c.c.a.service.JwtUserDetailsService - user successfully located
2021-06-09_14-40-36 [http-nio-8400-exec-9] INFO  c.c.a.service.JwtUserDetailsService - User found
2021-06-09_14-40-36 [http-nio-8400-exec-9] INFO  c.c.a.service.JwtUserDetailsService - user successfully located
2021-06-09_14-40-36 [http-nio-8400-exec-10] INFO  c.c.a.service.JwtUserDetailsService - User found
2021-06-09_14-40-36 [http-nio-8400-exec-10] INFO  c.c.a.service.JwtUserDetailsService - user successfully located
2021-06-09_14-40-36 [http-nio-8400-exec-2] INFO  c.c.a.service.JwtUserDetailsService - User found
2021-06-09_14-40-36 [http-nio-8400-exec-2] INFO  c.c.a.service.JwtUserDetailsService - user successfully located
2021-06-09_14-40-36 [http-nio-8400-exec-1] INFO  c.c.a.service.JwtUserDetailsService - User found
2021-06-09_14-40-36 [http-nio-8400-exec-1] INFO  c.c.a.service.JwtUserDetailsService - user successfully located
2021-06-09_14-40-36 [http-nio-8400-exec-4] INFO  c.c.a.service.JwtUserDetailsService - User found
2021-06-09_14-40-36 [http-nio-8400-exec-4] INFO  c.c.a.service.JwtUserDetailsService - user successfully located
2021-06-09_14-40-36 [http-nio-8400-exec-5] INFO  c.c.a.service.JwtUserDetailsService - User found
2021-06-09_14-40-36 [http-nio-8400-exec-5] INFO  c.c.a.service.JwtUserDetailsService - user successfully located
2021-06-09_14-40-36 [http-nio-8400-exec-6] INFO  c.c.a.service.JwtUserDetailsService - User found
2021-06-09_14-40-36 [http-nio-8400-exec-6] INFO  c.c.a.service.JwtUserDetailsService - user successfully located
2021-06-09_14-40-36 [http-nio-8400-exec-7] INFO  c.c.a.service.JwtUserDetailsService - User found
2021-06-09_14-40-36 [http-nio-8400-exec-7] INFO  c.c.a.service.JwtUserDetailsService - user successfully located
2021-06-09_14-40-36 [http-nio-8400-exec-9] INFO  c.c.a.service.JwtUserDetailsService - User found
2021-06-09_14-40-36 [http-nio-8400-exec-9] INFO  c.c.a.service.JwtUserDetailsService - user successfully located
2021-06-09_14-40-36 [http-nio-8400-exec-10] INFO  c.c.a.service.JwtUserDetailsService - User found
2021-06-09_14-40-36 [http-nio-8400-exec-10] INFO  c.c.a.service.JwtUserDetailsService - user successfully located
2021-06-09_14-40-36 [http-nio-8400-exec-2] INFO  c.c.a.service.JwtUserDetailsService - User found
2021-06-09_14-40-36 [http-nio-8400-exec-2] INFO  c.c.a.service.JwtUserDetailsService - user successfully located
2021-06-09_14-40-36 [http-nio-8400-exec-1] INFO  c.c.a.service.JwtUserDetailsService - User found
2021-06-09_14-40-36 [http-nio-8400-exec-1] INFO  c.c.a.service.JwtUserDetailsService - user successfully located
2021-06-09_14-40-36 [http-nio-8400-exec-3] INFO  c.c.a.service.JwtUserDetailsService - User found
2021-06-09_14-40-36 [http-nio-8400-exec-3] INFO  c.c.a.service.JwtUserDetailsService - user successfully located
2021-06-09_14-40-36 [http-nio-8400-exec-6] INFO  c.c.a.service.JwtUserDetailsService - User found
2021-06-09_14-40-36 [http-nio-8400-exec-6] INFO  c.c.a.service.JwtUserDetailsService - user successfully located
2021-06-09_14-40-36 [http-nio-8400-exec-6] INFO  c.c.a.service.JwtUserDetailsService - User found
2021-06-09_14-40-36 [http-nio-8400-exec-6] INFO  c.c.a.service.JwtUserDetailsService - user successfully located
2021-06-09_14-40-36 [http-nio-8400-exec-9] INFO  c.c.a.service.JwtUserDetailsService - User found
2021-06-09_14-40-36 [http-nio-8400-exec-9] INFO  c.c.a.service.JwtUserDetailsService - user successfully located
2021-06-09_14-40-36 [http-nio-8400-exec-2] INFO  c.c.a.service.JwtUserDetailsService - User found
2021-06-09_14-40-36 [http-nio-8400-exec-2] INFO  c.c.a.service.JwtUserDetailsService - user successfully located
2021-06-09_14-40-36 [http-nio-8400-exec-3] INFO  c.c.a.service.JwtUserDetailsService - User found
2021-06-09_14-40-36 [http-nio-8400-exec-3] INFO  c.c.a.service.JwtUserDetailsService - user successfully located
2021-06-09_14-40-36 [http-nio-8400-exec-4] INFO  c.c.a.service.JwtUserDetailsService - User found
2021-06-09_14-40-36 [http-nio-8400-exec-4] INFO  c.c.a.service.JwtUserDetailsService - user successfully located
2021-06-09_14-40-36 [RMI TCP Connection(150)-127.0.0.1] INFO  o.s.b.a.SpringApplicationAdminMXBeanRegistrar$SpringApplicationAdmin - Application shutdown requested.
2021-06-09_14-40-36 [RMI TCP Connection(150)-127.0.0.1] INFO  o.s.s.c.ThreadPoolTaskExecutor - Shutting down ExecutorService 'applicationTaskExecutor'
2021-06-09_14-40-36 [RMI TCP Connection(150)-127.0.0.1] INFO  o.s.o.j.LocalContainerEntityManagerFactoryBean - Closing JPA EntityManagerFactory for persistence unit 'default'
2021-06-09_14-40-36 [RMI TCP Connection(150)-127.0.0.1] INFO  com.zaxxer.hikari.HikariDataSource - HikariPool-1 - Shutdown initiated...
2021-06-09_14-40-36 [RMI TCP Connection(150)-127.0.0.1] INFO  com.zaxxer.hikari.HikariDataSource - HikariPool-1 - Shutdown completed.
2021-06-09_18-31-01 [restartedMain] INFO  c.c.a.AuthorizatiionMicroserviceApplication - Starting AuthorizatiionMicroserviceApplication using Java 15.0.2 on DESKTOP-SLDQ587 with PID 19952 (C:\Users\Vishesh\eclipse-workspace3\CDE-Project-International-Patients-treatment-management\CDE-Project-International-Patients-treatment-management\Authorizatiion-Microservice\target\classes started by Vishesh in C:\Users\Vishesh\eclipse-workspace3\CDE-Project-International-Patients-treatment-management\CDE-Project-International-Patients-treatment-management\Authorizatiion-Microservice)
2021-06-09_18-31-01 [restartedMain] INFO  c.c.a.AuthorizatiionMicroserviceApplication - No active profile set, falling back to default profiles: default
2021-06-09_18-31-01 [restartedMain] INFO  o.s.b.d.e.DevToolsPropertyDefaultsPostProcessor - Devtools property defaults active! Set 'spring.devtools.add-properties' to 'false' to disable
2021-06-09_18-31-01 [restartedMain] INFO  o.s.b.d.e.DevToolsPropertyDefaultsPostProcessor - For additional web related logging consider setting the 'logging.level.web' property to 'DEBUG'
2021-06-09_18-31-01 [restartedMain] INFO  o.s.d.r.c.RepositoryConfigurationDelegate - Bootstrapping Spring Data JPA repositories in DEFAULT mode.
2021-06-09_18-31-01 [restartedMain] INFO  o.s.d.r.c.RepositoryConfigurationDelegate - Finished Spring Data repository scanning in 122 ms. Found 1 JPA repository interfaces.
2021-06-09_18-31-01 [restartedMain] INFO  o.s.cloud.context.scope.GenericScope - BeanFactory id=bc835a7b-e37d-385d-8407-3a426b879bd3
2021-06-09_18-31-01 [restartedMain] INFO  o.s.b.w.e.tomcat.TomcatWebServer - Tomcat initialized with port(s): 8400 (http)
2021-06-09_18-31-01 [restartedMain] INFO  o.a.coyote.http11.Http11NioProtocol - Initializing ProtocolHandler ["http-nio-8400"]
2021-06-09_18-31-01 [restartedMain] INFO  o.a.catalina.core.StandardService - Starting service [Tomcat]
2021-06-09_18-31-01 [restartedMain] INFO  o.a.catalina.core.StandardEngine - Starting Servlet engine: [Apache Tomcat/9.0.41]
2021-06-09_18-31-01 [restartedMain] INFO  o.a.c.c.C.[.[localhost].[/auth] - Initializing Spring embedded WebApplicationContext
2021-06-09_18-31-01 [restartedMain] INFO  o.s.b.w.s.c.ServletWebServerApplicationContext - Root WebApplicationContext: initialization completed in 6367 ms
2021-06-09_18-31-01 [restartedMain] INFO  o.h.jpa.internal.util.LogHelper - HHH000204: Processing PersistenceUnitInfo [name: default]
2021-06-09_18-31-01 [restartedMain] INFO  org.hibernate.Version - HHH000412: Hibernate ORM core version 5.4.27.Final
2021-06-09_18-31-01 [restartedMain] INFO  o.h.annotations.common.Version - HCANN000001: Hibernate Commons Annotations {5.1.2.Final}
2021-06-09_18-31-01 [restartedMain] INFO  com.zaxxer.hikari.HikariDataSource - HikariPool-1 - Starting...
2021-06-09_18-31-01 [restartedMain] INFO  com.zaxxer.hikari.HikariDataSource - HikariPool-1 - Start completed.
2021-06-09_18-31-01 [restartedMain] INFO  org.hibernate.dialect.Dialect - HHH000400: Using dialect: org.hibernate.dialect.MySQL8Dialect
2021-06-09_18-31-01 [restartedMain] INFO  o.h.e.t.j.p.i.JtaPlatformInitiator - HHH000490: Using JtaPlatform implementation: [org.hibernate.engine.transaction.jta.platform.internal.NoJtaPlatform]
2021-06-09_18-31-01 [restartedMain] INFO  o.s.o.j.LocalContainerEntityManagerFactoryBean - Initialized JPA EntityManagerFactory for persistence unit 'default'
2021-06-09_18-31-01 [restartedMain] INFO  s.d.s.w.PropertySourcedRequestMappingHandlerMapping - Mapped URL path [/v2/api-docs] onto method [springfox.documentation.swagger2.web.Swagger2Controller#getDocumentation(String, HttpServletRequest)]
2021-06-09_18-31-01 [restartedMain] INFO  o.s.s.web.DefaultSecurityFilterChain - Will secure any request with [org.springframework.security.web.context.request.async.WebAsyncManagerIntegrationFilter@3a508eab, org.springframework.security.web.context.SecurityContextPersistenceFilter@3501ebb1, org.springframework.security.web.header.HeaderWriterFilter@241d82f5, org.springframework.security.web.authentication.logout.LogoutFilter@6603bf3f, com.cts.authorization.config.JwtRequestFilter@6e6d2baa, org.springframework.security.web.savedrequest.RequestCacheAwareFilter@71fc485d, org.springframework.security.web.servletapi.SecurityContextHolderAwareRequestFilter@72a01aad, org.springframework.security.web.authentication.AnonymousAuthenticationFilter@61a28dae, org.springframework.security.web.session.SessionManagementFilter@383c24d2, org.springframework.security.web.access.ExceptionTranslationFilter@188ff00f, org.springframework.security.web.access.intercept.FilterSecurityInterceptor@1dc074fe]
2021-06-09_18-31-01 [restartedMain] INFO  o.s.s.c.ThreadPoolTaskExecutor - Initializing ExecutorService 'applicationTaskExecutor'
2021-06-09_18-31-01 [restartedMain] INFO  o.a.coyote.http11.Http11NioProtocol - Starting ProtocolHandler ["http-nio-8400"]
2021-06-09_18-31-01 [restartedMain] INFO  o.s.b.w.e.tomcat.TomcatWebServer - Tomcat started on port(s): 8400 (http) with context path '/auth'
2021-06-09_18-31-01 [restartedMain] INFO  s.d.s.w.p.DocumentationPluginsBootstrapper - Context refreshed
2021-06-09_18-31-01 [restartedMain] INFO  s.d.s.w.p.DocumentationPluginsBootstrapper - Found 1 custom documentation plugin(s)
2021-06-09_18-31-01 [restartedMain] INFO  s.d.s.w.s.ApiListingReferenceScanner - Scanning for api listing references
2021-06-09_18-31-01 [restartedMain] INFO  c.c.a.AuthorizatiionMicroserviceApplication - Started AuthorizatiionMicroserviceApplication in 18.071 seconds (JVM running for 19.965)
2021-06-09_18-31-01 [http-nio-8400-exec-1] INFO  o.a.c.c.C.[.[localhost].[/auth] - Initializing Spring DispatcherServlet 'dispatcherServlet'
2021-06-09_18-31-01 [http-nio-8400-exec-1] INFO  o.s.web.servlet.DispatcherServlet - Initializing Servlet 'dispatcherServlet'
2021-06-09_18-31-01 [http-nio-8400-exec-1] INFO  o.s.web.servlet.DispatcherServlet - Completed initialization in 2 ms
2021-06-09_18-31-01 [http-nio-8400-exec-1] INFO  c.c.a.service.JwtUserDetailsService - User found
2021-06-09_18-31-01 [http-nio-8400-exec-1] INFO  c.c.a.service.JwtUserDetailsService - user successfully located
2021-06-09_18-31-01 [http-nio-8400-exec-1] INFO  c.c.a.service.JwtUserDetailsService - User found
2021-06-09_18-31-01 [http-nio-8400-exec-1] INFO  c.c.a.service.JwtUserDetailsService - user successfully located
2021-06-09_18-31-01 [http-nio-8400-exec-4] INFO  c.c.a.service.JwtUserDetailsService - User found
2021-06-09_18-31-01 [http-nio-8400-exec-4] INFO  c.c.a.service.JwtUserDetailsService - user successfully located
2021-06-09_18-31-01 [http-nio-8400-exec-4] INFO  c.c.a.service.JwtUserDetailsService - User found
2021-06-09_18-31-01 [http-nio-8400-exec-4] INFO  c.c.a.service.JwtUserDetailsService - user successfully located
2021-06-09_18-31-01 [http-nio-8400-exec-3] INFO  c.c.a.service.JwtUserDetailsService - User found
2021-06-09_18-31-01 [http-nio-8400-exec-3] INFO  c.c.a.service.JwtUserDetailsService - user successfully located
2021-06-09_18-31-01 [RMI TCP Connection(30)-127.0.0.1] INFO  o.s.b.a.SpringApplicationAdminMXBeanRegistrar$SpringApplicationAdmin - Application shutdown requested.
2021-06-09_18-31-01 [RMI TCP Connection(30)-127.0.0.1] INFO  o.s.s.c.ThreadPoolTaskExecutor - Shutting down ExecutorService 'applicationTaskExecutor'
2021-06-09_18-31-01 [RMI TCP Connection(30)-127.0.0.1] INFO  o.s.o.j.LocalContainerEntityManagerFactoryBean - Closing JPA EntityManagerFactory for persistence unit 'default'
2021-06-09_18-31-01 [RMI TCP Connection(30)-127.0.0.1] INFO  com.zaxxer.hikari.HikariDataSource - HikariPool-1 - Shutdown initiated...
2021-06-09_18-31-01 [RMI TCP Connection(30)-127.0.0.1] INFO  com.zaxxer.hikari.HikariDataSource - HikariPool-1 - Shutdown completed.
