2021-08-08_22-01-23 [http-nio-9001-exec-1] INFO  c.c.a.service.JwtUserDetailsService - User found
2021-08-08_22-01-23 [http-nio-9001-exec-1] INFO  c.c.a.service.JwtUserDetailsService - user successfully located
2021-08-08_22-01-23 [http-nio-9001-exec-1] INFO  c.c.a.service.JwtUserDetailsService - User found
2021-08-08_22-01-23 [http-nio-9001-exec-1] INFO  c.c.a.service.JwtUserDetailsService - user successfully located
2021-08-08_22-01-23 [http-nio-9001-exec-3] INFO  c.c.a.service.JwtUserDetailsService - User found
2021-08-08_22-01-23 [http-nio-9001-exec-3] INFO  c.c.a.service.JwtUserDetailsService - user successfully located
2021-08-08_22-01-23 [http-nio-9001-exec-4] INFO  c.c.a.service.JwtUserDetailsService - User found
2021-08-08_22-01-23 [http-nio-9001-exec-4] INFO  c.c.a.service.JwtUserDetailsService - user successfully located
2021-08-08_22-01-23 [http-nio-9001-exec-6] INFO  c.c.a.service.JwtUserDetailsService - User found
2021-08-08_22-01-23 [http-nio-9001-exec-6] INFO  c.c.a.service.JwtUserDetailsService - user successfully located
2021-08-08_22-01-23 [http-nio-9001-exec-6] INFO  c.c.a.service.JwtUserDetailsService - User found
2021-08-08_22-01-23 [http-nio-9001-exec-6] INFO  c.c.a.service.JwtUserDetailsService - user successfully located
2021-08-08_22-01-23 [http-nio-9001-exec-5] INFO  c.c.a.service.JwtUserDetailsService - User found
2021-08-08_22-01-23 [http-nio-9001-exec-5] INFO  c.c.a.service.JwtUserDetailsService - user successfully located
2021-08-08_22-01-23 [http-nio-9001-exec-8] INFO  c.c.a.service.JwtUserDetailsService - User found
2021-08-08_22-01-23 [http-nio-9001-exec-8] INFO  c.c.a.service.JwtUserDetailsService - user successfully located
2021-08-08_22-01-23 [http-nio-9001-exec-7] INFO  c.c.a.service.JwtUserDetailsService - User found
2021-08-08_22-01-23 [http-nio-9001-exec-7] INFO  c.c.a.service.JwtUserDetailsService - user successfully located
2021-08-08_22-01-23 [http-nio-9001-exec-9] INFO  c.c.a.service.JwtUserDetailsService - User found
2021-08-08_22-01-23 [http-nio-9001-exec-9] INFO  c.c.a.service.JwtUserDetailsService - user successfully located
2021-08-08_22-01-23 [http-nio-9001-exec-10] INFO  c.c.a.service.JwtUserDetailsService - User found
2021-08-08_22-01-23 [http-nio-9001-exec-10] INFO  c.c.a.service.JwtUserDetailsService - user successfully located
2021-08-08_22-01-23 [http-nio-9001-exec-1] INFO  c.c.a.service.JwtUserDetailsService - User found
2021-08-08_22-01-23 [http-nio-9001-exec-1] INFO  c.c.a.service.JwtUserDetailsService - user successfully located
2021-08-08_22-01-23 [http-nio-9001-exec-2] INFO  c.c.a.service.JwtUserDetailsService - User found
2021-08-08_22-01-23 [http-nio-9001-exec-2] INFO  c.c.a.service.JwtUserDetailsService - user successfully located
2021-08-08_22-01-23 [http-nio-9001-exec-3] INFO  c.c.a.service.JwtUserDetailsService - User found
2021-08-08_22-01-23 [http-nio-9001-exec-3] INFO  c.c.a.service.JwtUserDetailsService - user successfully located
2021-08-08_22-01-23 [http-nio-9001-exec-4] INFO  c.c.a.service.JwtUserDetailsService - User found
2021-08-08_22-01-23 [http-nio-9001-exec-4] INFO  c.c.a.service.JwtUserDetailsService - user successfully located
2021-08-08_22-01-23 [http-nio-9001-exec-6] INFO  c.c.a.service.JwtUserDetailsService - User found
2021-08-08_22-01-23 [http-nio-9001-exec-6] INFO  c.c.a.service.JwtUserDetailsService - user successfully located
2021-08-08_22-01-23 [http-nio-9001-exec-5] INFO  c.c.a.service.JwtUserDetailsService - User found
2021-08-08_22-01-23 [http-nio-9001-exec-5] INFO  c.c.a.service.JwtUserDetailsService - user successfully located
2021-08-08_22-01-23 [http-nio-9001-exec-8] INFO  c.c.a.service.JwtUserDetailsService - User found
2021-08-08_22-01-23 [http-nio-9001-exec-8] INFO  c.c.a.service.JwtUserDetailsService - user successfully located
2021-08-08_22-01-23 [http-nio-9001-exec-7] INFO  c.c.a.service.JwtUserDetailsService - User found
2021-08-08_22-01-23 [http-nio-9001-exec-7] INFO  c.c.a.service.JwtUserDetailsService - user successfully located
2021-08-08_22-01-23 [http-nio-9001-exec-9] INFO  c.c.a.service.JwtUserDetailsService - User found
2021-08-08_22-01-23 [http-nio-9001-exec-9] INFO  c.c.a.service.JwtUserDetailsService - user successfully located
2021-08-08_22-01-23 [http-nio-9001-exec-10] INFO  c.c.a.service.JwtUserDetailsService - User found
2021-08-08_22-01-23 [http-nio-9001-exec-10] INFO  c.c.a.service.JwtUserDetailsService - user successfully located
2021-08-08_22-01-23 [http-nio-9001-exec-1] INFO  c.c.a.service.JwtUserDetailsService - User found
2021-08-08_22-01-23 [http-nio-9001-exec-1] INFO  c.c.a.service.JwtUserDetailsService - user successfully located
2021-08-08_22-01-23 [http-nio-9001-exec-2] INFO  c.c.a.service.JwtUserDetailsService - User found
2021-08-08_22-01-23 [http-nio-9001-exec-2] INFO  c.c.a.service.JwtUserDetailsService - user successfully located
2021-08-08_22-01-23 [http-nio-9001-exec-5] INFO  c.c.a.service.JwtUserDetailsService - User found
2021-08-08_22-01-23 [http-nio-9001-exec-5] INFO  c.c.a.service.JwtUserDetailsService - user successfully located
2021-08-08_22-01-23 [http-nio-9001-exec-5] INFO  c.c.a.service.JwtUserDetailsService - User found
2021-08-08_22-01-23 [http-nio-9001-exec-5] INFO  c.c.a.service.JwtUserDetailsService - user successfully located
2021-08-08_22-01-23 [RMI TCP Connection(159)-127.0.0.1] INFO  o.s.b.a.SpringApplicationAdminMXBeanRegistrar$SpringApplicationAdmin - Application shutdown requested.
2021-08-08_22-01-23 [RMI TCP Connection(159)-127.0.0.1] INFO  o.s.s.c.ThreadPoolTaskExecutor - Shutting down ExecutorService 'applicationTaskExecutor'
2021-08-08_22-01-23 [RMI TCP Connection(159)-127.0.0.1] INFO  o.s.o.j.LocalContainerEntityManagerFactoryBean - Closing JPA EntityManagerFactory for persistence unit 'default'
2021-08-08_22-01-23 [RMI TCP Connection(159)-127.0.0.1] INFO  com.zaxxer.hikari.HikariDataSource - HikariPool-5 - Shutdown initiated...
2021-08-08_22-01-23 [RMI TCP Connection(159)-127.0.0.1] INFO  com.zaxxer.hikari.HikariDataSource - HikariPool-5 - Shutdown completed.
2021-08-09_09-44-25 [restartedMain] INFO  c.c.a.AuthorizatiionMicroserviceApplication - Starting AuthorizatiionMicroserviceApplication using Java 15.0.2 on LAPTOP-4U00OKKL with PID 19760 (H:\BOOKS\CTS\Courses\Banking Project\Authorizatiion-Microservice\target\classes started by harsh in H:\BOOKS\CTS\Courses\Banking Project\Authorizatiion-Microservice)
2021-08-09_09-44-25 [restartedMain] INFO  c.c.a.AuthorizatiionMicroserviceApplication - No active profile set, falling back to default profiles: default
2021-08-09_09-44-25 [restartedMain] INFO  o.s.b.d.e.DevToolsPropertyDefaultsPostProcessor - Devtools property defaults active! Set 'spring.devtools.add-properties' to 'false' to disable
2021-08-09_09-44-25 [restartedMain] INFO  o.s.b.d.e.DevToolsPropertyDefaultsPostProcessor - For additional web related logging consider setting the 'logging.level.web' property to 'DEBUG'
2021-08-09_09-44-25 [restartedMain] INFO  o.s.d.r.c.RepositoryConfigurationDelegate - Bootstrapping Spring Data JPA repositories in DEFAULT mode.
2021-08-09_09-44-25 [restartedMain] INFO  o.s.d.r.c.RepositoryConfigurationDelegate - Finished Spring Data repository scanning in 53 ms. Found 1 JPA repository interfaces.
2021-08-09_09-44-25 [restartedMain] INFO  o.s.cloud.context.scope.GenericScope - BeanFactory id=bc835a7b-e37d-385d-8407-3a426b879bd3
2021-08-09_09-44-25 [restartedMain] INFO  o.s.b.w.e.tomcat.TomcatWebServer - Tomcat initialized with port(s): 9001 (http)
2021-08-09_09-44-25 [restartedMain] INFO  o.a.coyote.http11.Http11NioProtocol - Initializing ProtocolHandler ["http-nio-9001"]
2021-08-09_09-44-25 [restartedMain] INFO  o.a.catalina.core.StandardService - Starting service [Tomcat]
2021-08-09_09-44-25 [restartedMain] INFO  o.a.catalina.core.StandardEngine - Starting Servlet engine: [Apache Tomcat/9.0.41]
2021-08-09_09-44-25 [restartedMain] INFO  o.a.c.c.C.[.[localhost].[/auth] - Initializing Spring embedded WebApplicationContext
2021-08-09_09-44-25 [restartedMain] INFO  o.s.b.w.s.c.ServletWebServerApplicationContext - Root WebApplicationContext: initialization completed in 2243 ms
2021-08-09_09-44-25 [restartedMain] INFO  o.h.jpa.internal.util.LogHelper - HHH000204: Processing PersistenceUnitInfo [name: default]
2021-08-09_09-44-25 [restartedMain] INFO  org.hibernate.Version - HHH000412: Hibernate ORM core version 5.4.27.Final
2021-08-09_09-44-25 [restartedMain] INFO  o.h.annotations.common.Version - HCANN000001: Hibernate Commons Annotations {5.1.2.Final}
2021-08-09_09-44-25 [restartedMain] INFO  com.zaxxer.hikari.HikariDataSource - HikariPool-1 - Starting...
2021-08-09_09-44-25 [restartedMain] INFO  com.zaxxer.hikari.HikariDataSource - HikariPool-1 - Start completed.
2021-08-09_09-44-25 [restartedMain] INFO  org.hibernate.dialect.Dialect - HHH000400: Using dialect: org.hibernate.dialect.MySQL8Dialect
2021-08-09_09-44-25 [restartedMain] INFO  o.h.e.t.j.p.i.JtaPlatformInitiator - HHH000490: Using JtaPlatform implementation: [org.hibernate.engine.transaction.jta.platform.internal.NoJtaPlatform]
2021-08-09_09-44-25 [restartedMain] INFO  o.s.o.j.LocalContainerEntityManagerFactoryBean - Initialized JPA EntityManagerFactory for persistence unit 'default'
2021-08-09_09-44-25 [restartedMain] INFO  o.s.b.d.a.OptionalLiveReloadServer - LiveReload server is running on port 35729
2021-08-09_09-44-25 [restartedMain] INFO  s.d.s.w.PropertySourcedRequestMappingHandlerMapping - Mapped URL path [/v2/api-docs] onto method [springfox.documentation.swagger2.web.Swagger2Controller#getDocumentation(String, HttpServletRequest)]
2021-08-09_09-44-25 [restartedMain] INFO  o.s.s.web.DefaultSecurityFilterChain - Will secure any request with [org.springframework.security.web.context.request.async.WebAsyncManagerIntegrationFilter@74a5bc7a, org.springframework.security.web.context.SecurityContextPersistenceFilter@53cd74b5, org.springframework.security.web.header.HeaderWriterFilter@38e4b1e5, org.springframework.security.web.authentication.logout.LogoutFilter@30992047, com.cts.authorization.config.JwtRequestFilter@3771c89e, org.springframework.security.web.savedrequest.RequestCacheAwareFilter@463c98f3, org.springframework.security.web.servletapi.SecurityContextHolderAwareRequestFilter@27717aac, org.springframework.security.web.authentication.AnonymousAuthenticationFilter@e14d644, org.springframework.security.web.session.SessionManagementFilter@6cb520a3, org.springframework.security.web.access.ExceptionTranslationFilter@6010260d, org.springframework.security.web.access.intercept.FilterSecurityInterceptor@2ccd7a6e]
2021-08-09_09-44-25 [restartedMain] INFO  o.s.s.c.ThreadPoolTaskExecutor - Initializing ExecutorService 'applicationTaskExecutor'
2021-08-09_09-44-25 [restartedMain] INFO  o.s.cloud.commons.util.InetUtils - Cannot determine local hostname
2021-08-09_09-44-25 [restartedMain] INFO  o.a.coyote.http11.Http11NioProtocol - Starting ProtocolHandler ["http-nio-9001"]
2021-08-09_09-44-25 [restartedMain] INFO  o.s.b.w.e.tomcat.TomcatWebServer - Tomcat started on port(s): 9001 (http) with context path '/auth'
2021-08-09_09-44-25 [restartedMain] INFO  o.s.cloud.commons.util.InetUtils - Cannot determine local hostname
2021-08-09_09-44-25 [restartedMain] INFO  s.d.s.w.p.DocumentationPluginsBootstrapper - Context refreshed
2021-08-09_09-44-25 [restartedMain] INFO  s.d.s.w.p.DocumentationPluginsBootstrapper - Found 1 custom documentation plugin(s)
2021-08-09_09-44-25 [restartedMain] INFO  s.d.s.w.s.ApiListingReferenceScanner - Scanning for api listing references
2021-08-09_09-44-25 [restartedMain] INFO  c.c.a.AuthorizatiionMicroserviceApplication - Started AuthorizatiionMicroserviceApplication in 10.093 seconds (JVM running for 11.472)
2021-08-09_09-44-25 [http-nio-9001-exec-1] INFO  o.a.c.c.C.[.[localhost].[/auth] - Initializing Spring DispatcherServlet 'dispatcherServlet'
2021-08-09_09-44-25 [http-nio-9001-exec-1] INFO  o.s.web.servlet.DispatcherServlet - Initializing Servlet 'dispatcherServlet'
2021-08-09_09-44-25 [http-nio-9001-exec-1] INFO  o.s.web.servlet.DispatcherServlet - Completed initialization in 1 ms
2021-08-09_09-44-25 [http-nio-9001-exec-3] INFO  c.c.a.service.JwtUserDetailsService - User found
2021-08-09_09-44-25 [http-nio-9001-exec-3] INFO  c.c.a.service.JwtUserDetailsService - user successfully located
2021-08-09_09-44-25 [http-nio-9001-exec-3] INFO  c.c.a.service.JwtUserDetailsService - User found
2021-08-09_09-44-25 [http-nio-9001-exec-3] INFO  c.c.a.service.JwtUserDetailsService - user successfully located
2021-08-09_09-44-25 [http-nio-9001-exec-5] INFO  c.c.a.service.JwtUserDetailsService - User found
2021-08-09_09-44-25 [http-nio-9001-exec-5] INFO  c.c.a.service.JwtUserDetailsService - user successfully located
2021-08-09_09-44-25 [http-nio-9001-exec-4] INFO  c.c.a.service.JwtUserDetailsService - User found
2021-08-09_09-44-25 [http-nio-9001-exec-4] INFO  c.c.a.service.JwtUserDetailsService - user successfully located
2021-08-09_09-44-25 [http-nio-9001-exec-6] INFO  c.c.a.service.JwtUserDetailsService - User found
2021-08-09_09-44-25 [http-nio-9001-exec-6] INFO  c.c.a.service.JwtUserDetailsService - user successfully located
2021-08-09_09-44-25 [http-nio-9001-exec-7] INFO  c.c.a.service.JwtUserDetailsService - User found
2021-08-09_09-44-25 [http-nio-9001-exec-7] INFO  c.c.a.service.JwtUserDetailsService - user successfully located
2021-08-09_09-44-25 [http-nio-9001-exec-8] INFO  c.c.a.service.JwtUserDetailsService - User found
2021-08-09_09-44-25 [http-nio-9001-exec-8] INFO  c.c.a.service.JwtUserDetailsService - user successfully located
2021-08-09_09-44-25 [http-nio-9001-exec-9] INFO  c.c.a.service.JwtUserDetailsService - User found
2021-08-09_09-44-25 [http-nio-9001-exec-9] INFO  c.c.a.service.JwtUserDetailsService - user successfully located
2021-08-09_09-44-25 [http-nio-9001-exec-10] INFO  c.c.a.service.JwtUserDetailsService - User found
2021-08-09_09-44-25 [http-nio-9001-exec-10] INFO  c.c.a.service.JwtUserDetailsService - user successfully located
2021-08-09_09-44-25 [http-nio-9001-exec-1] INFO  c.c.a.service.JwtUserDetailsService - User found
2021-08-09_09-44-25 [http-nio-9001-exec-1] INFO  c.c.a.service.JwtUserDetailsService - user successfully located
2021-08-09_09-44-25 [http-nio-9001-exec-3] INFO  c.c.a.service.JwtUserDetailsService - User found
2021-08-09_09-44-25 [http-nio-9001-exec-3] INFO  c.c.a.service.JwtUserDetailsService - user successfully located
2021-08-09_09-44-25 [http-nio-9001-exec-2] INFO  c.c.a.service.JwtUserDetailsService - User found
2021-08-09_09-44-25 [http-nio-9001-exec-2] INFO  c.c.a.service.JwtUserDetailsService - user successfully located
2021-08-09_09-44-25 [http-nio-9001-exec-5] INFO  c.c.a.service.JwtUserDetailsService - User found
2021-08-09_09-44-25 [http-nio-9001-exec-5] INFO  c.c.a.service.JwtUserDetailsService - user successfully located
2021-08-09_09-44-25 [http-nio-9001-exec-4] INFO  c.c.a.service.JwtUserDetailsService - User found
2021-08-09_09-44-25 [http-nio-9001-exec-4] INFO  c.c.a.service.JwtUserDetailsService - user successfully located
2021-08-09_09-44-25 [http-nio-9001-exec-6] INFO  c.c.a.service.JwtUserDetailsService - User found
2021-08-09_09-44-25 [http-nio-9001-exec-6] INFO  c.c.a.service.JwtUserDetailsService - user successfully located
2021-08-09_09-44-25 [http-nio-9001-exec-7] INFO  c.c.a.service.JwtUserDetailsService - User found
2021-08-09_09-44-25 [http-nio-9001-exec-7] INFO  c.c.a.service.JwtUserDetailsService - user successfully located
2021-08-09_09-44-25 [http-nio-9001-exec-8] INFO  c.c.a.service.JwtUserDetailsService - User found
2021-08-09_09-44-25 [http-nio-9001-exec-8] INFO  c.c.a.service.JwtUserDetailsService - user successfully located
2021-08-09_09-44-25 [http-nio-9001-exec-9] INFO  c.c.a.service.JwtUserDetailsService - User found
2021-08-09_09-44-25 [http-nio-9001-exec-9] INFO  c.c.a.service.JwtUserDetailsService - user successfully located
2021-08-09_09-44-25 [http-nio-9001-exec-10] INFO  c.c.a.service.JwtUserDetailsService - User found
2021-08-09_09-44-25 [http-nio-9001-exec-10] INFO  c.c.a.service.JwtUserDetailsService - user successfully located
2021-08-09_09-44-25 [http-nio-9001-exec-1] INFO  c.c.a.service.JwtUserDetailsService - User found
2021-08-09_09-44-25 [http-nio-9001-exec-1] INFO  c.c.a.service.JwtUserDetailsService - user successfully located
2021-08-09_09-44-25 [http-nio-9001-exec-3] INFO  c.c.a.service.JwtUserDetailsService - User found
2021-08-09_09-44-25 [http-nio-9001-exec-3] INFO  c.c.a.service.JwtUserDetailsService - user successfully located
2021-08-09_09-44-25 [http-nio-9001-exec-2] INFO  c.c.a.service.JwtUserDetailsService - User found
2021-08-09_09-44-25 [http-nio-9001-exec-2] INFO  c.c.a.service.JwtUserDetailsService - user successfully located
2021-08-09_09-44-25 [http-nio-9001-exec-5] INFO  c.c.a.service.JwtUserDetailsService - User found
2021-08-09_09-44-25 [http-nio-9001-exec-5] INFO  c.c.a.service.JwtUserDetailsService - user successfully located
2021-08-09_09-44-25 [http-nio-9001-exec-7] INFO  c.c.a.service.JwtUserDetailsService - User found
2021-08-09_09-44-25 [http-nio-9001-exec-7] INFO  c.c.a.service.JwtUserDetailsService - user successfully located
2021-08-09_09-44-25 [http-nio-9001-exec-7] INFO  c.c.a.service.JwtUserDetailsService - User found
2021-08-09_09-44-25 [http-nio-9001-exec-7] INFO  c.c.a.service.JwtUserDetailsService - user successfully located
2021-08-09_09-44-25 [http-nio-9001-exec-9] INFO  c.c.a.service.JwtUserDetailsService - User found
2021-08-09_09-44-25 [http-nio-9001-exec-9] INFO  c.c.a.service.JwtUserDetailsService - user successfully located
2021-08-09_09-44-25 [http-nio-9001-exec-9] INFO  c.c.a.service.JwtUserDetailsService - User found
2021-08-09_09-44-25 [http-nio-9001-exec-9] INFO  c.c.a.service.JwtUserDetailsService - user successfully located
2021-08-09_09-44-25 [http-nio-9001-exec-2] INFO  c.c.a.service.JwtUserDetailsService - User found
2021-08-09_09-44-25 [http-nio-9001-exec-2] INFO  c.c.a.service.JwtUserDetailsService - user successfully located
2021-08-09_09-44-25 [http-nio-9001-exec-4] INFO  c.c.a.service.JwtUserDetailsService - User found
2021-08-09_09-44-25 [http-nio-9001-exec-4] INFO  c.c.a.service.JwtUserDetailsService - user successfully located
2021-08-09_09-44-25 [http-nio-9001-exec-8] INFO  c.c.a.service.JwtUserDetailsService - User found
2021-08-09_09-44-25 [http-nio-9001-exec-8] INFO  c.c.a.service.JwtUserDetailsService - user successfully located
2021-08-09_09-44-25 [http-nio-9001-exec-8] INFO  c.c.a.service.JwtUserDetailsService - User found
2021-08-09_09-44-25 [http-nio-9001-exec-8] INFO  c.c.a.service.JwtUserDetailsService - user successfully located
2021-08-09_09-44-25 [http-nio-9001-exec-9] INFO  c.c.a.service.JwtUserDetailsService - User found
2021-08-09_09-44-25 [http-nio-9001-exec-9] INFO  c.c.a.service.JwtUserDetailsService - user successfully located
2021-08-09_09-44-25 [http-nio-9001-exec-1] INFO  c.c.a.service.JwtUserDetailsService - User found
2021-08-09_09-44-25 [http-nio-9001-exec-1] INFO  c.c.a.service.JwtUserDetailsService - user successfully located
2021-08-09_09-44-25 [http-nio-9001-exec-3] INFO  c.c.a.service.JwtUserDetailsService - User found
2021-08-09_09-44-25 [http-nio-9001-exec-3] INFO  c.c.a.service.JwtUserDetailsService - user successfully located
2021-08-09_09-44-25 [http-nio-9001-exec-2] INFO  c.c.a.service.JwtUserDetailsService - User found
2021-08-09_09-44-25 [http-nio-9001-exec-2] INFO  c.c.a.service.JwtUserDetailsService - user successfully located
2021-08-09_09-44-25 [http-nio-9001-exec-5] INFO  c.c.a.service.JwtUserDetailsService - User found
2021-08-09_09-44-25 [http-nio-9001-exec-5] INFO  c.c.a.service.JwtUserDetailsService - user successfully located
2021-08-09_09-44-25 [http-nio-9001-exec-6] INFO  c.c.a.service.JwtUserDetailsService - User found
2021-08-09_09-44-25 [http-nio-9001-exec-6] INFO  c.c.a.service.JwtUserDetailsService - user successfully located
2021-08-09_09-44-25 [http-nio-9001-exec-7] INFO  c.c.a.service.JwtUserDetailsService - User found
2021-08-09_09-44-25 [http-nio-9001-exec-7] INFO  c.c.a.service.JwtUserDetailsService - user successfully located
2021-08-09_09-44-25 [http-nio-9001-exec-8] INFO  c.c.a.service.JwtUserDetailsService - User found
2021-08-09_09-44-25 [http-nio-9001-exec-8] INFO  c.c.a.service.JwtUserDetailsService - user successfully located
2021-08-09_09-44-25 [http-nio-9001-exec-3] INFO  c.c.a.service.JwtUserDetailsService - User found
2021-08-09_09-44-25 [http-nio-9001-exec-3] INFO  c.c.a.service.JwtUserDetailsService - user successfully located
2021-08-09_09-44-25 [http-nio-9001-exec-2] INFO  c.c.a.service.JwtUserDetailsService - User found
2021-08-09_09-44-25 [http-nio-9001-exec-2] INFO  c.c.a.service.JwtUserDetailsService - user successfully located
2021-08-09_09-44-25 [http-nio-9001-exec-10] INFO  c.c.a.service.JwtUserDetailsService - User found
2021-08-09_09-44-25 [http-nio-9001-exec-10] INFO  c.c.a.service.JwtUserDetailsService - user successfully located
2021-08-09_09-44-25 [http-nio-9001-exec-4] INFO  c.c.a.service.JwtUserDetailsService - User found
2021-08-09_09-44-25 [http-nio-9001-exec-4] INFO  c.c.a.service.JwtUserDetailsService - user successfully located
2021-08-09_09-44-25 [http-nio-9001-exec-5] INFO  c.c.a.service.JwtUserDetailsService - User found
2021-08-09_09-44-25 [http-nio-9001-exec-5] INFO  c.c.a.service.JwtUserDetailsService - user successfully located
2021-08-09_09-44-25 [http-nio-9001-exec-8] INFO  c.c.a.service.JwtUserDetailsService - User found
2021-08-09_09-44-25 [http-nio-9001-exec-8] INFO  c.c.a.service.JwtUserDetailsService - user successfully located
2021-08-09_09-44-25 [http-nio-9001-exec-9] INFO  c.c.a.service.JwtUserDetailsService - User found
2021-08-09_09-44-25 [http-nio-9001-exec-9] INFO  c.c.a.service.JwtUserDetailsService - user successfully located
2021-08-09_09-44-25 [http-nio-9001-exec-1] INFO  c.c.a.service.JwtUserDetailsService - User found
2021-08-09_09-44-25 [http-nio-9001-exec-1] INFO  c.c.a.service.JwtUserDetailsService - user successfully located
2021-08-09_09-44-25 [http-nio-9001-exec-3] INFO  c.c.a.service.JwtUserDetailsService - User found
2021-08-09_09-44-25 [http-nio-9001-exec-3] INFO  c.c.a.service.JwtUserDetailsService - user successfully located
2021-08-09_09-44-25 [http-nio-9001-exec-2] INFO  c.c.a.service.JwtUserDetailsService - User found
2021-08-09_09-44-25 [http-nio-9001-exec-2] INFO  c.c.a.service.JwtUserDetailsService - user successfully located
2021-08-09_09-44-25 [http-nio-9001-exec-10] INFO  c.c.a.service.JwtUserDetailsService - User found
2021-08-09_09-44-25 [http-nio-9001-exec-10] INFO  c.c.a.service.JwtUserDetailsService - user successfully located
2021-08-09_09-44-25 [http-nio-9001-exec-4] INFO  c.c.a.service.JwtUserDetailsService - User found
2021-08-09_09-44-25 [http-nio-9001-exec-4] INFO  c.c.a.service.JwtUserDetailsService - user successfully located
2021-08-09_09-44-25 [http-nio-9001-exec-5] INFO  c.c.a.service.JwtUserDetailsService - User found
2021-08-09_09-44-25 [http-nio-9001-exec-5] INFO  c.c.a.service.JwtUserDetailsService - user successfully located
2021-08-09_09-44-25 [http-nio-9001-exec-6] INFO  c.c.a.service.JwtUserDetailsService - User found
2021-08-09_09-44-25 [http-nio-9001-exec-6] INFO  c.c.a.service.JwtUserDetailsService - user successfully located
2021-08-09_09-44-25 [http-nio-9001-exec-7] INFO  c.c.a.service.JwtUserDetailsService - User found
2021-08-09_09-44-25 [http-nio-9001-exec-7] INFO  c.c.a.service.JwtUserDetailsService - user successfully located
2021-08-09_09-44-25 [http-nio-9001-exec-8] INFO  c.c.a.service.JwtUserDetailsService - User found
2021-08-09_09-44-25 [http-nio-9001-exec-8] INFO  c.c.a.service.JwtUserDetailsService - user successfully located
2021-08-09_09-44-25 [http-nio-9001-exec-9] INFO  c.c.a.service.JwtUserDetailsService - User found
2021-08-09_09-44-25 [http-nio-9001-exec-9] INFO  c.c.a.service.JwtUserDetailsService - user successfully located
2021-08-09_09-44-25 [http-nio-9001-exec-1] INFO  c.c.a.service.JwtUserDetailsService - User found
2021-08-09_09-44-25 [http-nio-9001-exec-1] INFO  c.c.a.service.JwtUserDetailsService - user successfully located
2021-08-09_09-44-25 [http-nio-9001-exec-3] INFO  c.c.a.service.JwtUserDetailsService - User found
2021-08-09_09-44-25 [http-nio-9001-exec-3] INFO  c.c.a.service.JwtUserDetailsService - user successfully located
2021-08-09_09-44-25 [http-nio-9001-exec-2] INFO  c.c.a.service.JwtUserDetailsService - User found
2021-08-09_09-44-25 [http-nio-9001-exec-2] INFO  c.c.a.service.JwtUserDetailsService - user successfully located
2021-08-09_09-44-25 [http-nio-9001-exec-8] INFO  c.c.a.service.JwtUserDetailsService - User found
2021-08-09_09-44-25 [http-nio-9001-exec-8] INFO  c.c.a.service.JwtUserDetailsService - user successfully located
2021-08-09_09-44-25 [http-nio-9001-exec-8] INFO  c.c.a.service.JwtUserDetailsService - User found
2021-08-09_09-44-25 [http-nio-9001-exec-8] INFO  c.c.a.service.JwtUserDetailsService - user successfully located
2021-08-09_09-44-25 [http-nio-9001-exec-3] INFO  c.c.a.service.JwtUserDetailsService - User found
2021-08-09_09-44-25 [http-nio-9001-exec-3] INFO  c.c.a.service.JwtUserDetailsService - user successfully located
2021-08-09_09-44-25 [http-nio-9001-exec-4] INFO  c.c.a.service.JwtUserDetailsService - User found
2021-08-09_09-44-25 [http-nio-9001-exec-4] INFO  c.c.a.service.JwtUserDetailsService - user successfully located
2021-08-09_09-44-25 [http-nio-9001-exec-10] INFO  c.c.a.service.JwtUserDetailsService - User found
2021-08-09_09-44-25 [http-nio-9001-exec-10] INFO  c.c.a.service.JwtUserDetailsService - user successfully located
2021-08-09_09-44-25 [http-nio-9001-exec-5] INFO  c.c.a.service.JwtUserDetailsService - User found
2021-08-09_09-44-25 [http-nio-9001-exec-5] INFO  c.c.a.service.JwtUserDetailsService - user successfully located
2021-08-09_09-44-25 [http-nio-9001-exec-6] INFO  c.c.a.service.JwtUserDetailsService - User found
2021-08-09_09-44-25 [http-nio-9001-exec-6] INFO  c.c.a.service.JwtUserDetailsService - user successfully located
2021-08-09_09-44-25 [http-nio-9001-exec-9] INFO  c.c.a.service.JwtUserDetailsService - User found
2021-08-09_09-44-25 [http-nio-9001-exec-9] INFO  c.c.a.service.JwtUserDetailsService - user successfully located
2021-08-09_09-44-25 [http-nio-9001-exec-1] INFO  c.c.a.service.JwtUserDetailsService - User found
2021-08-09_09-44-25 [http-nio-9001-exec-1] INFO  c.c.a.service.JwtUserDetailsService - user successfully located
2021-08-09_09-44-25 [http-nio-9001-exec-3] INFO  c.c.a.service.JwtUserDetailsService - User found
2021-08-09_09-44-25 [http-nio-9001-exec-3] INFO  c.c.a.service.JwtUserDetailsService - user successfully located
2021-08-09_09-44-25 [http-nio-9001-exec-2] INFO  c.c.a.service.JwtUserDetailsService - User found
2021-08-09_09-44-25 [http-nio-9001-exec-2] INFO  c.c.a.service.JwtUserDetailsService - user successfully located
2021-08-09_09-44-25 [http-nio-9001-exec-4] INFO  c.c.a.service.JwtUserDetailsService - User found
2021-08-09_09-44-25 [http-nio-9001-exec-4] INFO  c.c.a.service.JwtUserDetailsService - user successfully located
2021-08-09_09-44-25 [http-nio-9001-exec-7] INFO  c.c.a.service.JwtUserDetailsService - User found
2021-08-09_09-44-25 [http-nio-9001-exec-7] INFO  c.c.a.service.JwtUserDetailsService - user successfully located
2021-08-09_09-44-25 [http-nio-9001-exec-8] INFO  c.c.a.service.JwtUserDetailsService - User found
2021-08-09_09-44-25 [http-nio-9001-exec-8] INFO  c.c.a.service.JwtUserDetailsService - user successfully located
2021-08-09_09-44-25 [http-nio-9001-exec-9] INFO  c.c.a.service.JwtUserDetailsService - User found
2021-08-09_09-44-25 [http-nio-9001-exec-9] INFO  c.c.a.service.JwtUserDetailsService - user successfully located
2021-08-09_09-44-25 [http-nio-9001-exec-1] INFO  c.c.a.service.JwtUserDetailsService - User found
2021-08-09_09-44-25 [http-nio-9001-exec-1] INFO  c.c.a.service.JwtUserDetailsService - user successfully located
2021-08-09_09-44-25 [http-nio-9001-exec-3] INFO  c.c.a.service.JwtUserDetailsService - User found
2021-08-09_09-44-25 [http-nio-9001-exec-3] INFO  c.c.a.service.JwtUserDetailsService - user successfully located
2021-08-09_09-44-25 [http-nio-9001-exec-2] INFO  c.c.a.service.JwtUserDetailsService - User found
2021-08-09_09-44-25 [http-nio-9001-exec-2] INFO  c.c.a.service.JwtUserDetailsService - user successfully located
2021-08-09_09-44-25 [http-nio-9001-exec-4] INFO  c.c.a.service.JwtUserDetailsService - User found
2021-08-09_09-44-25 [http-nio-9001-exec-4] INFO  c.c.a.service.JwtUserDetailsService - user successfully located
2021-08-09_09-44-25 [http-nio-9001-exec-10] INFO  c.c.a.service.JwtUserDetailsService - User found
2021-08-09_09-44-25 [http-nio-9001-exec-10] INFO  c.c.a.service.JwtUserDetailsService - user successfully located
2021-08-09_09-44-25 [http-nio-9001-exec-5] INFO  c.c.a.service.JwtUserDetailsService - User found
2021-08-09_09-44-25 [http-nio-9001-exec-5] INFO  c.c.a.service.JwtUserDetailsService - user successfully located
2021-08-09_09-44-25 [http-nio-9001-exec-6] INFO  c.c.a.service.JwtUserDetailsService - User found
2021-08-09_09-44-25 [http-nio-9001-exec-6] INFO  c.c.a.service.JwtUserDetailsService - user successfully located
2021-08-09_09-44-25 [http-nio-9001-exec-7] INFO  c.c.a.service.JwtUserDetailsService - User found
2021-08-09_09-44-25 [http-nio-9001-exec-7] INFO  c.c.a.service.JwtUserDetailsService - user successfully located
2021-08-09_09-44-25 [http-nio-9001-exec-8] INFO  c.c.a.service.JwtUserDetailsService - User found
2021-08-09_09-44-25 [http-nio-9001-exec-8] INFO  c.c.a.service.JwtUserDetailsService - user successfully located
2021-08-09_09-44-25 [http-nio-9001-exec-9] INFO  c.c.a.service.JwtUserDetailsService - User found
2021-08-09_09-44-25 [http-nio-9001-exec-9] INFO  c.c.a.service.JwtUserDetailsService - user successfully located
2021-08-09_09-44-25 [http-nio-9001-exec-1] INFO  c.c.a.service.JwtUserDetailsService - User found
2021-08-09_09-44-25 [http-nio-9001-exec-1] INFO  c.c.a.service.JwtUserDetailsService - user successfully located
2021-08-09_09-44-25 [http-nio-9001-exec-3] INFO  c.c.a.service.JwtUserDetailsService - User found
2021-08-09_09-44-25 [http-nio-9001-exec-3] INFO  c.c.a.service.JwtUserDetailsService - user successfully located
2021-08-09_09-44-25 [http-nio-9001-exec-2] INFO  c.c.a.service.JwtUserDetailsService - User found
2021-08-09_09-44-25 [http-nio-9001-exec-2] INFO  c.c.a.service.JwtUserDetailsService - user successfully located
2021-08-09_09-44-25 [http-nio-9001-exec-4] INFO  c.c.a.service.JwtUserDetailsService - User found
2021-08-09_09-44-25 [http-nio-9001-exec-4] INFO  c.c.a.service.JwtUserDetailsService - user successfully located
2021-08-09_09-44-25 [http-nio-9001-exec-10] INFO  c.c.a.service.JwtUserDetailsService - User found
2021-08-09_09-44-25 [http-nio-9001-exec-10] INFO  c.c.a.service.JwtUserDetailsService - user successfully located
2021-08-09_09-44-25 [http-nio-9001-exec-5] INFO  c.c.a.service.JwtUserDetailsService - User found
2021-08-09_09-44-25 [http-nio-9001-exec-5] INFO  c.c.a.service.JwtUserDetailsService - user successfully located
2021-08-09_09-44-25 [http-nio-9001-exec-6] INFO  c.c.a.service.JwtUserDetailsService - User found
2021-08-09_09-44-25 [http-nio-9001-exec-6] INFO  c.c.a.service.JwtUserDetailsService - user successfully located
2021-08-09_09-44-25 [http-nio-9001-exec-7] INFO  c.c.a.service.JwtUserDetailsService - User found
2021-08-09_09-44-25 [http-nio-9001-exec-7] INFO  c.c.a.service.JwtUserDetailsService - user successfully located
2021-08-09_09-44-25 [http-nio-9001-exec-8] INFO  c.c.a.service.JwtUserDetailsService - User found
2021-08-09_09-44-25 [http-nio-9001-exec-8] INFO  c.c.a.service.JwtUserDetailsService - user successfully located
2021-08-09_09-44-25 [http-nio-9001-exec-3] INFO  c.c.a.service.JwtUserDetailsService - User found
2021-08-09_09-44-25 [http-nio-9001-exec-3] INFO  c.c.a.service.JwtUserDetailsService - user successfully located
2021-08-09_09-44-25 [http-nio-9001-exec-3] INFO  c.c.a.service.JwtUserDetailsService - User found
2021-08-09_09-44-25 [http-nio-9001-exec-3] INFO  c.c.a.service.JwtUserDetailsService - user successfully located
2021-08-09_09-44-25 [http-nio-9001-exec-4] INFO  c.c.a.service.JwtUserDetailsService - User found
2021-08-09_09-44-25 [http-nio-9001-exec-4] INFO  c.c.a.service.JwtUserDetailsService - user successfully located
2021-08-09_09-44-25 [http-nio-9001-exec-5] INFO  c.c.a.service.JwtUserDetailsService - User found
2021-08-09_09-44-25 [http-nio-9001-exec-5] INFO  c.c.a.service.JwtUserDetailsService - user successfully located
2021-08-09_09-44-25 [http-nio-9001-exec-6] INFO  c.c.a.service.JwtUserDetailsService - User found
2021-08-09_09-44-25 [http-nio-9001-exec-6] INFO  c.c.a.service.JwtUserDetailsService - user successfully located
2021-08-09_09-44-25 [http-nio-9001-exec-7] INFO  c.c.a.service.JwtUserDetailsService - User found
2021-08-09_09-44-25 [http-nio-9001-exec-7] INFO  c.c.a.service.JwtUserDetailsService - user successfully located
2021-08-09_09-44-25 [http-nio-9001-exec-8] INFO  c.c.a.service.JwtUserDetailsService - User found
2021-08-09_09-44-25 [http-nio-9001-exec-8] INFO  c.c.a.service.JwtUserDetailsService - user successfully located
2021-08-09_09-44-25 [http-nio-9001-exec-9] INFO  c.c.a.service.JwtUserDetailsService - User found
2021-08-09_09-44-25 [http-nio-9001-exec-9] INFO  c.c.a.service.JwtUserDetailsService - user successfully located
2021-08-09_09-44-25 [http-nio-9001-exec-1] INFO  c.c.a.service.JwtUserDetailsService - User found
2021-08-09_09-44-25 [http-nio-9001-exec-1] INFO  c.c.a.service.JwtUserDetailsService - user successfully located
2021-08-09_09-44-25 [http-nio-9001-exec-3] INFO  c.c.a.service.JwtUserDetailsService - User found
2021-08-09_09-44-25 [http-nio-9001-exec-3] INFO  c.c.a.service.JwtUserDetailsService - user successfully located
2021-08-09_09-44-25 [http-nio-9001-exec-2] INFO  c.c.a.service.JwtUserDetailsService - User found
2021-08-09_09-44-25 [http-nio-9001-exec-2] INFO  c.c.a.service.JwtUserDetailsService - user successfully located
2021-08-09_09-44-25 [http-nio-9001-exec-4] INFO  c.c.a.service.JwtUserDetailsService - User found
2021-08-09_09-44-25 [http-nio-9001-exec-4] INFO  c.c.a.service.JwtUserDetailsService - user successfully located
2021-08-09_09-44-25 [http-nio-9001-exec-10] INFO  c.c.a.service.JwtUserDetailsService - User found
2021-08-09_09-44-25 [http-nio-9001-exec-10] INFO  c.c.a.service.JwtUserDetailsService - user successfully located
2021-08-09_09-44-25 [http-nio-9001-exec-5] INFO  c.c.a.service.JwtUserDetailsService - User found
2021-08-09_09-44-25 [http-nio-9001-exec-5] INFO  c.c.a.service.JwtUserDetailsService - user successfully located
2021-08-09_09-44-25 [http-nio-9001-exec-6] INFO  c.c.a.service.JwtUserDetailsService - User found
2021-08-09_09-44-25 [http-nio-9001-exec-6] INFO  c.c.a.service.JwtUserDetailsService - user successfully located
2021-08-09_09-44-25 [http-nio-9001-exec-7] INFO  c.c.a.service.JwtUserDetailsService - User found
2021-08-09_09-44-25 [http-nio-9001-exec-7] INFO  c.c.a.service.JwtUserDetailsService - user successfully located
2021-08-09_09-44-25 [http-nio-9001-exec-9] INFO  c.c.a.service.JwtUserDetailsService - User found
2021-08-09_09-44-25 [http-nio-9001-exec-9] INFO  c.c.a.service.JwtUserDetailsService - user successfully located
2021-08-09_09-44-25 [http-nio-9001-exec-1] INFO  c.c.a.service.JwtUserDetailsService - User found
2021-08-09_09-44-25 [http-nio-9001-exec-1] INFO  c.c.a.service.JwtUserDetailsService - user successfully located
2021-08-09_09-44-25 [http-nio-9001-exec-3] INFO  c.c.a.service.JwtUserDetailsService - User found
2021-08-09_09-44-25 [http-nio-9001-exec-3] INFO  c.c.a.service.JwtUserDetailsService - user successfully located
2021-08-09_09-44-25 [http-nio-9001-exec-2] INFO  c.c.a.service.JwtUserDetailsService - User found
2021-08-09_09-44-25 [http-nio-9001-exec-2] INFO  c.c.a.service.JwtUserDetailsService - user successfully located
2021-08-09_09-44-25 [http-nio-9001-exec-4] INFO  c.c.a.service.JwtUserDetailsService - User found
2021-08-09_09-44-25 [http-nio-9001-exec-4] INFO  c.c.a.service.JwtUserDetailsService - user successfully located
2021-08-09_09-44-25 [http-nio-9001-exec-10] INFO  c.c.a.service.JwtUserDetailsService - User found
2021-08-09_09-44-25 [http-nio-9001-exec-10] INFO  c.c.a.service.JwtUserDetailsService - user successfully located
2021-08-09_09-44-25 [http-nio-9001-exec-5] INFO  c.c.a.service.JwtUserDetailsService - User found
2021-08-09_09-44-25 [http-nio-9001-exec-5] INFO  c.c.a.service.JwtUserDetailsService - user successfully located
2021-08-09_09-44-25 [http-nio-9001-exec-6] INFO  c.c.a.service.JwtUserDetailsService - User found
2021-08-09_09-44-25 [http-nio-9001-exec-6] INFO  c.c.a.service.JwtUserDetailsService - user successfully located
2021-08-09_09-44-25 [http-nio-9001-exec-7] INFO  c.c.a.service.JwtUserDetailsService - User found
2021-08-09_09-44-25 [http-nio-9001-exec-7] INFO  c.c.a.service.JwtUserDetailsService - user successfully located
2021-08-09_09-44-25 [http-nio-9001-exec-8] INFO  c.c.a.service.JwtUserDetailsService - User found
2021-08-09_09-44-25 [http-nio-9001-exec-8] INFO  c.c.a.service.JwtUserDetailsService - user successfully located
2021-08-09_09-44-25 [http-nio-9001-exec-9] INFO  c.c.a.service.JwtUserDetailsService - User found
2021-08-09_09-44-25 [http-nio-9001-exec-9] INFO  c.c.a.service.JwtUserDetailsService - user successfully located
2021-08-09_09-44-25 [http-nio-9001-exec-1] INFO  c.c.a.service.JwtUserDetailsService - User found
2021-08-09_09-44-25 [http-nio-9001-exec-1] INFO  c.c.a.service.JwtUserDetailsService - user successfully located
2021-08-09_09-44-25 [http-nio-9001-exec-3] INFO  c.c.a.service.JwtUserDetailsService - User found
2021-08-09_09-44-25 [http-nio-9001-exec-3] INFO  c.c.a.service.JwtUserDetailsService - user successfully located
2021-08-09_09-44-25 [http-nio-9001-exec-2] INFO  c.c.a.service.JwtUserDetailsService - User found
2021-08-09_09-44-25 [http-nio-9001-exec-2] INFO  c.c.a.service.JwtUserDetailsService - user successfully located
2021-08-09_09-44-25 [http-nio-9001-exec-4] INFO  c.c.a.service.JwtUserDetailsService - User found
2021-08-09_09-44-25 [http-nio-9001-exec-4] INFO  c.c.a.service.JwtUserDetailsService - user successfully located
2021-08-09_09-44-25 [http-nio-9001-exec-10] INFO  c.c.a.service.JwtUserDetailsService - User found
2021-08-09_09-44-25 [http-nio-9001-exec-10] INFO  c.c.a.service.JwtUserDetailsService - user successfully located
2021-08-09_09-44-25 [http-nio-9001-exec-5] INFO  c.c.a.service.JwtUserDetailsService - User found
2021-08-09_09-44-25 [http-nio-9001-exec-5] INFO  c.c.a.service.JwtUserDetailsService - user successfully located
2021-08-09_09-44-25 [http-nio-9001-exec-8] INFO  c.c.a.service.JwtUserDetailsService - User found
2021-08-09_09-44-25 [http-nio-9001-exec-8] INFO  c.c.a.service.JwtUserDetailsService - user successfully located
2021-08-09_09-44-25 [http-nio-9001-exec-9] INFO  c.c.a.service.JwtUserDetailsService - User found
2021-08-09_09-44-25 [http-nio-9001-exec-9] INFO  c.c.a.service.JwtUserDetailsService - user successfully located
2021-08-09_09-44-25 [http-nio-9001-exec-3] INFO  c.c.a.service.JwtUserDetailsService - User found
2021-08-09_09-44-25 [http-nio-9001-exec-3] INFO  c.c.a.service.JwtUserDetailsService - user successfully located
2021-08-09_09-44-25 [http-nio-9001-exec-3] INFO  c.c.a.service.JwtUserDetailsService - User found
2021-08-09_09-44-25 [http-nio-9001-exec-3] INFO  c.c.a.service.JwtUserDetailsService - user successfully located
2021-08-09_09-44-25 [http-nio-9001-exec-4] INFO  c.c.a.service.JwtUserDetailsService - User found
2021-08-09_09-44-25 [http-nio-9001-exec-4] INFO  c.c.a.service.JwtUserDetailsService - user successfully located
2021-08-09_09-44-25 [http-nio-9001-exec-4] INFO  c.c.a.service.JwtUserDetailsService - User found
2021-08-09_09-44-25 [http-nio-9001-exec-4] INFO  c.c.a.service.JwtUserDetailsService - user successfully located
2021-08-09_09-44-25 [http-nio-9001-exec-6] INFO  c.c.a.service.JwtUserDetailsService - User found
2021-08-09_09-44-25 [http-nio-9001-exec-6] INFO  c.c.a.service.JwtUserDetailsService - user successfully located
2021-08-09_09-44-25 [http-nio-9001-exec-6] INFO  c.c.a.service.JwtUserDetailsService - User found
2021-08-09_09-44-25 [http-nio-9001-exec-6] INFO  c.c.a.service.JwtUserDetailsService - user successfully located
2021-08-09_09-44-25 [http-nio-9001-exec-7] INFO  c.c.a.service.JwtUserDetailsService - User found
2021-08-09_09-44-25 [http-nio-9001-exec-7] INFO  c.c.a.service.JwtUserDetailsService - user successfully located
2021-08-09_09-44-25 [http-nio-9001-exec-7] INFO  c.c.a.service.JwtUserDetailsService - User found
2021-08-09_09-44-25 [http-nio-9001-exec-7] INFO  c.c.a.service.JwtUserDetailsService - user successfully located
2021-08-09_09-44-25 [http-nio-9001-exec-9] INFO  c.c.a.service.JwtUserDetailsService - User found
2021-08-09_09-44-25 [http-nio-9001-exec-9] INFO  c.c.a.service.JwtUserDetailsService - user successfully located
2021-08-09_09-44-25 [http-nio-9001-exec-9] INFO  c.c.a.service.JwtUserDetailsService - User found
2021-08-09_09-44-25 [http-nio-9001-exec-9] INFO  c.c.a.service.JwtUserDetailsService - user successfully located
2021-08-09_09-44-25 [http-nio-9001-exec-3] INFO  c.c.a.service.JwtUserDetailsService - User found
2021-08-09_09-44-25 [http-nio-9001-exec-3] INFO  c.c.a.service.JwtUserDetailsService - user successfully located
2021-08-09_09-44-25 [http-nio-9001-exec-2] INFO  c.c.a.service.JwtUserDetailsService - User found
2021-08-09_09-44-25 [http-nio-9001-exec-2] INFO  c.c.a.service.JwtUserDetailsService - user successfully located
2021-08-09_09-44-25 [http-nio-9001-exec-4] INFO  c.c.a.service.JwtUserDetailsService - User found
2021-08-09_09-44-25 [http-nio-9001-exec-4] INFO  c.c.a.service.JwtUserDetailsService - user successfully located
2021-08-09_09-44-25 [http-nio-9001-exec-10] INFO  c.c.a.service.JwtUserDetailsService - User found
2021-08-09_09-44-25 [http-nio-9001-exec-10] INFO  c.c.a.service.JwtUserDetailsService - user successfully located
2021-08-09_09-44-25 [http-nio-9001-exec-5] INFO  c.c.a.service.JwtUserDetailsService - User found
2021-08-09_09-44-25 [http-nio-9001-exec-5] INFO  c.c.a.service.JwtUserDetailsService - user successfully located
2021-08-09_09-44-25 [http-nio-9001-exec-8] INFO  c.c.a.service.JwtUserDetailsService - User found
2021-08-09_09-44-25 [http-nio-9001-exec-8] INFO  c.c.a.service.JwtUserDetailsService - user successfully located
2021-08-09_09-44-25 [http-nio-9001-exec-8] INFO  c.c.a.service.JwtUserDetailsService - User found
2021-08-09_09-44-25 [http-nio-9001-exec-8] INFO  c.c.a.service.JwtUserDetailsService - user successfully located
2021-08-09_09-44-25 [http-nio-9001-exec-1] INFO  c.c.a.service.JwtUserDetailsService - User found
2021-08-09_09-44-25 [http-nio-9001-exec-1] INFO  c.c.a.service.JwtUserDetailsService - user successfully located
2021-08-09_09-44-25 [http-nio-9001-exec-1] INFO  c.c.a.service.JwtUserDetailsService - User found
2021-08-09_09-44-25 [http-nio-9001-exec-1] INFO  c.c.a.service.JwtUserDetailsService - user successfully located
2021-08-09_09-44-25 [http-nio-9001-exec-2] INFO  c.c.a.service.JwtUserDetailsService - User found
2021-08-09_09-44-25 [http-nio-9001-exec-2] INFO  c.c.a.service.JwtUserDetailsService - user successfully located
2021-08-09_09-44-25 [http-nio-9001-exec-10] INFO  c.c.a.service.JwtUserDetailsService - User found
2021-08-09_09-44-25 [http-nio-9001-exec-10] INFO  c.c.a.service.JwtUserDetailsService - user successfully located
2021-08-09_09-44-25 [http-nio-9001-exec-5] INFO  c.c.a.service.JwtUserDetailsService - User found
2021-08-09_09-44-25 [http-nio-9001-exec-5] INFO  c.c.a.service.JwtUserDetailsService - user successfully located
2021-08-09_09-44-25 [http-nio-9001-exec-6] INFO  c.c.a.service.JwtUserDetailsService - User found
2021-08-09_09-44-25 [http-nio-9001-exec-6] INFO  c.c.a.service.JwtUserDetailsService - user successfully located
2021-08-09_09-44-25 [http-nio-9001-exec-7] INFO  c.c.a.service.JwtUserDetailsService - User found
2021-08-09_09-44-25 [http-nio-9001-exec-7] INFO  c.c.a.service.JwtUserDetailsService - user successfully located
2021-08-09_09-44-25 [http-nio-9001-exec-8] INFO  c.c.a.service.JwtUserDetailsService - User found
2021-08-09_09-44-25 [http-nio-9001-exec-8] INFO  c.c.a.service.JwtUserDetailsService - user successfully located
2021-08-09_09-44-25 [http-nio-9001-exec-9] INFO  c.c.a.service.JwtUserDetailsService - User found
2021-08-09_09-44-25 [http-nio-9001-exec-9] INFO  c.c.a.service.JwtUserDetailsService - user successfully located
2021-08-09_09-44-25 [http-nio-9001-exec-1] INFO  c.c.a.service.JwtUserDetailsService - User found
2021-08-09_09-44-25 [http-nio-9001-exec-1] INFO  c.c.a.service.JwtUserDetailsService - user successfully located
2021-08-09_09-44-25 [http-nio-9001-exec-3] INFO  c.c.a.service.JwtUserDetailsService - User found
2021-08-09_09-44-25 [http-nio-9001-exec-3] INFO  c.c.a.service.JwtUserDetailsService - user successfully located
2021-08-09_09-44-25 [http-nio-9001-exec-2] INFO  c.c.a.service.JwtUserDetailsService - User found
2021-08-09_09-44-25 [http-nio-9001-exec-2] INFO  c.c.a.service.JwtUserDetailsService - user successfully located
2021-08-09_09-44-25 [http-nio-9001-exec-4] INFO  c.c.a.service.JwtUserDetailsService - User found
2021-08-09_09-44-25 [http-nio-9001-exec-4] INFO  c.c.a.service.JwtUserDetailsService - user successfully located
2021-08-09_09-44-25 [http-nio-9001-exec-4] INFO  c.c.a.service.JwtUserDetailsService - User found
2021-08-09_09-44-25 [http-nio-9001-exec-4] INFO  c.c.a.service.JwtUserDetailsService - user successfully located
2021-08-09_09-44-25 [http-nio-9001-exec-10] INFO  c.c.a.service.JwtUserDetailsService - User found
2021-08-09_09-44-25 [http-nio-9001-exec-10] INFO  c.c.a.service.JwtUserDetailsService - user successfully located
2021-08-09_09-44-25 [http-nio-9001-exec-10] INFO  c.c.a.service.JwtUserDetailsService - User found
2021-08-09_09-44-25 [http-nio-9001-exec-10] INFO  c.c.a.service.JwtUserDetailsService - user successfully located
2021-08-09_09-44-25 [http-nio-9001-exec-6] INFO  c.c.a.service.JwtUserDetailsService - User found
2021-08-09_09-44-25 [http-nio-9001-exec-6] INFO  c.c.a.service.JwtUserDetailsService - user successfully located
2021-08-09_09-44-25 [http-nio-9001-exec-6] INFO  c.c.a.service.JwtUserDetailsService - User found
2021-08-09_09-44-25 [http-nio-9001-exec-6] INFO  c.c.a.service.JwtUserDetailsService - user successfully located
2021-08-09_09-44-25 [http-nio-9001-exec-8] INFO  c.c.a.service.JwtUserDetailsService - User found
2021-08-09_09-44-25 [http-nio-9001-exec-8] INFO  c.c.a.service.JwtUserDetailsService - user successfully located
2021-08-09_09-44-25 [http-nio-9001-exec-9] INFO  c.c.a.service.JwtUserDetailsService - User found
2021-08-09_09-44-25 [http-nio-9001-exec-9] INFO  c.c.a.service.JwtUserDetailsService - user successfully located
2021-08-09_09-44-25 [http-nio-9001-exec-3] INFO  c.c.a.service.JwtUserDetailsService - User found
2021-08-09_09-44-25 [http-nio-9001-exec-3] INFO  c.c.a.service.JwtUserDetailsService - user successfully located
2021-08-09_09-44-25 [http-nio-9001-exec-3] INFO  c.c.a.service.JwtUserDetailsService - User found
2021-08-09_09-44-25 [http-nio-9001-exec-3] INFO  c.c.a.service.JwtUserDetailsService - user successfully located
2021-08-09_09-44-25 [http-nio-9001-exec-10] INFO  c.c.a.service.JwtUserDetailsService - User found
2021-08-09_09-44-25 [http-nio-9001-exec-10] INFO  c.c.a.service.JwtUserDetailsService - user successfully located
2021-08-09_09-44-25 [http-nio-9001-exec-10] INFO  c.c.a.service.JwtUserDetailsService - User found
2021-08-09_09-44-25 [http-nio-9001-exec-10] INFO  c.c.a.service.JwtUserDetailsService - user successfully located
2021-08-09_09-44-25 [http-nio-9001-exec-6] INFO  c.c.a.service.JwtUserDetailsService - User found
2021-08-09_09-44-25 [http-nio-9001-exec-6] INFO  c.c.a.service.JwtUserDetailsService - user successfully located
2021-08-09_09-44-25 [http-nio-9001-exec-8] INFO  c.c.a.service.JwtUserDetailsService - User found
2021-08-09_09-44-25 [http-nio-9001-exec-8] INFO  c.c.a.service.JwtUserDetailsService - user successfully located
2021-08-09_09-44-25 [http-nio-9001-exec-8] INFO  c.c.a.service.JwtUserDetailsService - User found
2021-08-09_09-44-25 [http-nio-9001-exec-8] INFO  c.c.a.service.JwtUserDetailsService - user successfully located
2021-08-09_09-44-25 [http-nio-9001-exec-9] INFO  c.c.a.service.JwtUserDetailsService - User found
2021-08-09_09-44-25 [http-nio-9001-exec-9] INFO  c.c.a.service.JwtUserDetailsService - user successfully located
2021-08-09_09-44-25 [http-nio-9001-exec-1] INFO  c.c.a.service.JwtUserDetailsService - User found
2021-08-09_09-44-25 [http-nio-9001-exec-1] INFO  c.c.a.service.JwtUserDetailsService - user successfully located
2021-08-09_09-44-25 [http-nio-9001-exec-3] INFO  c.c.a.service.JwtUserDetailsService - User found
2021-08-09_09-44-25 [http-nio-9001-exec-3] INFO  c.c.a.service.JwtUserDetailsService - user successfully located
2021-08-09_09-44-25 [http-nio-9001-exec-2] INFO  c.c.a.service.JwtUserDetailsService - User found
2021-08-09_09-44-25 [http-nio-9001-exec-2] INFO  c.c.a.service.JwtUserDetailsService - user successfully located
2021-08-09_09-44-25 [http-nio-9001-exec-4] INFO  c.c.a.service.JwtUserDetailsService - User found
2021-08-09_09-44-25 [http-nio-9001-exec-4] INFO  c.c.a.service.JwtUserDetailsService - user successfully located
2021-08-09_09-44-25 [http-nio-9001-exec-10] INFO  c.c.a.service.JwtUserDetailsService - User found
2021-08-09_09-44-25 [http-nio-9001-exec-10] INFO  c.c.a.service.JwtUserDetailsService - user successfully located
2021-08-09_09-44-25 [http-nio-9001-exec-5] INFO  c.c.a.service.JwtUserDetailsService - User found
2021-08-09_09-44-25 [http-nio-9001-exec-5] INFO  c.c.a.service.JwtUserDetailsService - user successfully located
2021-08-09_09-44-25 [http-nio-9001-exec-6] INFO  c.c.a.service.JwtUserDetailsService - User found
2021-08-09_09-44-25 [http-nio-9001-exec-6] INFO  c.c.a.service.JwtUserDetailsService - user successfully located
2021-08-09_09-44-25 [http-nio-9001-exec-7] INFO  c.c.a.service.JwtUserDetailsService - User found
2021-08-09_09-44-25 [http-nio-9001-exec-7] INFO  c.c.a.service.JwtUserDetailsService - user successfully located
2021-08-09_09-44-25 [http-nio-9001-exec-8] INFO  c.c.a.service.JwtUserDetailsService - User found
2021-08-09_09-44-25 [http-nio-9001-exec-8] INFO  c.c.a.service.JwtUserDetailsService - user successfully located
2021-08-09_09-44-25 [http-nio-9001-exec-9] INFO  c.c.a.service.JwtUserDetailsService - User found
2021-08-09_09-44-25 [http-nio-9001-exec-9] INFO  c.c.a.service.JwtUserDetailsService - user successfully located
2021-08-09_09-44-25 [http-nio-9001-exec-1] INFO  c.c.a.service.JwtUserDetailsService - User found
2021-08-09_09-44-25 [http-nio-9001-exec-1] INFO  c.c.a.service.JwtUserDetailsService - user successfully located
2021-08-09_09-44-25 [http-nio-9001-exec-3] INFO  c.c.a.service.JwtUserDetailsService - User found
2021-08-09_09-44-25 [http-nio-9001-exec-3] INFO  c.c.a.service.JwtUserDetailsService - user successfully located
2021-08-09_09-44-25 [http-nio-9001-exec-2] INFO  c.c.a.service.JwtUserDetailsService - User found
2021-08-09_09-44-25 [http-nio-9001-exec-2] INFO  c.c.a.service.JwtUserDetailsService - user successfully located
2021-08-09_09-44-25 [http-nio-9001-exec-4] INFO  c.c.a.service.JwtUserDetailsService - User found
2021-08-09_09-44-25 [http-nio-9001-exec-4] INFO  c.c.a.service.JwtUserDetailsService - user successfully located
2021-08-09_09-44-25 [http-nio-9001-exec-10] INFO  c.c.a.service.JwtUserDetailsService - User found
2021-08-09_09-44-25 [http-nio-9001-exec-10] INFO  c.c.a.service.JwtUserDetailsService - user successfully located
2021-08-09_09-44-25 [http-nio-9001-exec-5] INFO  c.c.a.service.JwtUserDetailsService - User found
2021-08-09_09-44-25 [http-nio-9001-exec-5] INFO  c.c.a.service.JwtUserDetailsService - user successfully located
2021-08-09_09-44-25 [http-nio-9001-exec-6] INFO  c.c.a.service.JwtUserDetailsService - User found
2021-08-09_09-44-25 [http-nio-9001-exec-6] INFO  c.c.a.service.JwtUserDetailsService - user successfully located
2021-08-09_09-44-25 [http-nio-9001-exec-7] INFO  c.c.a.service.JwtUserDetailsService - User found
2021-08-09_09-44-25 [http-nio-9001-exec-7] INFO  c.c.a.service.JwtUserDetailsService - user successfully located
2021-08-09_09-44-25 [http-nio-9001-exec-9] INFO  c.c.a.service.JwtUserDetailsService - User found
2021-08-09_09-44-25 [http-nio-9001-exec-9] INFO  c.c.a.service.JwtUserDetailsService - user successfully located
2021-08-09_09-44-25 [http-nio-9001-exec-1] INFO  c.c.a.service.JwtUserDetailsService - User found
2021-08-09_09-44-25 [http-nio-9001-exec-1] INFO  c.c.a.service.JwtUserDetailsService - user successfully located
2021-08-09_09-44-25 [http-nio-9001-exec-3] INFO  c.c.a.service.JwtUserDetailsService - User found
2021-08-09_09-44-25 [http-nio-9001-exec-3] INFO  c.c.a.service.JwtUserDetailsService - user successfully located
2021-08-09_09-44-25 [http-nio-9001-exec-3] INFO  c.c.a.service.JwtUserDetailsService - User found
2021-08-09_09-44-25 [http-nio-9001-exec-3] INFO  c.c.a.service.JwtUserDetailsService - user successfully located
2021-08-09_09-44-25 [http-nio-9001-exec-2] INFO  c.c.a.service.JwtUserDetailsService - User found
2021-08-09_09-44-25 [http-nio-9001-exec-2] INFO  c.c.a.service.JwtUserDetailsService - user successfully located
2021-08-09_09-44-25 [http-nio-9001-exec-4] INFO  c.c.a.service.JwtUserDetailsService - User found
2021-08-09_09-44-25 [http-nio-9001-exec-4] INFO  c.c.a.service.JwtUserDetailsService - user successfully located
2021-08-09_09-44-25 [http-nio-9001-exec-6] INFO  c.c.a.service.JwtUserDetailsService - User found
2021-08-09_09-44-25 [http-nio-9001-exec-6] INFO  c.c.a.service.JwtUserDetailsService - user successfully located
2021-08-09_09-44-25 [http-nio-9001-exec-6] INFO  c.c.a.service.JwtUserDetailsService - User found
2021-08-09_09-44-25 [http-nio-9001-exec-6] INFO  c.c.a.service.JwtUserDetailsService - user successfully located
2021-08-09_09-44-25 [http-nio-9001-exec-7] INFO  c.c.a.service.JwtUserDetailsService - User found
2021-08-09_09-44-25 [http-nio-9001-exec-7] INFO  c.c.a.service.JwtUserDetailsService - user successfully located
2021-08-09_09-44-25 [http-nio-9001-exec-8] INFO  c.c.a.service.JwtUserDetailsService - User found
2021-08-09_09-44-25 [http-nio-9001-exec-8] INFO  c.c.a.service.JwtUserDetailsService - user successfully located
2021-08-09_09-44-25 [http-nio-9001-exec-8] INFO  c.c.a.service.JwtUserDetailsService - User found
2021-08-09_09-44-25 [http-nio-9001-exec-8] INFO  c.c.a.service.JwtUserDetailsService - user successfully located
2021-08-09_09-44-25 [http-nio-9001-exec-9] INFO  c.c.a.service.JwtUserDetailsService - User found
2021-08-09_09-44-25 [http-nio-9001-exec-9] INFO  c.c.a.service.JwtUserDetailsService - user successfully located
2021-08-09_09-44-25 [http-nio-9001-exec-9] INFO  c.c.a.service.JwtUserDetailsService - User found
2021-08-09_09-44-25 [http-nio-9001-exec-9] INFO  c.c.a.service.JwtUserDetailsService - user successfully located
2021-08-09_09-44-25 [http-nio-9001-exec-3] INFO  c.c.a.service.JwtUserDetailsService - User found
2021-08-09_09-44-25 [http-nio-9001-exec-3] INFO  c.c.a.service.JwtUserDetailsService - user successfully located
2021-08-09_09-44-25 [http-nio-9001-exec-2] INFO  c.c.a.service.JwtUserDetailsService - User found
2021-08-09_09-44-25 [http-nio-9001-exec-2] INFO  c.c.a.service.JwtUserDetailsService - user successfully located
2021-08-09_09-44-25 [http-nio-9001-exec-2] INFO  c.c.a.service.JwtUserDetailsService - User found
2021-08-09_09-44-25 [http-nio-9001-exec-2] INFO  c.c.a.service.JwtUserDetailsService - user successfully located
2021-08-09_09-44-25 [http-nio-9001-exec-5] INFO  c.c.a.service.JwtUserDetailsService - User found
2021-08-09_09-44-25 [http-nio-9001-exec-5] INFO  c.c.a.service.JwtUserDetailsService - user successfully located
2021-08-09_09-44-25 [http-nio-9001-exec-6] INFO  c.c.a.service.JwtUserDetailsService - User found
2021-08-09_09-44-25 [http-nio-9001-exec-6] INFO  c.c.a.service.JwtUserDetailsService - user successfully located
2021-08-09_09-44-25 [http-nio-9001-exec-7] INFO  c.c.a.service.JwtUserDetailsService - User found
2021-08-09_09-44-25 [http-nio-9001-exec-7] INFO  c.c.a.service.JwtUserDetailsService - user successfully located
2021-08-09_09-44-25 [http-nio-9001-exec-9] INFO  c.c.a.service.JwtUserDetailsService - User found
2021-08-09_09-44-25 [http-nio-9001-exec-9] INFO  c.c.a.service.JwtUserDetailsService - user successfully located
2021-08-09_09-44-25 [http-nio-9001-exec-1] INFO  c.c.a.service.JwtUserDetailsService - User found
2021-08-09_09-44-25 [http-nio-9001-exec-1] INFO  c.c.a.service.JwtUserDetailsService - user successfully located
2021-08-09_09-44-25 [http-nio-9001-exec-3] INFO  c.c.a.service.JwtUserDetailsService - User found
2021-08-09_09-44-25 [http-nio-9001-exec-3] INFO  c.c.a.service.JwtUserDetailsService - user successfully located
2021-08-09_09-44-25 [http-nio-9001-exec-2] INFO  c.c.a.service.JwtUserDetailsService - User found
2021-08-09_09-44-25 [http-nio-9001-exec-2] INFO  c.c.a.service.JwtUserDetailsService - user successfully located
2021-08-09_09-44-25 [http-nio-9001-exec-4] INFO  c.c.a.service.JwtUserDetailsService - User found
2021-08-09_09-44-25 [http-nio-9001-exec-4] INFO  c.c.a.service.JwtUserDetailsService - user successfully located
2021-08-09_09-44-25 [http-nio-9001-exec-10] INFO  c.c.a.service.JwtUserDetailsService - User found
2021-08-09_09-44-25 [http-nio-9001-exec-10] INFO  c.c.a.service.JwtUserDetailsService - user successfully located
2021-08-09_09-44-25 [RMI TCP Connection(490)-127.0.0.1] INFO  o.s.b.a.SpringApplicationAdminMXBeanRegistrar$SpringApplicationAdmin - Application shutdown requested.
2021-08-09_09-44-25 [RMI TCP Connection(490)-127.0.0.1] INFO  o.s.s.c.ThreadPoolTaskExecutor - Shutting down ExecutorService 'applicationTaskExecutor'
2021-08-09_09-44-25 [RMI TCP Connection(490)-127.0.0.1] INFO  o.s.o.j.LocalContainerEntityManagerFactoryBean - Closing JPA EntityManagerFactory for persistence unit 'default'
2021-08-09_09-44-25 [RMI TCP Connection(490)-127.0.0.1] INFO  com.zaxxer.hikari.HikariDataSource - HikariPool-1 - Shutdown initiated...
2021-08-09_09-44-25 [RMI TCP Connection(490)-127.0.0.1] INFO  com.zaxxer.hikari.HikariDataSource - HikariPool-1 - Shutdown completed.
2021-08-09_22-18-57 [restartedMain] INFO  c.c.a.AuthorizatiionMicroserviceApplication - Starting AuthorizatiionMicroserviceApplication using Java 15.0.2 on LAPTOP-4U00OKKL with PID 19212 (H:\BOOKS\CTS\Courses\Banking Project\Authorizatiion-Microservice\target\classes started by harsh in H:\BOOKS\CTS\Courses\Banking Project\Authorizatiion-Microservice)
2021-08-09_22-18-57 [restartedMain] INFO  c.c.a.AuthorizatiionMicroserviceApplication - No active profile set, falling back to default profiles: default
2021-08-09_22-18-57 [restartedMain] INFO  o.s.b.d.e.DevToolsPropertyDefaultsPostProcessor - Devtools property defaults active! Set 'spring.devtools.add-properties' to 'false' to disable
2021-08-09_22-18-57 [restartedMain] INFO  o.s.b.d.e.DevToolsPropertyDefaultsPostProcessor - For additional web related logging consider setting the 'logging.level.web' property to 'DEBUG'
2021-08-09_22-18-57 [restartedMain] INFO  o.s.d.r.c.RepositoryConfigurationDelegate - Bootstrapping Spring Data JPA repositories in DEFAULT mode.
2021-08-09_22-18-57 [restartedMain] INFO  o.s.d.r.c.RepositoryConfigurationDelegate - Finished Spring Data repository scanning in 42 ms. Found 1 JPA repository interfaces.
2021-08-09_22-18-57 [restartedMain] INFO  o.s.cloud.context.scope.GenericScope - BeanFactory id=bc835a7b-e37d-385d-8407-3a426b879bd3
2021-08-09_22-18-57 [restartedMain] INFO  o.s.b.w.e.tomcat.TomcatWebServer - Tomcat initialized with port(s): 9001 (http)
2021-08-09_22-18-57 [restartedMain] INFO  o.a.coyote.http11.Http11NioProtocol - Initializing ProtocolHandler ["http-nio-9001"]
2021-08-09_22-18-57 [restartedMain] INFO  o.a.catalina.core.StandardService - Starting service [Tomcat]
2021-08-09_22-18-57 [restartedMain] INFO  o.a.catalina.core.StandardEngine - Starting Servlet engine: [Apache Tomcat/9.0.41]
2021-08-09_22-18-57 [restartedMain] INFO  o.a.c.c.C.[.[localhost].[/auth] - Initializing Spring embedded WebApplicationContext
2021-08-09_22-18-57 [restartedMain] INFO  o.s.b.w.s.c.ServletWebServerApplicationContext - Root WebApplicationContext: initialization completed in 2636 ms
2021-08-09_22-18-57 [restartedMain] INFO  o.h.jpa.internal.util.LogHelper - HHH000204: Processing PersistenceUnitInfo [name: default]
2021-08-09_22-18-57 [restartedMain] INFO  org.hibernate.Version - HHH000412: Hibernate ORM core version 5.4.27.Final
2021-08-09_22-18-57 [restartedMain] INFO  o.h.annotations.common.Version - HCANN000001: Hibernate Commons Annotations {5.1.2.Final}
2021-08-09_22-18-57 [restartedMain] INFO  com.zaxxer.hikari.HikariDataSource - HikariPool-1 - Starting...
2021-08-09_22-18-57 [restartedMain] INFO  com.zaxxer.hikari.HikariDataSource - HikariPool-1 - Start completed.
2021-08-09_22-18-57 [restartedMain] INFO  org.hibernate.dialect.Dialect - HHH000400: Using dialect: org.hibernate.dialect.MySQL8Dialect
2021-08-09_22-18-57 [restartedMain] INFO  o.h.e.t.j.p.i.JtaPlatformInitiator - HHH000490: Using JtaPlatform implementation: [org.hibernate.engine.transaction.jta.platform.internal.NoJtaPlatform]
2021-08-09_22-18-57 [restartedMain] INFO  o.s.o.j.LocalContainerEntityManagerFactoryBean - Initialized JPA EntityManagerFactory for persistence unit 'default'
2021-08-09_22-18-57 [restartedMain] INFO  s.d.s.w.PropertySourcedRequestMappingHandlerMapping - Mapped URL path [/v2/api-docs] onto method [springfox.documentation.swagger2.web.Swagger2Controller#getDocumentation(String, HttpServletRequest)]
2021-08-09_22-18-57 [restartedMain] INFO  o.s.s.web.DefaultSecurityFilterChain - Will secure any request with [org.springframework.security.web.context.request.async.WebAsyncManagerIntegrationFilter@4a75179a, org.springframework.security.web.context.SecurityContextPersistenceFilter@55038fee, org.springframework.security.web.header.HeaderWriterFilter@61ec436f, org.springframework.security.web.authentication.logout.LogoutFilter@d117333, com.cts.authorization.config.JwtRequestFilter@5b96792c, org.springframework.security.web.savedrequest.RequestCacheAwareFilter@468d5632, org.springframework.security.web.servletapi.SecurityContextHolderAwareRequestFilter@7521384d, org.springframework.security.web.authentication.AnonymousAuthenticationFilter@33d7f78c, org.springframework.security.web.session.SessionManagementFilter@404f550, org.springframework.security.web.access.ExceptionTranslationFilter@314c5f3c, org.springframework.security.web.access.intercept.FilterSecurityInterceptor@3526aec]
2021-08-09_22-18-57 [restartedMain] INFO  o.s.s.c.ThreadPoolTaskExecutor - Initializing ExecutorService 'applicationTaskExecutor'
2021-08-09_22-18-57 [restartedMain] INFO  o.s.cloud.commons.util.InetUtils - Cannot determine local hostname
2021-08-09_22-18-57 [restartedMain] INFO  o.a.coyote.http11.Http11NioProtocol - Starting ProtocolHandler ["http-nio-9001"]
2021-08-09_22-18-57 [restartedMain] INFO  o.s.b.w.e.tomcat.TomcatWebServer - Tomcat started on port(s): 9001 (http) with context path '/auth'
2021-08-09_22-18-57 [restartedMain] INFO  o.s.cloud.commons.util.InetUtils - Cannot determine local hostname
2021-08-09_22-18-57 [restartedMain] INFO  s.d.s.w.p.DocumentationPluginsBootstrapper - Context refreshed
2021-08-09_22-18-57 [restartedMain] INFO  s.d.s.w.p.DocumentationPluginsBootstrapper - Found 1 custom documentation plugin(s)
2021-08-09_22-18-57 [restartedMain] INFO  s.d.s.w.s.ApiListingReferenceScanner - Scanning for api listing references
2021-08-09_22-18-57 [restartedMain] INFO  c.c.a.AuthorizatiionMicroserviceApplication - Started AuthorizatiionMicroserviceApplication in 9.604 seconds (JVM running for 10.713)
2021-08-09_22-18-57 [http-nio-9001-exec-1] INFO  o.a.c.c.C.[.[localhost].[/auth] - Initializing Spring DispatcherServlet 'dispatcherServlet'
2021-08-09_22-18-57 [http-nio-9001-exec-1] INFO  o.s.web.servlet.DispatcherServlet - Initializing Servlet 'dispatcherServlet'
2021-08-09_22-18-57 [http-nio-9001-exec-1] INFO  o.s.web.servlet.DispatcherServlet - Completed initialization in 1 ms
2021-08-09_22-18-57 [http-nio-9001-exec-3] INFO  c.c.a.service.JwtUserDetailsService - User found
2021-08-09_22-18-57 [http-nio-9001-exec-3] INFO  c.c.a.service.JwtUserDetailsService - user successfully located
2021-08-09_22-18-57 [http-nio-9001-exec-3] INFO  c.c.a.service.JwtUserDetailsService - User found
2021-08-09_22-18-57 [http-nio-9001-exec-3] INFO  c.c.a.service.JwtUserDetailsService - user successfully located
2021-08-09_22-18-57 [http-nio-9001-exec-4] INFO  c.c.a.service.JwtUserDetailsService - User found
2021-08-09_22-18-57 [http-nio-9001-exec-4] INFO  c.c.a.service.JwtUserDetailsService - user successfully located
2021-08-09_22-18-57 [http-nio-9001-exec-4] INFO  c.c.a.service.JwtUserDetailsService - User found
2021-08-09_22-18-57 [http-nio-9001-exec-4] INFO  c.c.a.service.JwtUserDetailsService - user successfully located
2021-08-09_22-18-57 [http-nio-9001-exec-7] INFO  c.c.a.service.JwtUserDetailsService - User found
2021-08-09_22-18-57 [http-nio-9001-exec-7] INFO  c.c.a.service.JwtUserDetailsService - user successfully located
2021-08-09_22-18-57 [http-nio-9001-exec-7] INFO  c.c.a.service.JwtUserDetailsService - User found
2021-08-09_22-18-57 [http-nio-9001-exec-7] INFO  c.c.a.service.JwtUserDetailsService - user successfully located
2021-08-09_22-18-57 [http-nio-9001-exec-9] INFO  c.c.a.service.JwtUserDetailsService - User found
2021-08-09_22-18-57 [http-nio-9001-exec-9] INFO  c.c.a.service.JwtUserDetailsService - user successfully located
2021-08-09_22-18-57 [http-nio-9001-exec-10] INFO  c.c.a.service.JwtUserDetailsService - User found
2021-08-09_22-18-57 [http-nio-9001-exec-10] INFO  c.c.a.service.JwtUserDetailsService - user successfully located
2021-08-09_22-18-57 [http-nio-9001-exec-1] INFO  c.c.a.service.JwtUserDetailsService - User found
2021-08-09_22-18-57 [http-nio-9001-exec-1] INFO  c.c.a.service.JwtUserDetailsService - user successfully located
2021-08-09_22-18-57 [http-nio-9001-exec-3] INFO  c.c.a.service.JwtUserDetailsService - User found
2021-08-09_22-18-57 [http-nio-9001-exec-3] INFO  c.c.a.service.JwtUserDetailsService - user successfully located
2021-08-09_22-18-57 [http-nio-9001-exec-2] INFO  c.c.a.service.JwtUserDetailsService - User found
2021-08-09_22-18-57 [http-nio-9001-exec-2] INFO  c.c.a.service.JwtUserDetailsService - user successfully located
2021-08-09_22-18-57 [http-nio-9001-exec-4] INFO  c.c.a.service.JwtUserDetailsService - User found
2021-08-09_22-18-57 [http-nio-9001-exec-4] INFO  c.c.a.service.JwtUserDetailsService - user successfully located
2021-08-09_22-18-57 [http-nio-9001-exec-5] INFO  c.c.a.service.JwtUserDetailsService - User found
2021-08-09_22-18-57 [http-nio-9001-exec-5] INFO  c.c.a.service.JwtUserDetailsService - user successfully located
2021-08-09_22-18-57 [http-nio-9001-exec-6] INFO  c.c.a.service.JwtUserDetailsService - User found
2021-08-09_22-18-57 [http-nio-9001-exec-6] INFO  c.c.a.service.JwtUserDetailsService - user successfully located
2021-08-09_22-18-57 [http-nio-9001-exec-7] INFO  c.c.a.service.JwtUserDetailsService - User found
2021-08-09_22-18-57 [http-nio-9001-exec-7] INFO  c.c.a.service.JwtUserDetailsService - user successfully located
2021-08-09_22-18-57 [http-nio-9001-exec-9] INFO  c.c.a.service.JwtUserDetailsService - User found
2021-08-09_22-18-57 [http-nio-9001-exec-9] INFO  c.c.a.service.JwtUserDetailsService - user successfully located
2021-08-09_22-18-57 [http-nio-9001-exec-3] INFO  c.c.a.service.JwtUserDetailsService - User found
2021-08-09_22-18-57 [http-nio-9001-exec-3] INFO  c.c.a.service.JwtUserDetailsService - user successfully located
2021-08-09_22-18-57 [http-nio-9001-exec-4] INFO  c.c.a.service.JwtUserDetailsService - User found
2021-08-09_22-18-57 [http-nio-9001-exec-4] INFO  c.c.a.service.JwtUserDetailsService - user successfully located
