2021-06-06_10-25-45 [restartedMain] INFO  c.c.a.AuthorizatiionMicroserviceApplication - Starting AuthorizatiionMicroserviceApplication using Java 1.8.0_291 on DESKTOP-SLDQ587 with PID 15164 (C:\Users\Vishesh\Desktop\cognizant\project\CDE-Project-International-Patients-treatment-management\CDE-Project-International-Patients-treatment-management\Authorizatiion-Microservice\target\classes started by Vishesh in C:\Users\Vishesh\Desktop\cognizant\project\CDE-Project-International-Patients-treatment-management\CDE-Project-International-Patients-treatment-management\Authorizatiion-Microservice)
2021-06-06_10-25-45 [restartedMain] INFO  c.c.a.AuthorizatiionMicroserviceApplication - No active profile set, falling back to default profiles: default
2021-06-06_10-25-45 [restartedMain] INFO  o.s.b.d.e.DevToolsPropertyDefaultsPostProcessor - Devtools property defaults active! Set 'spring.devtools.add-properties' to 'false' to disable
2021-06-06_10-25-45 [restartedMain] INFO  o.s.b.d.e.DevToolsPropertyDefaultsPostProcessor - For additional web related logging consider setting the 'logging.level.web' property to 'DEBUG'
2021-06-06_10-25-45 [restartedMain] INFO  o.s.d.r.c.RepositoryConfigurationDelegate - Bootstrapping Spring Data JPA repositories in DEFAULT mode.
2021-06-06_10-25-45 [restartedMain] INFO  o.s.d.r.c.RepositoryConfigurationDelegate - Finished Spring Data repository scanning in 129 ms. Found 1 JPA repository interfaces.
2021-06-06_10-25-45 [restartedMain] INFO  o.s.cloud.context.scope.GenericScope - BeanFactory id=edea1387-1a2d-33de-8525-4ed44fa6e3e5
2021-06-06_10-25-45 [restartedMain] INFO  o.s.b.w.e.tomcat.TomcatWebServer - Tomcat initialized with port(s): 8400 (http)
2021-06-06_10-25-45 [restartedMain] INFO  o.a.coyote.http11.Http11NioProtocol - Initializing ProtocolHandler ["http-nio-8400"]
2021-06-06_10-25-45 [restartedMain] INFO  o.a.catalina.core.StandardService - Starting service [Tomcat]
2021-06-06_10-25-45 [restartedMain] INFO  o.a.catalina.core.StandardEngine - Starting Servlet engine: [Apache Tomcat/9.0.41]
2021-06-06_10-25-45 [restartedMain] INFO  o.a.c.c.C.[.[localhost].[/auth] - Initializing Spring embedded WebApplicationContext
2021-06-06_10-25-45 [restartedMain] INFO  o.s.b.w.s.c.ServletWebServerApplicationContext - Root WebApplicationContext: initialization completed in 4062 ms
2021-06-06_10-25-45 [restartedMain] INFO  com.zaxxer.hikari.HikariDataSource - HikariPool-1 - Starting...
2021-06-06_10-25-45 [restartedMain] INFO  com.zaxxer.hikari.HikariDataSource - HikariPool-1 - Start completed.
2021-06-06_10-25-45 [restartedMain] INFO  o.s.b.a.h.H2ConsoleAutoConfiguration - H2 console available at '/db'. Database available at 'jdbc:h2:mem:testdb'
2021-06-06_10-25-45 [restartedMain] INFO  o.h.jpa.internal.util.LogHelper - HHH000204: Processing PersistenceUnitInfo [name: default]
2021-06-06_10-25-45 [restartedMain] INFO  org.hibernate.Version - HHH000412: Hibernate ORM core version 5.4.27.Final
2021-06-06_10-25-45 [restartedMain] INFO  o.h.annotations.common.Version - HCANN000001: Hibernate Commons Annotations {5.1.2.Final}
2021-06-06_10-25-45 [restartedMain] INFO  org.hibernate.dialect.Dialect - HHH000400: Using dialect: org.hibernate.dialect.H2Dialect
2021-06-06_10-25-45 [restartedMain] INFO  o.h.e.t.j.p.i.JtaPlatformInitiator - HHH000490: Using JtaPlatform implementation: [org.hibernate.engine.transaction.jta.platform.internal.NoJtaPlatform]
2021-06-06_10-25-45 [restartedMain] INFO  o.s.o.j.LocalContainerEntityManagerFactoryBean - Initialized JPA EntityManagerFactory for persistence unit 'default'
2021-06-06_10-25-45 [restartedMain] INFO  s.d.s.w.PropertySourcedRequestMappingHandlerMapping - Mapped URL path [/v2/api-docs] onto method [springfox.documentation.swagger2.web.Swagger2Controller#getDocumentation(String, HttpServletRequest)]
2021-06-06_10-25-45 [restartedMain] INFO  o.s.s.web.DefaultSecurityFilterChain - Will secure any request with [org.springframework.security.web.context.request.async.WebAsyncManagerIntegrationFilter@7a2fd9d4, org.springframework.security.web.context.SecurityContextPersistenceFilter@773e18c3, org.springframework.security.web.header.HeaderWriterFilter@516871b6, org.springframework.security.web.authentication.logout.LogoutFilter@3ac54fb9, com.cts.authorization.config.JwtRequestFilter@3e988185, org.springframework.security.web.savedrequest.RequestCacheAwareFilter@5393da9, org.springframework.security.web.servletapi.SecurityContextHolderAwareRequestFilter@38b46c1c, org.springframework.security.web.authentication.AnonymousAuthenticationFilter@4c8c02cc, org.springframework.security.web.session.SessionManagementFilter@3a999186, org.springframework.security.web.access.ExceptionTranslationFilter@7c7dfabb, org.springframework.security.web.access.intercept.FilterSecurityInterceptor@c4659ff]
2021-06-06_10-25-45 [restartedMain] INFO  o.s.s.c.ThreadPoolTaskExecutor - Initializing ExecutorService 'applicationTaskExecutor'
2021-06-06_10-25-45 [restartedMain] INFO  o.a.coyote.http11.Http11NioProtocol - Starting ProtocolHandler ["http-nio-8400"]
2021-06-06_10-25-45 [restartedMain] INFO  o.s.b.w.e.tomcat.TomcatWebServer - Tomcat started on port(s): 8400 (http) with context path '/auth'
2021-06-06_10-25-45 [restartedMain] INFO  s.d.s.w.p.DocumentationPluginsBootstrapper - Context refreshed
2021-06-06_10-25-45 [restartedMain] INFO  s.d.s.w.p.DocumentationPluginsBootstrapper - Found 1 custom documentation plugin(s)
2021-06-06_10-25-45 [restartedMain] INFO  s.d.s.w.s.ApiListingReferenceScanner - Scanning for api listing references
2021-06-06_10-25-45 [restartedMain] INFO  c.c.a.AuthorizatiionMicroserviceApplication - Started AuthorizatiionMicroserviceApplication in 11.976 seconds (JVM running for 13.824)
2021-06-06_10-25-45 [http-nio-8400-exec-2] INFO  o.a.c.c.C.[.[localhost].[/auth] - Initializing Spring DispatcherServlet 'dispatcherServlet'
2021-06-06_10-25-45 [http-nio-8400-exec-2] INFO  o.s.web.servlet.DispatcherServlet - Initializing Servlet 'dispatcherServlet'
2021-06-06_10-25-45 [http-nio-8400-exec-2] INFO  o.s.web.servlet.DispatcherServlet - Completed initialization in 4 ms
2021-06-06_10-25-45 [http-nio-8400-exec-5] INFO  c.c.a.service.JwtUserDetailsService - User found
2021-06-06_10-25-45 [http-nio-8400-exec-5] INFO  c.c.a.service.JwtUserDetailsService - user successfully located
2021-06-06_10-25-45 [http-nio-8400-exec-5] INFO  c.c.a.service.JwtUserDetailsService - User found
2021-06-06_10-25-45 [http-nio-8400-exec-5] INFO  c.c.a.service.JwtUserDetailsService - user successfully located
2021-06-06_10-25-45 [http-nio-8400-exec-7] INFO  c.c.a.service.JwtUserDetailsService - User found
2021-06-06_10-25-45 [http-nio-8400-exec-7] INFO  c.c.a.service.JwtUserDetailsService - user successfully located
2021-06-06_10-25-45 [http-nio-8400-exec-8] INFO  c.c.a.service.JwtUserDetailsService - User found
2021-06-06_10-25-45 [http-nio-8400-exec-8] INFO  c.c.a.service.JwtUserDetailsService - user successfully located
2021-06-06_10-25-45 [http-nio-8400-exec-2] INFO  c.c.a.service.JwtUserDetailsService - User found
2021-06-06_10-25-45 [http-nio-8400-exec-2] INFO  c.c.a.service.JwtUserDetailsService - user successfully located
2021-06-06_10-25-45 [http-nio-8400-exec-3] INFO  c.c.a.service.JwtUserDetailsService - User found
2021-06-06_10-25-45 [http-nio-8400-exec-3] INFO  c.c.a.service.JwtUserDetailsService - user successfully located
2021-06-06_10-25-45 [http-nio-8400-exec-4] INFO  c.c.a.service.JwtUserDetailsService - User found
2021-06-06_10-25-45 [http-nio-8400-exec-4] INFO  c.c.a.service.JwtUserDetailsService - user successfully located
2021-06-06_10-25-45 [http-nio-8400-exec-5] INFO  c.c.a.service.JwtUserDetailsService - User found
2021-06-06_10-25-45 [http-nio-8400-exec-5] INFO  c.c.a.service.JwtUserDetailsService - user successfully located
2021-06-06_10-25-45 [http-nio-8400-exec-6] INFO  c.c.a.service.JwtUserDetailsService - User found
2021-06-06_10-25-45 [http-nio-8400-exec-6] INFO  c.c.a.service.JwtUserDetailsService - user successfully located
2021-06-06_10-25-45 [http-nio-8400-exec-7] INFO  c.c.a.service.JwtUserDetailsService - User found
2021-06-06_10-25-45 [http-nio-8400-exec-7] INFO  c.c.a.service.JwtUserDetailsService - user successfully located
2021-06-06_10-25-45 [RMI TCP Connection(67)-127.0.0.1] INFO  o.s.b.a.SpringApplicationAdminMXBeanRegistrar$SpringApplicationAdmin - Application shutdown requested.
2021-06-06_10-25-45 [RMI TCP Connection(67)-127.0.0.1] INFO  o.s.s.c.ThreadPoolTaskExecutor - Shutting down ExecutorService 'applicationTaskExecutor'
2021-06-06_10-25-45 [RMI TCP Connection(67)-127.0.0.1] INFO  o.s.o.j.LocalContainerEntityManagerFactoryBean - Closing JPA EntityManagerFactory for persistence unit 'default'
2021-06-06_10-25-45 [RMI TCP Connection(67)-127.0.0.1] INFO  o.h.t.s.i.SchemaDropperImpl$DelayedDropActionImpl - HHH000477: Starting delayed evictData of schema as part of SessionFactory shut-down'
2021-06-06_10-25-45 [RMI TCP Connection(67)-127.0.0.1] INFO  com.zaxxer.hikari.HikariDataSource - HikariPool-1 - Shutdown initiated...
2021-06-06_10-25-45 [RMI TCP Connection(67)-127.0.0.1] INFO  com.zaxxer.hikari.HikariDataSource - HikariPool-1 - Shutdown completed.
2021-06-06_11-29-50 [restartedMain] INFO  c.c.a.AuthorizatiionMicroserviceApplication - Starting AuthorizatiionMicroserviceApplication using Java 1.8.0_291 on DESKTOP-SLDQ587 with PID 22460 (C:\Users\Vishesh\Desktop\cognizant\project\CDE-Project-International-Patients-treatment-management\CDE-Project-International-Patients-treatment-management\Authorizatiion-Microservice\target\classes started by Vishesh in C:\Users\Vishesh\Desktop\cognizant\project\CDE-Project-International-Patients-treatment-management\CDE-Project-International-Patients-treatment-management\Authorizatiion-Microservice)
2021-06-06_11-29-50 [restartedMain] INFO  c.c.a.AuthorizatiionMicroserviceApplication - No active profile set, falling back to default profiles: default
2021-06-06_11-29-50 [restartedMain] INFO  o.s.b.d.e.DevToolsPropertyDefaultsPostProcessor - Devtools property defaults active! Set 'spring.devtools.add-properties' to 'false' to disable
2021-06-06_11-29-50 [restartedMain] INFO  o.s.b.d.e.DevToolsPropertyDefaultsPostProcessor - For additional web related logging consider setting the 'logging.level.web' property to 'DEBUG'
2021-06-06_11-29-50 [restartedMain] INFO  o.s.d.r.c.RepositoryConfigurationDelegate - Bootstrapping Spring Data JPA repositories in DEFAULT mode.
2021-06-06_11-29-50 [restartedMain] INFO  o.s.d.r.c.RepositoryConfigurationDelegate - Finished Spring Data repository scanning in 93 ms. Found 1 JPA repository interfaces.
2021-06-06_11-29-50 [restartedMain] INFO  o.s.cloud.context.scope.GenericScope - BeanFactory id=edea1387-1a2d-33de-8525-4ed44fa6e3e5
2021-06-06_11-29-50 [restartedMain] INFO  o.s.b.w.e.tomcat.TomcatWebServer - Tomcat initialized with port(s): 8400 (http)
2021-06-06_11-29-50 [restartedMain] INFO  o.a.coyote.http11.Http11NioProtocol - Initializing ProtocolHandler ["http-nio-8400"]
2021-06-06_11-29-50 [restartedMain] INFO  o.a.catalina.core.StandardService - Starting service [Tomcat]
2021-06-06_11-29-50 [restartedMain] INFO  o.a.catalina.core.StandardEngine - Starting Servlet engine: [Apache Tomcat/9.0.41]
2021-06-06_11-29-50 [restartedMain] INFO  o.a.c.c.C.[.[localhost].[/auth] - Initializing Spring embedded WebApplicationContext
2021-06-06_11-29-50 [restartedMain] INFO  o.s.b.w.s.c.ServletWebServerApplicationContext - Root WebApplicationContext: initialization completed in 3479 ms
2021-06-06_11-29-50 [restartedMain] INFO  com.zaxxer.hikari.HikariDataSource - HikariPool-1 - Starting...
2021-06-06_11-29-50 [restartedMain] INFO  com.zaxxer.hikari.HikariDataSource - HikariPool-1 - Start completed.
2021-06-06_11-29-50 [restartedMain] INFO  o.s.b.a.h.H2ConsoleAutoConfiguration - H2 console available at '/db'. Database available at 'jdbc:h2:mem:testdb'
2021-06-06_11-29-50 [restartedMain] INFO  o.h.jpa.internal.util.LogHelper - HHH000204: Processing PersistenceUnitInfo [name: default]
2021-06-06_11-29-50 [restartedMain] INFO  org.hibernate.Version - HHH000412: Hibernate ORM core version 5.4.27.Final
2021-06-06_11-29-50 [restartedMain] INFO  o.h.annotations.common.Version - HCANN000001: Hibernate Commons Annotations {5.1.2.Final}
2021-06-06_11-29-50 [restartedMain] INFO  org.hibernate.dialect.Dialect - HHH000400: Using dialect: org.hibernate.dialect.H2Dialect
2021-06-06_11-29-50 [restartedMain] INFO  o.h.e.t.j.p.i.JtaPlatformInitiator - HHH000490: Using JtaPlatform implementation: [org.hibernate.engine.transaction.jta.platform.internal.NoJtaPlatform]
2021-06-06_11-29-50 [restartedMain] INFO  o.s.o.j.LocalContainerEntityManagerFactoryBean - Initialized JPA EntityManagerFactory for persistence unit 'default'
2021-06-06_11-29-50 [restartedMain] INFO  s.d.s.w.PropertySourcedRequestMappingHandlerMapping - Mapped URL path [/v2/api-docs] onto method [springfox.documentation.swagger2.web.Swagger2Controller#getDocumentation(String, HttpServletRequest)]
2021-06-06_11-29-50 [restartedMain] INFO  o.s.s.web.DefaultSecurityFilterChain - Will secure any request with [org.springframework.security.web.context.request.async.WebAsyncManagerIntegrationFilter@64f38e, org.springframework.security.web.context.SecurityContextPersistenceFilter@522ca471, org.springframework.security.web.header.HeaderWriterFilter@6bf97bf1, org.springframework.security.web.authentication.logout.LogoutFilter@55f73743, com.cts.authorization.config.JwtRequestFilter@6f3ae667, org.springframework.security.web.savedrequest.RequestCacheAwareFilter@3cf805d1, org.springframework.security.web.servletapi.SecurityContextHolderAwareRequestFilter@6a7cc75f, org.springframework.security.web.authentication.AnonymousAuthenticationFilter@3d8662d5, org.springframework.security.web.session.SessionManagementFilter@712b28cf, org.springframework.security.web.access.ExceptionTranslationFilter@a788f1a, org.springframework.security.web.access.intercept.FilterSecurityInterceptor@7d289fae]
2021-06-06_11-29-50 [restartedMain] INFO  o.s.s.c.ThreadPoolTaskExecutor - Initializing ExecutorService 'applicationTaskExecutor'
2021-06-06_11-29-50 [restartedMain] INFO  o.a.coyote.http11.Http11NioProtocol - Starting ProtocolHandler ["http-nio-8400"]
2021-06-06_11-29-50 [restartedMain] INFO  o.s.b.w.e.tomcat.TomcatWebServer - Tomcat started on port(s): 8400 (http) with context path '/auth'
2021-06-06_11-29-50 [restartedMain] INFO  s.d.s.w.p.DocumentationPluginsBootstrapper - Context refreshed
2021-06-06_11-29-50 [restartedMain] INFO  s.d.s.w.p.DocumentationPluginsBootstrapper - Found 1 custom documentation plugin(s)
2021-06-06_11-29-50 [restartedMain] INFO  s.d.s.w.s.ApiListingReferenceScanner - Scanning for api listing references
2021-06-06_11-29-50 [restartedMain] INFO  c.c.a.AuthorizatiionMicroserviceApplication - Started AuthorizatiionMicroserviceApplication in 14.827 seconds (JVM running for 17.241)
2021-06-06_11-29-50 [http-nio-8400-exec-1] INFO  o.a.c.c.C.[.[localhost].[/auth] - Initializing Spring DispatcherServlet 'dispatcherServlet'
2021-06-06_11-29-50 [http-nio-8400-exec-1] INFO  o.s.web.servlet.DispatcherServlet - Initializing Servlet 'dispatcherServlet'
2021-06-06_11-29-50 [http-nio-8400-exec-1] INFO  o.s.web.servlet.DispatcherServlet - Completed initialization in 10 ms
2021-06-06_11-29-50 [http-nio-8400-exec-1] INFO  c.c.a.service.JwtUserDetailsService - User found
2021-06-06_11-29-50 [http-nio-8400-exec-1] INFO  c.c.a.service.JwtUserDetailsService - user successfully located
2021-06-06_11-29-50 [http-nio-8400-exec-5] INFO  c.c.a.service.JwtUserDetailsService - User found
2021-06-06_11-29-50 [http-nio-8400-exec-5] INFO  c.c.a.service.JwtUserDetailsService - user successfully located
2021-06-06_11-29-50 [http-nio-8400-exec-5] INFO  c.c.a.service.JwtUserDetailsService - User found
2021-06-06_11-29-50 [http-nio-8400-exec-5] INFO  c.c.a.service.JwtUserDetailsService - user successfully located
2021-06-06_11-29-50 [http-nio-8400-exec-6] INFO  c.c.a.service.JwtUserDetailsService - User found
2021-06-06_11-29-50 [http-nio-8400-exec-6] INFO  c.c.a.service.JwtUserDetailsService - user successfully located
2021-06-06_11-29-50 [http-nio-8400-exec-9] INFO  c.c.a.service.JwtUserDetailsService - User found
2021-06-06_11-29-50 [http-nio-8400-exec-9] INFO  c.c.a.service.JwtUserDetailsService - user successfully located
2021-06-06_11-29-50 [http-nio-8400-exec-10] INFO  c.c.a.service.JwtUserDetailsService - User found
2021-06-06_11-29-50 [http-nio-8400-exec-10] INFO  c.c.a.service.JwtUserDetailsService - user successfully located
2021-06-06_11-29-50 [RMI TCP Connection(9)-127.0.0.1] INFO  o.s.b.a.SpringApplicationAdminMXBeanRegistrar$SpringApplicationAdmin - Application shutdown requested.
2021-06-06_11-29-50 [RMI TCP Connection(9)-127.0.0.1] INFO  o.s.s.c.ThreadPoolTaskExecutor - Shutting down ExecutorService 'applicationTaskExecutor'
2021-06-06_11-29-50 [RMI TCP Connection(9)-127.0.0.1] INFO  o.s.o.j.LocalContainerEntityManagerFactoryBean - Closing JPA EntityManagerFactory for persistence unit 'default'
2021-06-06_11-29-50 [RMI TCP Connection(9)-127.0.0.1] INFO  o.h.t.s.i.SchemaDropperImpl$DelayedDropActionImpl - HHH000477: Starting delayed evictData of schema as part of SessionFactory shut-down'
2021-06-06_11-29-50 [RMI TCP Connection(9)-127.0.0.1] INFO  com.zaxxer.hikari.HikariDataSource - HikariPool-1 - Shutdown initiated...
2021-06-06_11-29-50 [RMI TCP Connection(9)-127.0.0.1] INFO  com.zaxxer.hikari.HikariDataSource - HikariPool-1 - Shutdown completed.
2021-06-06_11-44-04 [restartedMain] INFO  c.c.a.AuthorizatiionMicroserviceApplication - Starting AuthorizatiionMicroserviceApplication using Java 1.8.0_291 on DESKTOP-SLDQ587 with PID 1964 (C:\Users\Vishesh\Desktop\cognizant\project\CDE-Project-International-Patients-treatment-management\CDE-Project-International-Patients-treatment-management\Authorizatiion-Microservice\target\classes started by Vishesh in C:\Users\Vishesh\Desktop\cognizant\project\CDE-Project-International-Patients-treatment-management\CDE-Project-International-Patients-treatment-management\Authorizatiion-Microservice)
2021-06-06_11-44-04 [restartedMain] INFO  c.c.a.AuthorizatiionMicroserviceApplication - No active profile set, falling back to default profiles: default
2021-06-06_11-44-04 [restartedMain] INFO  o.s.b.d.e.DevToolsPropertyDefaultsPostProcessor - Devtools property defaults active! Set 'spring.devtools.add-properties' to 'false' to disable
2021-06-06_11-44-04 [restartedMain] INFO  o.s.b.d.e.DevToolsPropertyDefaultsPostProcessor - For additional web related logging consider setting the 'logging.level.web' property to 'DEBUG'
2021-06-06_11-44-04 [restartedMain] INFO  o.s.d.r.c.RepositoryConfigurationDelegate - Bootstrapping Spring Data JPA repositories in DEFAULT mode.
2021-06-06_11-44-04 [restartedMain] INFO  o.s.d.r.c.RepositoryConfigurationDelegate - Finished Spring Data repository scanning in 84 ms. Found 1 JPA repository interfaces.
2021-06-06_11-44-04 [restartedMain] INFO  o.s.cloud.context.scope.GenericScope - BeanFactory id=edea1387-1a2d-33de-8525-4ed44fa6e3e5
2021-06-06_11-44-04 [restartedMain] INFO  o.s.b.w.e.tomcat.TomcatWebServer - Tomcat initialized with port(s): 8400 (http)
2021-06-06_11-44-04 [restartedMain] INFO  o.a.coyote.http11.Http11NioProtocol - Initializing ProtocolHandler ["http-nio-8400"]
2021-06-06_11-44-04 [restartedMain] INFO  o.a.catalina.core.StandardService - Starting service [Tomcat]
2021-06-06_11-44-04 [restartedMain] INFO  o.a.catalina.core.StandardEngine - Starting Servlet engine: [Apache Tomcat/9.0.41]
2021-06-06_11-44-04 [restartedMain] INFO  o.a.c.c.C.[.[localhost].[/auth] - Initializing Spring embedded WebApplicationContext
2021-06-06_11-44-04 [restartedMain] INFO  o.s.b.w.s.c.ServletWebServerApplicationContext - Root WebApplicationContext: initialization completed in 3501 ms
2021-06-06_11-44-04 [restartedMain] INFO  com.zaxxer.hikari.HikariDataSource - HikariPool-1 - Starting...
2021-06-06_11-44-04 [restartedMain] INFO  com.zaxxer.hikari.HikariDataSource - HikariPool-1 - Start completed.
2021-06-06_11-44-04 [restartedMain] INFO  o.s.b.a.h.H2ConsoleAutoConfiguration - H2 console available at '/db'. Database available at 'jdbc:h2:mem:testdb'
2021-06-06_11-44-04 [restartedMain] INFO  o.h.jpa.internal.util.LogHelper - HHH000204: Processing PersistenceUnitInfo [name: default]
2021-06-06_11-44-04 [restartedMain] INFO  org.hibernate.Version - HHH000412: Hibernate ORM core version 5.4.27.Final
2021-06-06_11-44-04 [restartedMain] INFO  o.h.annotations.common.Version - HCANN000001: Hibernate Commons Annotations {5.1.2.Final}
2021-06-06_11-44-04 [restartedMain] INFO  org.hibernate.dialect.Dialect - HHH000400: Using dialect: org.hibernate.dialect.H2Dialect
2021-06-06_11-44-04 [restartedMain] INFO  o.h.e.t.j.p.i.JtaPlatformInitiator - HHH000490: Using JtaPlatform implementation: [org.hibernate.engine.transaction.jta.platform.internal.NoJtaPlatform]
2021-06-06_11-44-04 [restartedMain] INFO  o.s.o.j.LocalContainerEntityManagerFactoryBean - Initialized JPA EntityManagerFactory for persistence unit 'default'
2021-06-06_11-44-04 [restartedMain] INFO  o.s.b.d.a.OptionalLiveReloadServer - LiveReload server is running on port 35729
2021-06-06_11-44-04 [restartedMain] INFO  s.d.s.w.PropertySourcedRequestMappingHandlerMapping - Mapped URL path [/v2/api-docs] onto method [springfox.documentation.swagger2.web.Swagger2Controller#getDocumentation(String, HttpServletRequest)]
2021-06-06_11-44-04 [restartedMain] INFO  o.s.s.web.DefaultSecurityFilterChain - Will secure any request with [org.springframework.security.web.context.request.async.WebAsyncManagerIntegrationFilter@35d2f348, org.springframework.security.web.context.SecurityContextPersistenceFilter@2995755b, org.springframework.security.web.header.HeaderWriterFilter@b2d081c, org.springframework.security.web.authentication.logout.LogoutFilter@509ee47, com.cts.authorization.config.JwtRequestFilter@259c07f8, org.springframework.security.web.savedrequest.RequestCacheAwareFilter@49c71fe9, org.springframework.security.web.servletapi.SecurityContextHolderAwareRequestFilter@2c83c94a, org.springframework.security.web.authentication.AnonymousAuthenticationFilter@639da240, org.springframework.security.web.session.SessionManagementFilter@3e5385bc, org.springframework.security.web.access.ExceptionTranslationFilter@74d3ef3d, org.springframework.security.web.access.intercept.FilterSecurityInterceptor@3e1e637d]
2021-06-06_11-44-04 [restartedMain] INFO  o.s.s.c.ThreadPoolTaskExecutor - Initializing ExecutorService 'applicationTaskExecutor'
2021-06-06_11-44-04 [restartedMain] INFO  o.a.coyote.http11.Http11NioProtocol - Starting ProtocolHandler ["http-nio-8400"]
2021-06-06_11-44-04 [restartedMain] INFO  o.s.b.w.e.tomcat.TomcatWebServer - Tomcat started on port(s): 8400 (http) with context path '/auth'
2021-06-06_11-44-04 [restartedMain] INFO  s.d.s.w.p.DocumentationPluginsBootstrapper - Context refreshed
2021-06-06_11-44-04 [restartedMain] INFO  s.d.s.w.p.DocumentationPluginsBootstrapper - Found 1 custom documentation plugin(s)
2021-06-06_11-44-04 [restartedMain] INFO  s.d.s.w.s.ApiListingReferenceScanner - Scanning for api listing references
2021-06-06_11-44-04 [restartedMain] INFO  c.c.a.AuthorizatiionMicroserviceApplication - Started AuthorizatiionMicroserviceApplication in 13.673 seconds (JVM running for 16.004)
2021-06-06_11-44-04 [http-nio-8400-exec-1] INFO  o.a.c.c.C.[.[localhost].[/auth] - Initializing Spring DispatcherServlet 'dispatcherServlet'
2021-06-06_11-44-04 [http-nio-8400-exec-1] INFO  o.s.web.servlet.DispatcherServlet - Initializing Servlet 'dispatcherServlet'
2021-06-06_11-44-04 [http-nio-8400-exec-1] INFO  o.s.web.servlet.DispatcherServlet - Completed initialization in 2 ms
2021-06-06_11-44-04 [http-nio-8400-exec-1] INFO  c.c.a.service.JwtUserDetailsService - User found
2021-06-06_11-44-04 [http-nio-8400-exec-1] INFO  c.c.a.service.JwtUserDetailsService - user successfully located
2021-06-06_11-44-04 [http-nio-8400-exec-3] INFO  c.c.a.service.JwtUserDetailsService - User found
2021-06-06_11-44-04 [http-nio-8400-exec-3] INFO  c.c.a.service.JwtUserDetailsService - user successfully located
2021-06-06_11-44-04 [http-nio-8400-exec-4] INFO  c.c.a.service.JwtUserDetailsService - User found
2021-06-06_11-44-04 [http-nio-8400-exec-4] INFO  c.c.a.service.JwtUserDetailsService - user successfully located
2021-06-06_11-44-04 [http-nio-8400-exec-5] INFO  c.c.a.service.JwtUserDetailsService - User found
2021-06-06_11-44-04 [http-nio-8400-exec-5] INFO  c.c.a.service.JwtUserDetailsService - user successfully located
2021-06-06_11-44-04 [http-nio-8400-exec-7] INFO  c.c.a.service.JwtUserDetailsService - User found
2021-06-06_11-44-04 [http-nio-8400-exec-7] INFO  c.c.a.service.JwtUserDetailsService - user successfully located
2021-06-06_11-44-04 [http-nio-8400-exec-8] INFO  c.c.a.service.JwtUserDetailsService - User found
2021-06-06_11-44-04 [http-nio-8400-exec-8] INFO  c.c.a.service.JwtUserDetailsService - user successfully located
2021-06-06_11-44-04 [http-nio-8400-exec-2] INFO  c.c.a.service.JwtUserDetailsService - User found
2021-06-06_11-44-04 [http-nio-8400-exec-2] INFO  c.c.a.service.JwtUserDetailsService - user successfully located
2021-06-06_11-44-04 [http-nio-8400-exec-2] INFO  c.c.a.service.JwtUserDetailsService - User found
2021-06-06_11-44-04 [http-nio-8400-exec-2] INFO  c.c.a.service.JwtUserDetailsService - user successfully located
2021-06-06_11-44-04 [http-nio-8400-exec-3] INFO  c.c.a.service.JwtUserDetailsService - User found
2021-06-06_11-44-04 [http-nio-8400-exec-3] INFO  c.c.a.service.JwtUserDetailsService - user successfully located
2021-06-06_11-44-04 [http-nio-8400-exec-4] INFO  c.c.a.service.JwtUserDetailsService - User found
2021-06-06_11-44-04 [http-nio-8400-exec-4] INFO  c.c.a.service.JwtUserDetailsService - user successfully located
2021-06-06_11-44-04 [http-nio-8400-exec-7] INFO  c.c.a.service.JwtUserDetailsService - User found
2021-06-06_11-44-04 [http-nio-8400-exec-7] INFO  c.c.a.service.JwtUserDetailsService - user successfully located
2021-06-06_11-44-04 [http-nio-8400-exec-9] INFO  c.c.a.service.JwtUserDetailsService - User found
2021-06-06_11-44-04 [http-nio-8400-exec-9] INFO  c.c.a.service.JwtUserDetailsService - user successfully located
2021-06-06_11-44-04 [http-nio-8400-exec-10] INFO  c.c.a.service.JwtUserDetailsService - User found
2021-06-06_11-44-04 [http-nio-8400-exec-10] INFO  c.c.a.service.JwtUserDetailsService - user successfully located
2021-06-06_11-44-04 [http-nio-8400-exec-1] INFO  c.c.a.service.JwtUserDetailsService - User found
2021-06-06_11-44-04 [http-nio-8400-exec-1] INFO  c.c.a.service.JwtUserDetailsService - user successfully located
2021-06-06_11-44-04 [http-nio-8400-exec-3] INFO  c.c.a.service.JwtUserDetailsService - User found
2021-06-06_11-44-04 [http-nio-8400-exec-3] INFO  c.c.a.service.JwtUserDetailsService - user successfully located
2021-06-06_11-44-04 [http-nio-8400-exec-4] INFO  c.c.a.service.JwtUserDetailsService - User found
2021-06-06_11-44-04 [http-nio-8400-exec-4] INFO  c.c.a.service.JwtUserDetailsService - user successfully located
2021-06-06_11-44-04 [http-nio-8400-exec-5] INFO  c.c.a.service.JwtUserDetailsService - User found
2021-06-06_11-44-04 [http-nio-8400-exec-5] INFO  c.c.a.service.JwtUserDetailsService - user successfully located
2021-06-06_11-44-04 [http-nio-8400-exec-6] INFO  c.c.a.service.JwtUserDetailsService - User found
2021-06-06_11-44-04 [http-nio-8400-exec-6] INFO  c.c.a.service.JwtUserDetailsService - user successfully located
2021-06-06_11-44-04 [http-nio-8400-exec-7] INFO  c.c.a.service.JwtUserDetailsService - User found
2021-06-06_11-44-04 [http-nio-8400-exec-7] INFO  c.c.a.service.JwtUserDetailsService - user successfully located
2021-06-06_11-44-04 [http-nio-8400-exec-8] INFO  c.c.a.service.JwtUserDetailsService - User found
2021-06-06_11-44-04 [http-nio-8400-exec-8] INFO  c.c.a.service.JwtUserDetailsService - user successfully located
2021-06-06_11-44-04 [http-nio-8400-exec-1] INFO  c.c.a.service.JwtUserDetailsService - User found
2021-06-06_11-44-04 [http-nio-8400-exec-1] INFO  c.c.a.service.JwtUserDetailsService - user successfully located
2021-06-06_11-44-04 [http-nio-8400-exec-1] INFO  c.c.a.service.JwtUserDetailsService - User found
2021-06-06_11-44-04 [http-nio-8400-exec-1] INFO  c.c.a.service.JwtUserDetailsService - user successfully located
2021-06-06_11-44-04 [http-nio-8400-exec-2] INFO  c.c.a.service.JwtUserDetailsService - User found
2021-06-06_11-44-04 [http-nio-8400-exec-2] INFO  c.c.a.service.JwtUserDetailsService - user successfully located
2021-06-06_11-44-04 [http-nio-8400-exec-3] INFO  c.c.a.service.JwtUserDetailsService - User found
2021-06-06_11-44-04 [http-nio-8400-exec-3] INFO  c.c.a.service.JwtUserDetailsService - user successfully located
2021-06-06_11-44-04 [http-nio-8400-exec-4] INFO  c.c.a.service.JwtUserDetailsService - User found
2021-06-06_11-44-04 [http-nio-8400-exec-4] INFO  c.c.a.service.JwtUserDetailsService - user successfully located
2021-06-06_11-44-04 [http-nio-8400-exec-5] INFO  c.c.a.service.JwtUserDetailsService - User found
2021-06-06_11-44-04 [http-nio-8400-exec-5] INFO  c.c.a.service.JwtUserDetailsService - user successfully located
2021-06-06_11-44-04 [http-nio-8400-exec-6] INFO  c.c.a.service.JwtUserDetailsService - User found
2021-06-06_11-44-04 [http-nio-8400-exec-6] INFO  c.c.a.service.JwtUserDetailsService - user successfully located
2021-06-06_11-44-04 [Thread-8] INFO  o.s.s.c.ThreadPoolTaskExecutor - Shutting down ExecutorService 'applicationTaskExecutor'
2021-06-06_11-44-04 [Thread-8] INFO  o.s.o.j.LocalContainerEntityManagerFactoryBean - Closing JPA EntityManagerFactory for persistence unit 'default'
2021-06-06_11-44-04 [Thread-8] INFO  o.h.t.s.i.SchemaDropperImpl$DelayedDropActionImpl - HHH000477: Starting delayed evictData of schema as part of SessionFactory shut-down'
2021-06-06_11-44-04 [Thread-8] INFO  com.zaxxer.hikari.HikariDataSource - HikariPool-1 - Shutdown initiated...
2021-06-06_11-44-04 [Thread-8] INFO  com.zaxxer.hikari.HikariDataSource - HikariPool-1 - Shutdown completed.
2021-06-06_12-50-46 [restartedMain] INFO  c.c.a.AuthorizatiionMicroserviceApplication - Starting AuthorizatiionMicroserviceApplication using Java 1.8.0_291 on DESKTOP-SLDQ587 with PID 1964 (C:\Users\Vishesh\Desktop\cognizant\project\CDE-Project-International-Patients-treatment-management\CDE-Project-International-Patients-treatment-management\Authorizatiion-Microservice\target\classes started by Vishesh in C:\Users\Vishesh\Desktop\cognizant\project\CDE-Project-International-Patients-treatment-management\CDE-Project-International-Patients-treatment-management\Authorizatiion-Microservice)
2021-06-06_12-50-46 [restartedMain] INFO  c.c.a.AuthorizatiionMicroserviceApplication - No active profile set, falling back to default profiles: default
2021-06-06_12-50-46 [restartedMain] INFO  o.s.d.r.c.RepositoryConfigurationDelegate - Bootstrapping Spring Data JPA repositories in DEFAULT mode.
2021-06-06_12-50-46 [restartedMain] INFO  o.s.d.r.c.RepositoryConfigurationDelegate - Finished Spring Data repository scanning in 64 ms. Found 1 JPA repository interfaces.
2021-06-06_12-50-46 [restartedMain] INFO  o.s.cloud.context.scope.GenericScope - BeanFactory id=edea1387-1a2d-33de-8525-4ed44fa6e3e5
2021-06-06_12-50-46 [restartedMain] INFO  o.s.b.w.e.tomcat.TomcatWebServer - Tomcat initialized with port(s): 8400 (http)
2021-06-06_12-50-46 [restartedMain] INFO  o.a.coyote.http11.Http11NioProtocol - Initializing ProtocolHandler ["http-nio-8400"]
2021-06-06_12-50-46 [restartedMain] INFO  o.a.catalina.core.StandardService - Starting service [Tomcat]
2021-06-06_12-50-46 [restartedMain] INFO  o.a.catalina.core.StandardEngine - Starting Servlet engine: [Apache Tomcat/9.0.41]
2021-06-06_12-50-46 [restartedMain] INFO  o.a.c.c.C.[.[localhost].[/auth] - Initializing Spring embedded WebApplicationContext
2021-06-06_12-50-46 [restartedMain] INFO  o.s.b.w.s.c.ServletWebServerApplicationContext - Root WebApplicationContext: initialization completed in 1935 ms
2021-06-06_12-50-46 [restartedMain] INFO  o.a.catalina.core.StandardService - Stopping service [Tomcat]
2021-06-06_12-50-46 [restartedMain] INFO  o.s.b.a.l.ConditionEvaluationReportLoggingListener - 

Error starting ApplicationContext. To display the conditions report re-run your application with 'debug' enabled.
2021-06-06_12-51-21 [restartedMain] INFO  c.c.a.AuthorizatiionMicroserviceApplication - Starting AuthorizatiionMicroserviceApplication using Java 1.8.0_291 on DESKTOP-SLDQ587 with PID 1964 (C:\Users\Vishesh\Desktop\cognizant\project\CDE-Project-International-Patients-treatment-management\CDE-Project-International-Patients-treatment-management\Authorizatiion-Microservice\target\classes started by Vishesh in C:\Users\Vishesh\Desktop\cognizant\project\CDE-Project-International-Patients-treatment-management\CDE-Project-International-Patients-treatment-management\Authorizatiion-Microservice)
2021-06-06_12-51-21 [restartedMain] INFO  c.c.a.AuthorizatiionMicroserviceApplication - No active profile set, falling back to default profiles: default
2021-06-06_12-51-21 [restartedMain] INFO  o.s.d.r.c.RepositoryConfigurationDelegate - Bootstrapping Spring Data JPA repositories in DEFAULT mode.
2021-06-06_12-51-21 [restartedMain] INFO  o.s.d.r.c.RepositoryConfigurationDelegate - Finished Spring Data repository scanning in 31 ms. Found 1 JPA repository interfaces.
2021-06-06_12-51-21 [restartedMain] INFO  o.s.cloud.context.scope.GenericScope - BeanFactory id=edea1387-1a2d-33de-8525-4ed44fa6e3e5
2021-06-06_12-51-21 [restartedMain] INFO  o.s.b.w.e.tomcat.TomcatWebServer - Tomcat initialized with port(s): 8400 (http)
2021-06-06_12-51-21 [restartedMain] INFO  o.a.coyote.http11.Http11NioProtocol - Initializing ProtocolHandler ["http-nio-8400"]
2021-06-06_12-51-21 [restartedMain] INFO  o.a.catalina.core.StandardService - Starting service [Tomcat]
2021-06-06_12-51-21 [restartedMain] INFO  o.a.catalina.core.StandardEngine - Starting Servlet engine: [Apache Tomcat/9.0.41]
2021-06-06_12-51-21 [restartedMain] INFO  o.a.c.c.C.[.[localhost].[/auth] - Initializing Spring embedded WebApplicationContext
2021-06-06_12-51-21 [restartedMain] INFO  o.s.b.w.s.c.ServletWebServerApplicationContext - Root WebApplicationContext: initialization completed in 1220 ms
2021-06-06_12-51-21 [restartedMain] INFO  o.a.catalina.core.StandardService - Stopping service [Tomcat]
2021-06-06_12-51-21 [restartedMain] INFO  o.s.b.a.l.ConditionEvaluationReportLoggingListener - 

Error starting ApplicationContext. To display the conditions report re-run your application with 'debug' enabled.
2021-06-06_12-52-17 [restartedMain] INFO  c.c.a.AuthorizatiionMicroserviceApplication - Starting AuthorizatiionMicroserviceApplication using Java 1.8.0_291 on DESKTOP-SLDQ587 with PID 1964 (C:\Users\Vishesh\Desktop\cognizant\project\CDE-Project-International-Patients-treatment-management\CDE-Project-International-Patients-treatment-management\Authorizatiion-Microservice\target\classes started by Vishesh in C:\Users\Vishesh\Desktop\cognizant\project\CDE-Project-International-Patients-treatment-management\CDE-Project-International-Patients-treatment-management\Authorizatiion-Microservice)
2021-06-06_12-52-17 [restartedMain] INFO  c.c.a.AuthorizatiionMicroserviceApplication - No active profile set, falling back to default profiles: default
2021-06-06_12-52-17 [restartedMain] INFO  o.s.d.r.c.RepositoryConfigurationDelegate - Bootstrapping Spring Data JPA repositories in DEFAULT mode.
2021-06-06_12-52-17 [restartedMain] INFO  o.s.d.r.c.RepositoryConfigurationDelegate - Finished Spring Data repository scanning in 28 ms. Found 1 JPA repository interfaces.
2021-06-06_12-52-17 [restartedMain] INFO  o.s.cloud.context.scope.GenericScope - BeanFactory id=edea1387-1a2d-33de-8525-4ed44fa6e3e5
2021-06-06_12-52-17 [restartedMain] INFO  o.s.b.w.e.tomcat.TomcatWebServer - Tomcat initialized with port(s): 8400 (http)
2021-06-06_12-52-17 [restartedMain] INFO  o.a.coyote.http11.Http11NioProtocol - Initializing ProtocolHandler ["http-nio-8400"]
2021-06-06_12-52-17 [restartedMain] INFO  o.a.catalina.core.StandardService - Starting service [Tomcat]
2021-06-06_12-52-17 [restartedMain] INFO  o.a.catalina.core.StandardEngine - Starting Servlet engine: [Apache Tomcat/9.0.41]
2021-06-06_12-52-17 [restartedMain] INFO  o.a.c.c.C.[.[localhost].[/auth] - Initializing Spring embedded WebApplicationContext
2021-06-06_12-52-17 [restartedMain] INFO  o.s.b.w.s.c.ServletWebServerApplicationContext - Root WebApplicationContext: initialization completed in 1089 ms
2021-06-06_12-52-17 [restartedMain] INFO  o.a.catalina.core.StandardService - Stopping service [Tomcat]
2021-06-06_12-52-17 [restartedMain] INFO  o.s.b.a.l.ConditionEvaluationReportLoggingListener - 

Error starting ApplicationContext. To display the conditions report re-run your application with 'debug' enabled.
2021-06-06_12-54-27 [restartedMain] INFO  o.s.b.d.e.DevToolsPropertyDefaultsPostProcessor - Devtools property defaults active! Set 'spring.devtools.add-properties' to 'false' to disable
2021-06-06_12-54-27 [restartedMain] INFO  o.s.b.d.e.DevToolsPropertyDefaultsPostProcessor - For additional web related logging consider setting the 'logging.level.web' property to 'DEBUG'
2021-06-06_12-54-30 [restartedMain] INFO  c.c.a.AuthorizatiionMicroserviceApplication - Starting AuthorizatiionMicroserviceApplication using Java 1.8.0_291 on DESKTOP-SLDQ587 with PID 1964 (C:\Users\Vishesh\Desktop\cognizant\project\CDE-Project-International-Patients-treatment-management\CDE-Project-International-Patients-treatment-management\Authorizatiion-Microservice\target\classes started by Vishesh in C:\Users\Vishesh\Desktop\cognizant\project\CDE-Project-International-Patients-treatment-management\CDE-Project-International-Patients-treatment-management\Authorizatiion-Microservice)
2021-06-06_12-54-30 [restartedMain] INFO  c.c.a.AuthorizatiionMicroserviceApplication - No active profile set, falling back to default profiles: default
2021-06-06_12-54-30 [restartedMain] INFO  o.s.d.r.c.RepositoryConfigurationDelegate - Bootstrapping Spring Data JPA repositories in DEFAULT mode.
2021-06-06_12-54-30 [restartedMain] INFO  o.s.d.r.c.RepositoryConfigurationDelegate - Finished Spring Data repository scanning in 44 ms. Found 1 JPA repository interfaces.
2021-06-06_12-54-30 [restartedMain] INFO  o.s.cloud.context.scope.GenericScope - BeanFactory id=edea1387-1a2d-33de-8525-4ed44fa6e3e5
2021-06-06_12-54-30 [restartedMain] INFO  o.s.b.w.e.tomcat.TomcatWebServer - Tomcat initialized with port(s): 8400 (http)
2021-06-06_12-54-30 [restartedMain] INFO  o.a.coyote.http11.Http11NioProtocol - Initializing ProtocolHandler ["http-nio-8400"]
2021-06-06_12-54-30 [restartedMain] INFO  o.a.catalina.core.StandardService - Starting service [Tomcat]
2021-06-06_12-54-30 [restartedMain] INFO  o.a.catalina.core.StandardEngine - Starting Servlet engine: [Apache Tomcat/9.0.41]
2021-06-06_12-54-30 [restartedMain] INFO  o.a.c.c.C.[.[localhost].[/auth] - Initializing Spring embedded WebApplicationContext
2021-06-06_12-54-30 [restartedMain] INFO  o.s.b.w.s.c.ServletWebServerApplicationContext - Root WebApplicationContext: initialization completed in 1456 ms
2021-06-06_12-54-30 [restartedMain] INFO  o.a.catalina.core.StandardService - Stopping service [Tomcat]
2021-06-06_12-54-30 [restartedMain] INFO  o.s.b.a.l.ConditionEvaluationReportLoggingListener - 

Error starting ApplicationContext. To display the conditions report re-run your application with 'debug' enabled.
2021-06-06_12-59-42 [restartedMain] INFO  c.c.a.AuthorizatiionMicroserviceApplication - Starting AuthorizatiionMicroserviceApplication using Java 1.8.0_291 on DESKTOP-SLDQ587 with PID 1964 (C:\Users\Vishesh\Desktop\cognizant\project\CDE-Project-International-Patients-treatment-management\CDE-Project-International-Patients-treatment-management\Authorizatiion-Microservice\target\classes started by Vishesh in C:\Users\Vishesh\Desktop\cognizant\project\CDE-Project-International-Patients-treatment-management\CDE-Project-International-Patients-treatment-management\Authorizatiion-Microservice)
2021-06-06_12-59-42 [restartedMain] INFO  c.c.a.AuthorizatiionMicroserviceApplication - No active profile set, falling back to default profiles: default
2021-06-06_12-59-42 [restartedMain] INFO  o.s.d.r.c.RepositoryConfigurationDelegate - Bootstrapping Spring Data JPA repositories in DEFAULT mode.
2021-06-06_12-59-42 [restartedMain] INFO  o.s.d.r.c.RepositoryConfigurationDelegate - Finished Spring Data repository scanning in 33 ms. Found 1 JPA repository interfaces.
2021-06-06_12-59-42 [restartedMain] INFO  o.s.cloud.context.scope.GenericScope - BeanFactory id=edea1387-1a2d-33de-8525-4ed44fa6e3e5
2021-06-06_12-59-42 [restartedMain] INFO  o.s.b.w.e.tomcat.TomcatWebServer - Tomcat initialized with port(s): 8400 (http)
2021-06-06_12-59-42 [restartedMain] INFO  o.a.coyote.http11.Http11NioProtocol - Initializing ProtocolHandler ["http-nio-8400"]
2021-06-06_12-59-42 [restartedMain] INFO  o.a.catalina.core.StandardService - Starting service [Tomcat]
2021-06-06_12-59-42 [restartedMain] INFO  o.a.catalina.core.StandardEngine - Starting Servlet engine: [Apache Tomcat/9.0.41]
2021-06-06_12-59-42 [restartedMain] INFO  o.a.c.c.C.[.[localhost].[/auth] - Initializing Spring embedded WebApplicationContext
2021-06-06_12-59-42 [restartedMain] INFO  o.s.b.w.s.c.ServletWebServerApplicationContext - Root WebApplicationContext: initialization completed in 1029 ms
2021-06-06_12-59-42 [restartedMain] INFO  o.a.catalina.core.StandardService - Stopping service [Tomcat]
2021-06-06_12-59-42 [restartedMain] INFO  o.s.b.a.l.ConditionEvaluationReportLoggingListener - 

Error starting ApplicationContext. To display the conditions report re-run your application with 'debug' enabled.
2021-06-06_13-00-17 [restartedMain] INFO  c.c.a.AuthorizatiionMicroserviceApplication - Starting AuthorizatiionMicroserviceApplication using Java 1.8.0_291 on DESKTOP-SLDQ587 with PID 7720 (C:\Users\Vishesh\Desktop\cognizant\project\CDE-Project-International-Patients-treatment-management\CDE-Project-International-Patients-treatment-management\Authorizatiion-Microservice\target\classes started by Vishesh in C:\Users\Vishesh\Desktop\cognizant\project\CDE-Project-International-Patients-treatment-management\CDE-Project-International-Patients-treatment-management\Authorizatiion-Microservice)
2021-06-06_13-00-17 [restartedMain] INFO  c.c.a.AuthorizatiionMicroserviceApplication - No active profile set, falling back to default profiles: default
2021-06-06_13-00-17 [restartedMain] INFO  o.s.b.d.e.DevToolsPropertyDefaultsPostProcessor - Devtools property defaults active! Set 'spring.devtools.add-properties' to 'false' to disable
2021-06-06_13-00-17 [restartedMain] INFO  o.s.b.d.e.DevToolsPropertyDefaultsPostProcessor - For additional web related logging consider setting the 'logging.level.web' property to 'DEBUG'
2021-06-06_13-00-17 [restartedMain] INFO  o.s.d.r.c.RepositoryConfigurationDelegate - Bootstrapping Spring Data JPA repositories in DEFAULT mode.
2021-06-06_13-00-17 [restartedMain] INFO  o.s.d.r.c.RepositoryConfigurationDelegate - Finished Spring Data repository scanning in 86 ms. Found 1 JPA repository interfaces.
2021-06-06_13-00-17 [restartedMain] INFO  o.s.cloud.context.scope.GenericScope - BeanFactory id=bc835a7b-e37d-385d-8407-3a426b879bd3
2021-06-06_13-00-17 [restartedMain] INFO  o.s.b.w.e.tomcat.TomcatWebServer - Tomcat initialized with port(s): 8400 (http)
2021-06-06_13-00-17 [restartedMain] INFO  o.a.coyote.http11.Http11NioProtocol - Initializing ProtocolHandler ["http-nio-8400"]
2021-06-06_13-00-17 [restartedMain] INFO  o.a.catalina.core.StandardService - Starting service [Tomcat]
2021-06-06_13-00-17 [restartedMain] INFO  o.a.catalina.core.StandardEngine - Starting Servlet engine: [Apache Tomcat/9.0.41]
2021-06-06_13-00-17 [restartedMain] INFO  o.a.c.c.C.[.[localhost].[/auth] - Initializing Spring embedded WebApplicationContext
2021-06-06_13-00-17 [restartedMain] INFO  o.s.b.w.s.c.ServletWebServerApplicationContext - Root WebApplicationContext: initialization completed in 4435 ms
2021-06-06_13-00-17 [restartedMain] INFO  o.h.jpa.internal.util.LogHelper - HHH000204: Processing PersistenceUnitInfo [name: default]
2021-06-06_13-00-17 [restartedMain] INFO  org.hibernate.Version - HHH000412: Hibernate ORM core version 5.4.27.Final
2021-06-06_13-00-17 [restartedMain] INFO  o.h.annotations.common.Version - HCANN000001: Hibernate Commons Annotations {5.1.2.Final}
2021-06-06_13-00-17 [restartedMain] INFO  com.zaxxer.hikari.HikariDataSource - HikariPool-1 - Starting...
2021-06-06_13-00-17 [restartedMain] INFO  com.zaxxer.hikari.HikariDataSource - HikariPool-1 - Start completed.
2021-06-06_13-00-17 [restartedMain] INFO  org.hibernate.dialect.Dialect - HHH000400: Using dialect: org.hibernate.dialect.MySQL8Dialect
2021-06-06_13-00-17 [restartedMain] INFO  o.h.e.t.j.p.i.JtaPlatformInitiator - HHH000490: Using JtaPlatform implementation: [org.hibernate.engine.transaction.jta.platform.internal.NoJtaPlatform]
2021-06-06_13-00-17 [restartedMain] INFO  o.s.o.j.LocalContainerEntityManagerFactoryBean - Initialized JPA EntityManagerFactory for persistence unit 'default'
2021-06-06_13-00-17 [restartedMain] INFO  o.s.b.d.a.OptionalLiveReloadServer - LiveReload server is running on port 35729
2021-06-06_13-00-17 [restartedMain] INFO  s.d.s.w.PropertySourcedRequestMappingHandlerMapping - Mapped URL path [/v2/api-docs] onto method [springfox.documentation.swagger2.web.Swagger2Controller#getDocumentation(String, HttpServletRequest)]
2021-06-06_13-00-17 [restartedMain] INFO  o.s.s.web.DefaultSecurityFilterChain - Will secure any request with [org.springframework.security.web.context.request.async.WebAsyncManagerIntegrationFilter@66ae34e5, org.springframework.security.web.context.SecurityContextPersistenceFilter@4df5950d, org.springframework.security.web.header.HeaderWriterFilter@1fc51f42, org.springframework.security.web.authentication.logout.LogoutFilter@6fd70685, com.cts.authorization.config.JwtRequestFilter@9b3bc7f, org.springframework.security.web.savedrequest.RequestCacheAwareFilter@559629d1, org.springframework.security.web.servletapi.SecurityContextHolderAwareRequestFilter@86afbc, org.springframework.security.web.authentication.AnonymousAuthenticationFilter@1bf4fe8c, org.springframework.security.web.session.SessionManagementFilter@333f4716, org.springframework.security.web.access.ExceptionTranslationFilter@47d4b8bd, org.springframework.security.web.access.intercept.FilterSecurityInterceptor@7a8391c3]
2021-06-06_13-00-17 [restartedMain] INFO  o.s.s.c.ThreadPoolTaskExecutor - Initializing ExecutorService 'applicationTaskExecutor'
2021-06-06_13-00-17 [restartedMain] INFO  o.a.coyote.http11.Http11NioProtocol - Starting ProtocolHandler ["http-nio-8400"]
2021-06-06_13-00-17 [restartedMain] INFO  o.s.b.w.e.tomcat.TomcatWebServer - Tomcat started on port(s): 8400 (http) with context path '/auth'
2021-06-06_13-00-17 [restartedMain] INFO  s.d.s.w.p.DocumentationPluginsBootstrapper - Context refreshed
2021-06-06_13-00-17 [restartedMain] INFO  s.d.s.w.p.DocumentationPluginsBootstrapper - Found 1 custom documentation plugin(s)
2021-06-06_13-00-17 [restartedMain] INFO  s.d.s.w.s.ApiListingReferenceScanner - Scanning for api listing references
2021-06-06_13-00-17 [restartedMain] INFO  c.c.a.AuthorizatiionMicroserviceApplication - Started AuthorizatiionMicroserviceApplication in 14.88 seconds (JVM running for 17.77)
2021-06-06_13-00-17 [http-nio-8400-exec-1] INFO  o.a.c.c.C.[.[localhost].[/auth] - Initializing Spring DispatcherServlet 'dispatcherServlet'
2021-06-06_13-00-17 [http-nio-8400-exec-1] INFO  o.s.web.servlet.DispatcherServlet - Initializing Servlet 'dispatcherServlet'
2021-06-06_13-00-17 [http-nio-8400-exec-1] INFO  o.s.web.servlet.DispatcherServlet - Completed initialization in 2 ms
2021-06-06_13-00-17 [http-nio-8400-exec-3] INFO  c.c.a.service.JwtUserDetailsService - User found
2021-06-06_13-00-17 [http-nio-8400-exec-3] INFO  c.c.a.service.JwtUserDetailsService - user successfully located
2021-06-06_13-00-17 [http-nio-8400-exec-3] INFO  c.c.a.service.JwtUserDetailsService - User found
2021-06-06_13-00-17 [http-nio-8400-exec-3] INFO  c.c.a.service.JwtUserDetailsService - user successfully located
2021-06-06_13-00-17 [http-nio-8400-exec-4] INFO  c.c.a.service.JwtUserDetailsService - User found
2021-06-06_13-00-17 [http-nio-8400-exec-4] INFO  c.c.a.service.JwtUserDetailsService - user successfully located
2021-06-06_13-00-17 [http-nio-8400-exec-6] INFO  c.c.a.service.JwtUserDetailsService - User found
2021-06-06_13-00-17 [http-nio-8400-exec-6] INFO  c.c.a.service.JwtUserDetailsService - user successfully located
2021-06-06_13-00-17 [http-nio-8400-exec-7] INFO  c.c.a.service.JwtUserDetailsService - User found
2021-06-06_13-00-17 [http-nio-8400-exec-7] INFO  c.c.a.service.JwtUserDetailsService - user successfully located
2021-06-06_13-00-17 [http-nio-8400-exec-9] INFO  c.c.a.service.JwtUserDetailsService - User found
2021-06-06_13-00-17 [http-nio-8400-exec-9] INFO  c.c.a.service.JwtUserDetailsService - user successfully located
2021-06-06_13-00-17 [http-nio-8400-exec-10] INFO  c.c.a.service.JwtUserDetailsService - User found
2021-06-06_13-00-17 [http-nio-8400-exec-10] INFO  c.c.a.service.JwtUserDetailsService - user successfully located
2021-06-06_13-00-17 [http-nio-8400-exec-2] INFO  c.c.a.service.JwtUserDetailsService - User found
2021-06-06_13-00-17 [http-nio-8400-exec-2] INFO  c.c.a.service.JwtUserDetailsService - user successfully located
2021-06-06_13-00-17 [http-nio-8400-exec-5] INFO  c.c.a.service.JwtUserDetailsService - User found
2021-06-06_13-00-17 [http-nio-8400-exec-5] INFO  c.c.a.service.JwtUserDetailsService - user successfully located
2021-06-06_13-00-17 [http-nio-8400-exec-5] INFO  c.c.a.service.JwtUserDetailsService - User found
2021-06-06_13-00-17 [http-nio-8400-exec-5] INFO  c.c.a.service.JwtUserDetailsService - user successfully located
2021-06-06_13-00-17 [http-nio-8400-exec-6] INFO  c.c.a.service.JwtUserDetailsService - User found
2021-06-06_13-00-17 [http-nio-8400-exec-6] INFO  c.c.a.service.JwtUserDetailsService - user successfully located
2021-06-06_13-00-17 [http-nio-8400-exec-9] INFO  c.c.a.service.JwtUserDetailsService - User found
2021-06-06_13-00-17 [http-nio-8400-exec-9] INFO  c.c.a.service.JwtUserDetailsService - user successfully located
2021-06-06_13-00-17 [http-nio-8400-exec-10] INFO  c.c.a.service.JwtUserDetailsService - User found
2021-06-06_13-00-17 [http-nio-8400-exec-10] INFO  c.c.a.service.JwtUserDetailsService - user successfully located
2021-06-06_13-00-17 [http-nio-8400-exec-1] INFO  c.c.a.service.JwtUserDetailsService - User found
2021-06-06_13-00-17 [http-nio-8400-exec-1] INFO  c.c.a.service.JwtUserDetailsService - user successfully located
2021-06-06_13-00-17 [http-nio-8400-exec-2] INFO  c.c.a.service.JwtUserDetailsService - User found
2021-06-06_13-00-17 [http-nio-8400-exec-2] INFO  c.c.a.service.JwtUserDetailsService - user successfully located
2021-06-06_13-00-17 [http-nio-8400-exec-3] INFO  c.c.a.service.JwtUserDetailsService - User found
2021-06-06_13-00-17 [http-nio-8400-exec-3] INFO  c.c.a.service.JwtUserDetailsService - user successfully located
2021-06-06_13-00-17 [http-nio-8400-exec-5] INFO  c.c.a.service.JwtUserDetailsService - User found
2021-06-06_13-00-17 [http-nio-8400-exec-5] INFO  c.c.a.service.JwtUserDetailsService - user successfully located
2021-06-06_13-00-17 [http-nio-8400-exec-5] INFO  c.c.a.service.JwtUserDetailsService - User found
2021-06-06_13-00-17 [http-nio-8400-exec-5] INFO  c.c.a.service.JwtUserDetailsService - user successfully located
2021-06-06_13-00-17 [http-nio-8400-exec-6] INFO  c.c.a.service.JwtUserDetailsService - User found
2021-06-06_13-00-17 [http-nio-8400-exec-6] INFO  c.c.a.service.JwtUserDetailsService - user successfully located
2021-06-06_13-00-17 [http-nio-8400-exec-7] INFO  c.c.a.service.JwtUserDetailsService - User found
2021-06-06_13-00-17 [http-nio-8400-exec-7] INFO  c.c.a.service.JwtUserDetailsService - user successfully located
2021-06-06_13-00-17 [http-nio-8400-exec-8] INFO  c.c.a.service.JwtUserDetailsService - User found
2021-06-06_13-00-17 [http-nio-8400-exec-8] INFO  c.c.a.service.JwtUserDetailsService - user successfully located
2021-06-06_13-00-17 [http-nio-8400-exec-2] INFO  c.c.a.service.JwtUserDetailsService - User found
2021-06-06_13-00-17 [http-nio-8400-exec-2] INFO  c.c.a.service.JwtUserDetailsService - user successfully located
2021-06-06_13-00-17 [http-nio-8400-exec-2] INFO  c.c.a.service.JwtUserDetailsService - User found
2021-06-06_13-00-17 [http-nio-8400-exec-2] INFO  c.c.a.service.JwtUserDetailsService - user successfully located
2021-06-06_13-00-17 [http-nio-8400-exec-5] INFO  c.c.a.service.JwtUserDetailsService - User found
2021-06-06_13-00-17 [http-nio-8400-exec-5] INFO  c.c.a.service.JwtUserDetailsService - user successfully located
2021-06-06_13-00-17 [http-nio-8400-exec-5] INFO  c.c.a.service.JwtUserDetailsService - User found
2021-06-06_13-00-17 [http-nio-8400-exec-5] INFO  c.c.a.service.JwtUserDetailsService - user successfully located
2021-06-06_13-00-17 [http-nio-8400-exec-6] INFO  c.c.a.service.JwtUserDetailsService - User found
2021-06-06_13-00-17 [http-nio-8400-exec-6] INFO  c.c.a.service.JwtUserDetailsService - user successfully located
2021-06-06_13-00-17 [RMI TCP Connection(106)-127.0.0.1] INFO  o.s.b.a.SpringApplicationAdminMXBeanRegistrar$SpringApplicationAdmin - Application shutdown requested.
2021-06-06_13-00-17 [RMI TCP Connection(106)-127.0.0.1] INFO  o.s.s.c.ThreadPoolTaskExecutor - Shutting down ExecutorService 'applicationTaskExecutor'
2021-06-06_13-00-17 [RMI TCP Connection(106)-127.0.0.1] INFO  o.s.o.j.LocalContainerEntityManagerFactoryBean - Closing JPA EntityManagerFactory for persistence unit 'default'
2021-06-06_13-00-17 [RMI TCP Connection(106)-127.0.0.1] INFO  com.zaxxer.hikari.HikariDataSource - HikariPool-1 - Shutdown initiated...
2021-06-06_13-00-17 [RMI TCP Connection(106)-127.0.0.1] INFO  com.zaxxer.hikari.HikariDataSource - HikariPool-1 - Shutdown completed.
2021-06-06_14-46-59 [restartedMain] INFO  c.c.a.AuthorizatiionMicroserviceApplication - Starting AuthorizatiionMicroserviceApplication using Java 15.0.2 on DESKTOP-SLDQ587 with PID 1788 (C:\Users\Vishesh\eclipse-workspace3\CDE-Project-International-Patients-treatment-management\CDE-Project-International-Patients-treatment-management\Authorizatiion-Microservice\target\classes started by Vishesh in C:\Users\Vishesh\eclipse-workspace3\CDE-Project-International-Patients-treatment-management\CDE-Project-International-Patients-treatment-management\Authorizatiion-Microservice)
2021-06-06_14-46-59 [restartedMain] INFO  c.c.a.AuthorizatiionMicroserviceApplication - No active profile set, falling back to default profiles: default
2021-06-06_14-46-59 [restartedMain] INFO  o.s.b.d.e.DevToolsPropertyDefaultsPostProcessor - Devtools property defaults active! Set 'spring.devtools.add-properties' to 'false' to disable
2021-06-06_14-46-59 [restartedMain] INFO  o.s.b.d.e.DevToolsPropertyDefaultsPostProcessor - For additional web related logging consider setting the 'logging.level.web' property to 'DEBUG'
2021-06-06_14-46-59 [restartedMain] INFO  o.s.d.r.c.RepositoryConfigurationDelegate - Bootstrapping Spring Data JPA repositories in DEFAULT mode.
2021-06-06_14-46-59 [restartedMain] INFO  o.s.d.r.c.RepositoryConfigurationDelegate - Finished Spring Data repository scanning in 66 ms. Found 1 JPA repository interfaces.
2021-06-06_14-46-59 [restartedMain] INFO  o.s.cloud.context.scope.GenericScope - BeanFactory id=bc835a7b-e37d-385d-8407-3a426b879bd3
2021-06-06_14-46-59 [restartedMain] INFO  o.s.b.w.e.tomcat.TomcatWebServer - Tomcat initialized with port(s): 8400 (http)
2021-06-06_14-46-59 [restartedMain] INFO  o.a.coyote.http11.Http11NioProtocol - Initializing ProtocolHandler ["http-nio-8400"]
2021-06-06_14-46-59 [restartedMain] INFO  o.a.catalina.core.StandardService - Starting service [Tomcat]
2021-06-06_14-46-59 [restartedMain] INFO  o.a.catalina.core.StandardEngine - Starting Servlet engine: [Apache Tomcat/9.0.41]
2021-06-06_14-46-59 [restartedMain] INFO  o.a.c.c.C.[.[localhost].[/auth] - Initializing Spring embedded WebApplicationContext
2021-06-06_14-46-59 [restartedMain] INFO  o.s.b.w.s.c.ServletWebServerApplicationContext - Root WebApplicationContext: initialization completed in 2831 ms
2021-06-06_14-46-59 [restartedMain] INFO  o.h.jpa.internal.util.LogHelper - HHH000204: Processing PersistenceUnitInfo [name: default]
2021-06-06_14-46-59 [restartedMain] INFO  org.hibernate.Version - HHH000412: Hibernate ORM core version 5.4.27.Final
2021-06-06_14-46-59 [restartedMain] INFO  o.h.annotations.common.Version - HCANN000001: Hibernate Commons Annotations {5.1.2.Final}
2021-06-06_14-46-59 [restartedMain] INFO  com.zaxxer.hikari.HikariDataSource - HikariPool-1 - Starting...
2021-06-06_14-46-59 [restartedMain] INFO  com.zaxxer.hikari.HikariDataSource - HikariPool-1 - Start completed.
2021-06-06_14-46-59 [restartedMain] INFO  org.hibernate.dialect.Dialect - HHH000400: Using dialect: org.hibernate.dialect.MySQL8Dialect
2021-06-06_14-46-59 [restartedMain] INFO  o.h.e.t.j.p.i.JtaPlatformInitiator - HHH000490: Using JtaPlatform implementation: [org.hibernate.engine.transaction.jta.platform.internal.NoJtaPlatform]
2021-06-06_14-46-59 [restartedMain] INFO  o.s.o.j.LocalContainerEntityManagerFactoryBean - Initialized JPA EntityManagerFactory for persistence unit 'default'
2021-06-06_14-46-59 [restartedMain] INFO  o.s.b.d.a.OptionalLiveReloadServer - LiveReload server is running on port 35729
2021-06-06_14-46-59 [restartedMain] INFO  s.d.s.w.PropertySourcedRequestMappingHandlerMapping - Mapped URL path [/v2/api-docs] onto method [springfox.documentation.swagger2.web.Swagger2Controller#getDocumentation(String, HttpServletRequest)]
2021-06-06_14-46-59 [restartedMain] INFO  o.s.s.web.DefaultSecurityFilterChain - Will secure any request with [org.springframework.security.web.context.request.async.WebAsyncManagerIntegrationFilter@184c4587, org.springframework.security.web.context.SecurityContextPersistenceFilter@36606efb, org.springframework.security.web.header.HeaderWriterFilter@44326b41, org.springframework.security.web.authentication.logout.LogoutFilter@1ca742da, com.cts.authorization.config.JwtRequestFilter@7596605d, org.springframework.security.web.savedrequest.RequestCacheAwareFilter@3f6799bf, org.springframework.security.web.servletapi.SecurityContextHolderAwareRequestFilter@55cb74f, org.springframework.security.web.authentication.AnonymousAuthenticationFilter@128f6cef, org.springframework.security.web.session.SessionManagementFilter@6302b672, org.springframework.security.web.access.ExceptionTranslationFilter@15f7d24d, org.springframework.security.web.access.intercept.FilterSecurityInterceptor@439ec480]
2021-06-06_14-46-59 [restartedMain] INFO  o.s.s.c.ThreadPoolTaskExecutor - Initializing ExecutorService 'applicationTaskExecutor'
2021-06-06_14-46-59 [restartedMain] INFO  o.a.coyote.http11.Http11NioProtocol - Starting ProtocolHandler ["http-nio-8400"]
2021-06-06_14-46-59 [restartedMain] INFO  o.s.b.w.e.tomcat.TomcatWebServer - Tomcat started on port(s): 8400 (http) with context path '/auth'
2021-06-06_14-46-59 [restartedMain] INFO  s.d.s.w.p.DocumentationPluginsBootstrapper - Context refreshed
2021-06-06_14-46-59 [restartedMain] INFO  s.d.s.w.p.DocumentationPluginsBootstrapper - Found 1 custom documentation plugin(s)
2021-06-06_14-46-59 [restartedMain] INFO  s.d.s.w.s.ApiListingReferenceScanner - Scanning for api listing references
2021-06-06_14-46-59 [restartedMain] INFO  c.c.a.AuthorizatiionMicroserviceApplication - Started AuthorizatiionMicroserviceApplication in 10.669 seconds (JVM running for 12.17)
2021-06-06_14-46-59 [http-nio-8400-exec-1] INFO  o.a.c.c.C.[.[localhost].[/auth] - Initializing Spring DispatcherServlet 'dispatcherServlet'
2021-06-06_14-46-59 [http-nio-8400-exec-1] INFO  o.s.web.servlet.DispatcherServlet - Initializing Servlet 'dispatcherServlet'
2021-06-06_14-46-59 [http-nio-8400-exec-1] INFO  o.s.web.servlet.DispatcherServlet - Completed initialization in 57 ms
2021-06-06_14-46-59 [http-nio-8400-exec-1] INFO  c.c.a.service.JwtUserDetailsService - User found
2021-06-06_14-46-59 [http-nio-8400-exec-1] INFO  c.c.a.service.JwtUserDetailsService - user successfully located
2021-06-06_14-46-59 [http-nio-8400-exec-1] INFO  c.c.a.service.JwtUserDetailsService - User found
2021-06-06_14-46-59 [http-nio-8400-exec-1] INFO  c.c.a.service.JwtUserDetailsService - user successfully located
2021-06-06_14-46-59 [http-nio-8400-exec-2] INFO  c.c.a.service.JwtUserDetailsService - User found
2021-06-06_14-46-59 [http-nio-8400-exec-2] INFO  c.c.a.service.JwtUserDetailsService - user successfully located
2021-06-06_14-46-59 [http-nio-8400-exec-3] INFO  c.c.a.service.JwtUserDetailsService - User found
2021-06-06_14-46-59 [http-nio-8400-exec-3] INFO  c.c.a.service.JwtUserDetailsService - user successfully located
2021-06-06_14-46-59 [http-nio-8400-exec-4] INFO  c.c.a.service.JwtUserDetailsService - User found
2021-06-06_14-46-59 [http-nio-8400-exec-4] INFO  c.c.a.service.JwtUserDetailsService - user successfully located
2021-06-06_14-46-59 [http-nio-8400-exec-5] INFO  c.c.a.service.JwtUserDetailsService - User found
2021-06-06_14-46-59 [http-nio-8400-exec-5] INFO  c.c.a.service.JwtUserDetailsService - user successfully located
2021-06-06_14-46-59 [http-nio-8400-exec-6] INFO  c.c.a.service.JwtUserDetailsService - User found
2021-06-06_14-46-59 [http-nio-8400-exec-6] INFO  c.c.a.service.JwtUserDetailsService - user successfully located
2021-06-06_14-46-59 [http-nio-8400-exec-7] INFO  c.c.a.service.JwtUserDetailsService - User found
2021-06-06_14-46-59 [http-nio-8400-exec-7] INFO  c.c.a.service.JwtUserDetailsService - user successfully located
2021-06-06_14-46-59 [http-nio-8400-exec-8] INFO  c.c.a.service.JwtUserDetailsService - User found
2021-06-06_14-46-59 [http-nio-8400-exec-8] INFO  c.c.a.service.JwtUserDetailsService - user successfully located
2021-06-06_14-46-59 [http-nio-8400-exec-9] INFO  c.c.a.service.JwtUserDetailsService - User found
2021-06-06_14-46-59 [http-nio-8400-exec-9] INFO  c.c.a.service.JwtUserDetailsService - user successfully located
2021-06-06_14-46-59 [http-nio-8400-exec-2] INFO  c.c.a.service.JwtUserDetailsService - User found
2021-06-06_14-46-59 [http-nio-8400-exec-2] INFO  c.c.a.service.JwtUserDetailsService - user successfully located
2021-06-06_14-46-59 [http-nio-8400-exec-3] INFO  c.c.a.service.JwtUserDetailsService - User found
2021-06-06_14-46-59 [http-nio-8400-exec-3] INFO  c.c.a.service.JwtUserDetailsService - user successfully located
2021-06-06_14-46-59 [http-nio-8400-exec-4] INFO  c.c.a.service.JwtUserDetailsService - User found
2021-06-06_14-46-59 [http-nio-8400-exec-4] INFO  c.c.a.service.JwtUserDetailsService - user successfully located
2021-06-06_14-46-59 [http-nio-8400-exec-5] INFO  c.c.a.service.JwtUserDetailsService - User found
2021-06-06_14-46-59 [http-nio-8400-exec-5] INFO  c.c.a.service.JwtUserDetailsService - user successfully located
2021-06-06_14-46-59 [http-nio-8400-exec-7] INFO  c.c.a.service.JwtUserDetailsService - User found
2021-06-06_14-46-59 [http-nio-8400-exec-7] INFO  c.c.a.service.JwtUserDetailsService - user successfully located
2021-06-06_14-46-59 [http-nio-8400-exec-8] INFO  c.c.a.service.JwtUserDetailsService - User found
2021-06-06_14-46-59 [http-nio-8400-exec-8] INFO  c.c.a.service.JwtUserDetailsService - user successfully located
2021-06-06_14-46-59 [http-nio-8400-exec-9] INFO  c.c.a.service.JwtUserDetailsService - User found
2021-06-06_14-46-59 [http-nio-8400-exec-9] INFO  c.c.a.service.JwtUserDetailsService - user successfully located
2021-06-06_14-46-59 [RMI TCP Connection(19)-127.0.0.1] INFO  o.s.b.a.SpringApplicationAdminMXBeanRegistrar$SpringApplicationAdmin - Application shutdown requested.
2021-06-06_14-46-59 [RMI TCP Connection(19)-127.0.0.1] INFO  o.s.s.c.ThreadPoolTaskExecutor - Shutting down ExecutorService 'applicationTaskExecutor'
2021-06-06_14-46-59 [RMI TCP Connection(19)-127.0.0.1] INFO  o.s.o.j.LocalContainerEntityManagerFactoryBean - Closing JPA EntityManagerFactory for persistence unit 'default'
2021-06-06_14-46-59 [RMI TCP Connection(19)-127.0.0.1] INFO  com.zaxxer.hikari.HikariDataSource - HikariPool-1 - Shutdown initiated...
2021-06-06_14-46-59 [RMI TCP Connection(19)-127.0.0.1] INFO  com.zaxxer.hikari.HikariDataSource - HikariPool-1 - Shutdown completed.
