2021-08-02_10-37-20 [restartedMain] INFO  c.c.a.AuthorizatiionMicroserviceApplication - Starting AuthorizatiionMicroserviceApplication using Java 15.0.2 on LAPTOP-4U00OKKL with PID 16416 (H:\BOOKS\CTS\Courses\Enhancement Projects\New folder\Authorizatiion-Microservice\target\classes started by harsh in H:\BOOKS\CTS\Courses\Enhancement Projects\New folder\Authorizatiion-Microservice)
2021-08-02_10-37-20 [restartedMain] INFO  c.c.a.AuthorizatiionMicroserviceApplication - No active profile set, falling back to default profiles: default
2021-08-02_10-37-20 [restartedMain] INFO  o.s.b.d.e.DevToolsPropertyDefaultsPostProcessor - Devtools property defaults active! Set 'spring.devtools.add-properties' to 'false' to disable
2021-08-02_10-37-20 [restartedMain] INFO  o.s.b.d.e.DevToolsPropertyDefaultsPostProcessor - For additional web related logging consider setting the 'logging.level.web' property to 'DEBUG'
2021-08-02_10-37-20 [restartedMain] INFO  o.s.d.r.c.RepositoryConfigurationDelegate - Bootstrapping Spring Data JPA repositories in DEFAULT mode.
2021-08-02_10-37-20 [restartedMain] INFO  o.s.d.r.c.RepositoryConfigurationDelegate - Finished Spring Data repository scanning in 40 ms. Found 1 JPA repository interfaces.
2021-08-02_10-37-20 [restartedMain] INFO  o.s.cloud.context.scope.GenericScope - BeanFactory id=bc835a7b-e37d-385d-8407-3a426b879bd3
2021-08-02_10-37-20 [restartedMain] INFO  o.s.b.w.e.tomcat.TomcatWebServer - Tomcat initialized with port(s): 8400 (http)
2021-08-02_10-37-20 [restartedMain] INFO  o.a.coyote.http11.Http11NioProtocol - Initializing ProtocolHandler ["http-nio-8400"]
2021-08-02_10-37-20 [restartedMain] INFO  o.a.catalina.core.StandardService - Starting service [Tomcat]
2021-08-02_10-37-20 [restartedMain] INFO  o.a.catalina.core.StandardEngine - Starting Servlet engine: [Apache Tomcat/9.0.41]
2021-08-02_10-37-20 [restartedMain] INFO  o.a.c.c.C.[.[localhost].[/auth] - Initializing Spring embedded WebApplicationContext
2021-08-02_10-37-20 [restartedMain] INFO  o.s.b.w.s.c.ServletWebServerApplicationContext - Root WebApplicationContext: initialization completed in 1547 ms
2021-08-02_10-37-20 [restartedMain] INFO  o.h.jpa.internal.util.LogHelper - HHH000204: Processing PersistenceUnitInfo [name: default]
2021-08-02_10-37-20 [restartedMain] INFO  org.hibernate.Version - HHH000412: Hibernate ORM core version 5.4.27.Final
2021-08-02_10-37-20 [restartedMain] INFO  o.h.annotations.common.Version - HCANN000001: Hibernate Commons Annotations {5.1.2.Final}
2021-08-02_10-37-20 [restartedMain] INFO  com.zaxxer.hikari.HikariDataSource - HikariPool-1 - Starting...
2021-08-02_10-37-20 [restartedMain] INFO  com.zaxxer.hikari.HikariDataSource - HikariPool-1 - Start completed.
2021-08-02_10-37-20 [restartedMain] INFO  org.hibernate.dialect.Dialect - HHH000400: Using dialect: org.hibernate.dialect.MySQL8Dialect
2021-08-02_10-37-20 [restartedMain] INFO  o.h.e.t.j.p.i.JtaPlatformInitiator - HHH000490: Using JtaPlatform implementation: [org.hibernate.engine.transaction.jta.platform.internal.NoJtaPlatform]
2021-08-02_10-37-20 [restartedMain] INFO  o.s.o.j.LocalContainerEntityManagerFactoryBean - Initialized JPA EntityManagerFactory for persistence unit 'default'
2021-08-02_10-37-20 [restartedMain] INFO  o.s.b.d.a.OptionalLiveReloadServer - LiveReload server is running on port 35729
2021-08-02_10-37-20 [restartedMain] INFO  s.d.s.w.PropertySourcedRequestMappingHandlerMapping - Mapped URL path [/v2/api-docs] onto method [springfox.documentation.swagger2.web.Swagger2Controller#getDocumentation(String, HttpServletRequest)]
2021-08-02_10-37-20 [restartedMain] INFO  o.s.s.web.DefaultSecurityFilterChain - Will secure any request with [org.springframework.security.web.context.request.async.WebAsyncManagerIntegrationFilter@31cde088, org.springframework.security.web.context.SecurityContextPersistenceFilter@358f6c7f, org.springframework.security.web.header.HeaderWriterFilter@480923d8, org.springframework.security.web.authentication.logout.LogoutFilter@707adb27, com.cts.authorization.config.JwtRequestFilter@3ecf56d5, org.springframework.security.web.savedrequest.RequestCacheAwareFilter@1d98fa7d, org.springframework.security.web.servletapi.SecurityContextHolderAwareRequestFilter@744939fd, org.springframework.security.web.authentication.AnonymousAuthenticationFilter@67a8d301, org.springframework.security.web.session.SessionManagementFilter@5b001b7f, org.springframework.security.web.access.ExceptionTranslationFilter@3ac4aaae, org.springframework.security.web.access.intercept.FilterSecurityInterceptor@141b2c]
2021-08-02_10-37-20 [restartedMain] INFO  o.s.s.c.ThreadPoolTaskExecutor - Initializing ExecutorService 'applicationTaskExecutor'
2021-08-02_10-37-20 [restartedMain] INFO  o.s.cloud.commons.util.InetUtils - Cannot determine local hostname
2021-08-02_10-37-20 [restartedMain] INFO  o.a.coyote.http11.Http11NioProtocol - Starting ProtocolHandler ["http-nio-8400"]
2021-08-02_10-37-20 [restartedMain] INFO  o.s.b.w.e.tomcat.TomcatWebServer - Tomcat started on port(s): 8400 (http) with context path '/auth'
2021-08-02_10-37-20 [restartedMain] INFO  o.s.cloud.commons.util.InetUtils - Cannot determine local hostname
2021-08-02_10-37-20 [restartedMain] INFO  s.d.s.w.p.DocumentationPluginsBootstrapper - Context refreshed
2021-08-02_10-37-20 [restartedMain] INFO  s.d.s.w.p.DocumentationPluginsBootstrapper - Found 1 custom documentation plugin(s)
2021-08-02_10-37-20 [restartedMain] INFO  s.d.s.w.s.ApiListingReferenceScanner - Scanning for api listing references
2021-08-02_10-37-20 [restartedMain] INFO  c.c.a.AuthorizatiionMicroserviceApplication - Started AuthorizatiionMicroserviceApplication in 7.551 seconds (JVM running for 8.342)
2021-08-02_10-37-20 [Thread-5] INFO  o.s.s.c.ThreadPoolTaskExecutor - Shutting down ExecutorService 'applicationTaskExecutor'
2021-08-02_10-37-20 [Thread-5] INFO  o.s.o.j.LocalContainerEntityManagerFactoryBean - Closing JPA EntityManagerFactory for persistence unit 'default'
2021-08-02_10-37-20 [Thread-5] INFO  com.zaxxer.hikari.HikariDataSource - HikariPool-1 - Shutdown initiated...
2021-08-02_10-37-20 [Thread-5] INFO  com.zaxxer.hikari.HikariDataSource - HikariPool-1 - Shutdown completed.
2021-08-02_10-41-12 [restartedMain] INFO  c.c.a.AuthorizatiionMicroserviceApplication - Starting AuthorizatiionMicroserviceApplication using Java 15.0.2 on LAPTOP-4U00OKKL with PID 16416 (H:\BOOKS\CTS\Courses\Enhancement Projects\New folder\Authorizatiion-Microservice\target\classes started by harsh in H:\BOOKS\CTS\Courses\Enhancement Projects\New folder\Authorizatiion-Microservice)
2021-08-02_10-41-12 [restartedMain] INFO  c.c.a.AuthorizatiionMicroserviceApplication - No active profile set, falling back to default profiles: default
2021-08-02_10-41-12 [restartedMain] INFO  o.s.d.r.c.RepositoryConfigurationDelegate - Bootstrapping Spring Data JPA repositories in DEFAULT mode.
2021-08-02_10-41-12 [restartedMain] INFO  o.s.d.r.c.RepositoryConfigurationDelegate - Finished Spring Data repository scanning in 6 ms. Found 1 JPA repository interfaces.
2021-08-02_10-41-12 [restartedMain] INFO  o.s.cloud.context.scope.GenericScope - BeanFactory id=bc835a7b-e37d-385d-8407-3a426b879bd3
2021-08-02_10-41-12 [restartedMain] INFO  o.s.b.w.e.tomcat.TomcatWebServer - Tomcat initialized with port(s): 8400 (http)
2021-08-02_10-41-12 [restartedMain] INFO  o.a.coyote.http11.Http11NioProtocol - Initializing ProtocolHandler ["http-nio-8400"]
2021-08-02_10-41-12 [restartedMain] INFO  o.a.catalina.core.StandardService - Starting service [Tomcat]
2021-08-02_10-41-12 [restartedMain] INFO  o.a.catalina.core.StandardEngine - Starting Servlet engine: [Apache Tomcat/9.0.41]
2021-08-02_10-41-12 [restartedMain] INFO  o.a.c.c.C.[.[localhost].[/auth] - Initializing Spring embedded WebApplicationContext
2021-08-02_10-41-12 [restartedMain] INFO  o.s.b.w.s.c.ServletWebServerApplicationContext - Root WebApplicationContext: initialization completed in 339 ms
2021-08-02_10-41-12 [restartedMain] INFO  o.h.jpa.internal.util.LogHelper - HHH000204: Processing PersistenceUnitInfo [name: default]
2021-08-02_10-41-12 [restartedMain] INFO  com.zaxxer.hikari.HikariDataSource - HikariPool-2 - Starting...
2021-08-02_10-41-12 [restartedMain] INFO  com.zaxxer.hikari.HikariDataSource - HikariPool-2 - Start completed.
2021-08-02_10-41-12 [restartedMain] INFO  org.hibernate.dialect.Dialect - HHH000400: Using dialect: org.hibernate.dialect.MySQL8Dialect
2021-08-02_10-41-12 [restartedMain] INFO  o.h.e.t.j.p.i.JtaPlatformInitiator - HHH000490: Using JtaPlatform implementation: [org.hibernate.engine.transaction.jta.platform.internal.NoJtaPlatform]
2021-08-02_10-41-12 [restartedMain] INFO  o.s.o.j.LocalContainerEntityManagerFactoryBean - Initialized JPA EntityManagerFactory for persistence unit 'default'
2021-08-02_10-41-12 [restartedMain] INFO  o.s.b.d.a.OptionalLiveReloadServer - LiveReload server is running on port 35729
2021-08-02_10-41-12 [restartedMain] INFO  s.d.s.w.PropertySourcedRequestMappingHandlerMapping - Mapped URL path [/v2/api-docs] onto method [springfox.documentation.swagger2.web.Swagger2Controller#getDocumentation(String, HttpServletRequest)]
2021-08-02_10-41-12 [restartedMain] INFO  o.s.s.web.DefaultSecurityFilterChain - Will secure any request with [org.springframework.security.web.context.request.async.WebAsyncManagerIntegrationFilter@426966e, org.springframework.security.web.context.SecurityContextPersistenceFilter@4831aa3c, org.springframework.security.web.header.HeaderWriterFilter@3df9413d, org.springframework.security.web.authentication.logout.LogoutFilter@53394039, com.cts.authorization.config.JwtRequestFilter@21b52bb1, org.springframework.security.web.savedrequest.RequestCacheAwareFilter@6adf08c6, org.springframework.security.web.servletapi.SecurityContextHolderAwareRequestFilter@1d585c09, org.springframework.security.web.authentication.AnonymousAuthenticationFilter@25bbd912, org.springframework.security.web.session.SessionManagementFilter@658dd856, org.springframework.security.web.access.ExceptionTranslationFilter@2730bf9b, org.springframework.security.web.access.intercept.FilterSecurityInterceptor@3fc82d65]
2021-08-02_10-41-12 [restartedMain] INFO  o.s.s.c.ThreadPoolTaskExecutor - Initializing ExecutorService 'applicationTaskExecutor'
2021-08-02_10-41-12 [restartedMain] INFO  o.s.cloud.commons.util.InetUtils - Cannot determine local hostname
2021-08-02_10-41-12 [restartedMain] INFO  o.a.coyote.http11.Http11NioProtocol - Starting ProtocolHandler ["http-nio-8400"]
2021-08-02_10-41-12 [restartedMain] INFO  o.s.b.w.e.tomcat.TomcatWebServer - Tomcat started on port(s): 8400 (http) with context path '/auth'
2021-08-02_10-41-12 [restartedMain] INFO  o.s.cloud.commons.util.InetUtils - Cannot determine local hostname
2021-08-02_10-41-12 [restartedMain] INFO  s.d.s.w.p.DocumentationPluginsBootstrapper - Context refreshed
2021-08-02_10-41-12 [restartedMain] INFO  s.d.s.w.p.DocumentationPluginsBootstrapper - Found 1 custom documentation plugin(s)
2021-08-02_10-41-12 [restartedMain] INFO  s.d.s.w.s.ApiListingReferenceScanner - Scanning for api listing references
2021-08-02_10-41-12 [restartedMain] INFO  c.c.a.AuthorizatiionMicroserviceApplication - Started AuthorizatiionMicroserviceApplication in 4.044 seconds (JVM running for 236.618)
2021-08-02_10-41-12 [restartedMain] INFO  o.s.b.d.a.ConditionEvaluationDeltaLoggingListener - Condition evaluation unchanged
2021-08-02_10-41-12 [http-nio-8400-exec-8] INFO  o.a.c.c.C.[.[localhost].[/auth] - Initializing Spring DispatcherServlet 'dispatcherServlet'
2021-08-02_10-41-12 [http-nio-8400-exec-8] INFO  o.s.web.servlet.DispatcherServlet - Initializing Servlet 'dispatcherServlet'
2021-08-02_10-41-12 [http-nio-8400-exec-8] INFO  o.s.web.servlet.DispatcherServlet - Completed initialization in 1 ms
2021-08-02_10-41-12 [http-nio-8400-exec-7] INFO  c.c.a.service.JwtUserDetailsService - User found
2021-08-02_10-41-12 [http-nio-8400-exec-7] INFO  c.c.a.service.JwtUserDetailsService - user successfully located
2021-08-02_10-41-12 [http-nio-8400-exec-8] INFO  c.c.a.service.JwtUserDetailsService - User found
2021-08-02_10-41-12 [http-nio-8400-exec-8] INFO  c.c.a.service.JwtUserDetailsService - user successfully located
2021-08-02_10-41-12 [http-nio-8400-exec-9] INFO  c.c.a.service.JwtUserDetailsService - User found
2021-08-02_10-41-12 [http-nio-8400-exec-9] INFO  c.c.a.service.JwtUserDetailsService - user successfully located
2021-08-02_10-41-12 [http-nio-8400-exec-10] INFO  c.c.a.service.JwtUserDetailsService - User found
2021-08-02_10-41-12 [http-nio-8400-exec-10] INFO  c.c.a.service.JwtUserDetailsService - user successfully located
2021-08-02_10-41-12 [http-nio-8400-exec-1] INFO  c.c.a.service.JwtUserDetailsService - User found
2021-08-02_10-41-12 [http-nio-8400-exec-1] INFO  c.c.a.service.JwtUserDetailsService - user successfully located
2021-08-02_10-41-12 [http-nio-8400-exec-2] INFO  c.c.a.service.JwtUserDetailsService - User found
2021-08-02_10-41-12 [http-nio-8400-exec-2] INFO  c.c.a.service.JwtUserDetailsService - user successfully located
2021-08-02_10-41-12 [http-nio-8400-exec-3] INFO  c.c.a.service.JwtUserDetailsService - User found
2021-08-02_10-41-12 [http-nio-8400-exec-3] INFO  c.c.a.service.JwtUserDetailsService - user successfully located
2021-08-02_10-41-12 [http-nio-8400-exec-4] INFO  c.c.a.service.JwtUserDetailsService - User found
2021-08-02_10-41-12 [http-nio-8400-exec-4] INFO  c.c.a.service.JwtUserDetailsService - user successfully located
2021-08-02_10-41-12 [http-nio-8400-exec-4] INFO  c.c.a.service.JwtUserDetailsService - User found
2021-08-02_10-41-12 [http-nio-8400-exec-4] INFO  c.c.a.service.JwtUserDetailsService - user successfully located
2021-08-02_10-41-12 [http-nio-8400-exec-5] INFO  c.c.a.service.JwtUserDetailsService - User found
2021-08-02_10-41-12 [http-nio-8400-exec-5] INFO  c.c.a.service.JwtUserDetailsService - user successfully located
2021-08-02_10-41-12 [http-nio-8400-exec-5] INFO  c.c.a.service.JwtUserDetailsService - User found
2021-08-02_10-41-12 [http-nio-8400-exec-5] INFO  c.c.a.service.JwtUserDetailsService - user successfully located
2021-08-02_10-41-12 [http-nio-8400-exec-7] INFO  c.c.a.service.JwtUserDetailsService - User found
2021-08-02_10-41-12 [http-nio-8400-exec-7] INFO  c.c.a.service.JwtUserDetailsService - user successfully located
2021-08-02_10-41-12 [http-nio-8400-exec-7] INFO  c.c.a.service.JwtUserDetailsService - User found
2021-08-02_10-41-12 [http-nio-8400-exec-7] INFO  c.c.a.service.JwtUserDetailsService - user successfully located
2021-08-02_10-41-12 [http-nio-8400-exec-9] INFO  c.c.a.service.JwtUserDetailsService - User found
2021-08-02_10-41-12 [http-nio-8400-exec-9] INFO  c.c.a.service.JwtUserDetailsService - user successfully located
2021-08-02_10-41-12 [http-nio-8400-exec-10] INFO  c.c.a.service.JwtUserDetailsService - User found
2021-08-02_10-41-12 [http-nio-8400-exec-10] INFO  c.c.a.service.JwtUserDetailsService - user successfully located
2021-08-02_10-41-12 [http-nio-8400-exec-1] INFO  c.c.a.service.JwtUserDetailsService - User found
2021-08-02_10-41-12 [http-nio-8400-exec-1] INFO  c.c.a.service.JwtUserDetailsService - user successfully located
2021-08-02_10-41-12 [http-nio-8400-exec-2] INFO  c.c.a.service.JwtUserDetailsService - User found
2021-08-02_10-41-12 [http-nio-8400-exec-2] INFO  c.c.a.service.JwtUserDetailsService - user successfully located
2021-08-02_10-41-12 [http-nio-8400-exec-6] INFO  c.c.a.service.JwtUserDetailsService - User found
2021-08-02_10-41-12 [http-nio-8400-exec-6] INFO  c.c.a.service.JwtUserDetailsService - user successfully located
2021-08-02_10-41-12 [http-nio-8400-exec-6] INFO  c.c.a.service.JwtUserDetailsService - User found
2021-08-02_10-41-12 [http-nio-8400-exec-6] INFO  c.c.a.service.JwtUserDetailsService - user successfully located
2021-08-02_10-41-12 [http-nio-8400-exec-7] INFO  c.c.a.service.JwtUserDetailsService - User found
2021-08-02_10-41-12 [http-nio-8400-exec-7] INFO  c.c.a.service.JwtUserDetailsService - user successfully located
2021-08-02_10-41-12 [http-nio-8400-exec-8] INFO  c.c.a.service.JwtUserDetailsService - User found
2021-08-02_10-41-12 [http-nio-8400-exec-8] INFO  c.c.a.service.JwtUserDetailsService - user successfully located
2021-08-02_10-41-12 [http-nio-8400-exec-9] INFO  c.c.a.service.JwtUserDetailsService - User found
2021-08-02_10-41-12 [http-nio-8400-exec-9] INFO  c.c.a.service.JwtUserDetailsService - user successfully located
2021-08-02_10-41-12 [http-nio-8400-exec-10] INFO  c.c.a.service.JwtUserDetailsService - User found
2021-08-02_10-41-12 [http-nio-8400-exec-10] INFO  c.c.a.service.JwtUserDetailsService - user successfully located
2021-08-02_10-41-12 [http-nio-8400-exec-1] INFO  c.c.a.service.JwtUserDetailsService - User found
2021-08-02_10-41-12 [http-nio-8400-exec-1] INFO  c.c.a.service.JwtUserDetailsService - user successfully located
2021-08-02_10-41-12 [http-nio-8400-exec-2] INFO  c.c.a.service.JwtUserDetailsService - User found
2021-08-02_10-41-12 [http-nio-8400-exec-2] INFO  c.c.a.service.JwtUserDetailsService - user successfully located
2021-08-02_10-41-12 [http-nio-8400-exec-3] INFO  c.c.a.service.JwtUserDetailsService - User found
2021-08-02_10-41-12 [http-nio-8400-exec-3] INFO  c.c.a.service.JwtUserDetailsService - user successfully located
2021-08-02_10-41-12 [http-nio-8400-exec-7] INFO  c.c.a.service.JwtUserDetailsService - User found
2021-08-02_10-41-12 [http-nio-8400-exec-7] INFO  c.c.a.service.JwtUserDetailsService - user successfully located
2021-08-02_10-41-12 [http-nio-8400-exec-8] INFO  c.c.a.service.JwtUserDetailsService - User found
2021-08-02_10-41-12 [http-nio-8400-exec-8] INFO  c.c.a.service.JwtUserDetailsService - user successfully located
2021-08-02_10-41-12 [http-nio-8400-exec-8] INFO  c.c.a.service.JwtUserDetailsService - User found
2021-08-02_10-41-12 [http-nio-8400-exec-8] INFO  c.c.a.service.JwtUserDetailsService - user successfully located
2021-08-02_10-41-12 [http-nio-8400-exec-9] INFO  c.c.a.service.JwtUserDetailsService - User found
2021-08-02_10-41-12 [http-nio-8400-exec-9] INFO  c.c.a.service.JwtUserDetailsService - user successfully located
2021-08-02_10-41-12 [http-nio-8400-exec-10] INFO  c.c.a.service.JwtUserDetailsService - User found
2021-08-02_10-41-12 [http-nio-8400-exec-10] INFO  c.c.a.service.JwtUserDetailsService - user successfully located
2021-08-02_10-41-12 [http-nio-8400-exec-1] INFO  c.c.a.service.JwtUserDetailsService - User found
2021-08-02_10-41-12 [http-nio-8400-exec-1] INFO  c.c.a.service.JwtUserDetailsService - user successfully located
2021-08-02_10-41-12 [http-nio-8400-exec-2] INFO  c.c.a.service.JwtUserDetailsService - User found
2021-08-02_10-41-12 [http-nio-8400-exec-2] INFO  c.c.a.service.JwtUserDetailsService - user successfully located
2021-08-02_10-41-12 [http-nio-8400-exec-3] INFO  c.c.a.service.JwtUserDetailsService - User found
2021-08-02_10-41-12 [http-nio-8400-exec-3] INFO  c.c.a.service.JwtUserDetailsService - user successfully located
2021-08-02_10-41-12 [http-nio-8400-exec-4] INFO  c.c.a.service.JwtUserDetailsService - User found
2021-08-02_10-41-12 [http-nio-8400-exec-4] INFO  c.c.a.service.JwtUserDetailsService - user successfully located
2021-08-02_10-41-12 [http-nio-8400-exec-3] INFO  c.c.a.service.JwtUserDetailsService - User found
2021-08-02_10-41-12 [http-nio-8400-exec-3] INFO  c.c.a.service.JwtUserDetailsService - user successfully located
2021-08-02_10-41-12 [http-nio-8400-exec-3] INFO  c.c.a.service.JwtUserDetailsService - User found
2021-08-02_10-41-12 [http-nio-8400-exec-3] INFO  c.c.a.service.JwtUserDetailsService - user successfully located
2021-08-02_10-41-12 [http-nio-8400-exec-4] INFO  c.c.a.service.JwtUserDetailsService - User found
2021-08-02_10-41-12 [http-nio-8400-exec-4] INFO  c.c.a.service.JwtUserDetailsService - user successfully located
2021-08-02_10-41-12 [http-nio-8400-exec-5] INFO  c.c.a.service.JwtUserDetailsService - User found
2021-08-02_10-41-12 [http-nio-8400-exec-5] INFO  c.c.a.service.JwtUserDetailsService - user successfully located
2021-08-02_10-41-12 [http-nio-8400-exec-10] INFO  c.c.a.service.JwtUserDetailsService - User found
2021-08-02_10-41-12 [http-nio-8400-exec-10] INFO  c.c.a.service.JwtUserDetailsService - user successfully located
2021-08-02_10-41-12 [http-nio-8400-exec-10] INFO  c.c.a.service.JwtUserDetailsService - User found
2021-08-02_10-41-12 [http-nio-8400-exec-10] INFO  c.c.a.service.JwtUserDetailsService - user successfully located
2021-08-02_10-41-12 [http-nio-8400-exec-1] INFO  c.c.a.service.JwtUserDetailsService - User found
2021-08-02_10-41-12 [http-nio-8400-exec-1] INFO  c.c.a.service.JwtUserDetailsService - user successfully located
2021-08-02_10-41-12 [http-nio-8400-exec-2] INFO  c.c.a.service.JwtUserDetailsService - User found
2021-08-02_10-41-12 [http-nio-8400-exec-2] INFO  c.c.a.service.JwtUserDetailsService - user successfully located
2021-08-02_10-41-12 [http-nio-8400-exec-7] INFO  c.c.a.service.JwtUserDetailsService - User found
2021-08-02_10-41-12 [http-nio-8400-exec-7] INFO  c.c.a.service.JwtUserDetailsService - user successfully located
2021-08-02_10-41-12 [http-nio-8400-exec-7] INFO  c.c.a.service.JwtUserDetailsService - User found
2021-08-02_10-41-12 [http-nio-8400-exec-7] INFO  c.c.a.service.JwtUserDetailsService - user successfully located
2021-08-02_10-41-12 [http-nio-8400-exec-8] INFO  c.c.a.service.JwtUserDetailsService - User found
2021-08-02_10-41-12 [http-nio-8400-exec-8] INFO  c.c.a.service.JwtUserDetailsService - user successfully located
2021-08-02_10-41-12 [http-nio-8400-exec-9] INFO  c.c.a.service.JwtUserDetailsService - User found
2021-08-02_10-41-12 [http-nio-8400-exec-9] INFO  c.c.a.service.JwtUserDetailsService - user successfully located
2021-08-02_10-41-12 [http-nio-8400-exec-10] INFO  c.c.a.service.JwtUserDetailsService - User found
2021-08-02_10-41-12 [http-nio-8400-exec-10] INFO  c.c.a.service.JwtUserDetailsService - user successfully located
2021-08-02_10-41-12 [http-nio-8400-exec-1] INFO  c.c.a.service.JwtUserDetailsService - User found
2021-08-02_10-41-12 [http-nio-8400-exec-1] INFO  c.c.a.service.JwtUserDetailsService - user successfully located
2021-08-02_10-41-12 [http-nio-8400-exec-2] INFO  c.c.a.service.JwtUserDetailsService - User found
2021-08-02_10-41-12 [http-nio-8400-exec-2] INFO  c.c.a.service.JwtUserDetailsService - user successfully located
2021-08-02_10-41-12 [http-nio-8400-exec-3] INFO  c.c.a.service.JwtUserDetailsService - User found
2021-08-02_10-41-12 [http-nio-8400-exec-3] INFO  c.c.a.service.JwtUserDetailsService - user successfully located
2021-08-02_10-41-12 [http-nio-8400-exec-4] INFO  c.c.a.service.JwtUserDetailsService - User found
2021-08-02_10-41-12 [http-nio-8400-exec-4] INFO  c.c.a.service.JwtUserDetailsService - user successfully located
2021-08-02_10-41-12 [http-nio-8400-exec-5] INFO  c.c.a.service.JwtUserDetailsService - User found
2021-08-02_10-41-12 [http-nio-8400-exec-5] INFO  c.c.a.service.JwtUserDetailsService - user successfully located
2021-08-02_10-41-12 [http-nio-8400-exec-7] INFO  c.c.a.service.JwtUserDetailsService - User found
2021-08-02_10-41-12 [http-nio-8400-exec-7] INFO  c.c.a.service.JwtUserDetailsService - user successfully located
2021-08-02_10-41-12 [http-nio-8400-exec-8] INFO  c.c.a.service.JwtUserDetailsService - User found
2021-08-02_10-41-12 [http-nio-8400-exec-8] INFO  c.c.a.service.JwtUserDetailsService - user successfully located
2021-08-02_10-41-12 [http-nio-8400-exec-8] INFO  c.c.a.service.JwtUserDetailsService - User found
2021-08-02_10-41-12 [http-nio-8400-exec-8] INFO  c.c.a.service.JwtUserDetailsService - user successfully located
2021-08-02_10-41-12 [http-nio-8400-exec-9] INFO  c.c.a.service.JwtUserDetailsService - User found
2021-08-02_10-41-12 [http-nio-8400-exec-9] INFO  c.c.a.service.JwtUserDetailsService - user successfully located
2021-08-02_10-41-12 [http-nio-8400-exec-10] INFO  c.c.a.service.JwtUserDetailsService - User found
2021-08-02_10-41-12 [http-nio-8400-exec-10] INFO  c.c.a.service.JwtUserDetailsService - user successfully located
2021-08-02_10-41-12 [http-nio-8400-exec-2] INFO  c.c.a.service.JwtUserDetailsService - User found
2021-08-02_10-41-12 [http-nio-8400-exec-2] INFO  c.c.a.service.JwtUserDetailsService - user successfully located
2021-08-02_10-41-12 [http-nio-8400-exec-5] INFO  c.c.a.service.JwtUserDetailsService - User found
2021-08-02_10-41-12 [http-nio-8400-exec-5] INFO  c.c.a.service.JwtUserDetailsService - user successfully located
2021-08-02_10-41-12 [http-nio-8400-exec-6] INFO  c.c.a.service.JwtUserDetailsService - User found
2021-08-02_10-41-12 [http-nio-8400-exec-6] INFO  c.c.a.service.JwtUserDetailsService - user successfully located
2021-08-02_10-41-12 [http-nio-8400-exec-7] INFO  c.c.a.service.JwtUserDetailsService - User found
2021-08-02_10-41-12 [http-nio-8400-exec-7] INFO  c.c.a.service.JwtUserDetailsService - user successfully located
2021-08-02_10-41-12 [http-nio-8400-exec-8] INFO  c.c.a.service.JwtUserDetailsService - User found
2021-08-02_10-41-12 [http-nio-8400-exec-8] INFO  c.c.a.service.JwtUserDetailsService - user successfully located
2021-08-02_10-41-12 [http-nio-8400-exec-9] INFO  c.c.a.service.JwtUserDetailsService - User found
2021-08-02_10-41-12 [http-nio-8400-exec-9] INFO  c.c.a.service.JwtUserDetailsService - user successfully located
2021-08-02_10-41-12 [http-nio-8400-exec-10] INFO  c.c.a.service.JwtUserDetailsService - User found
2021-08-02_10-41-12 [http-nio-8400-exec-10] INFO  c.c.a.service.JwtUserDetailsService - user successfully located
2021-08-02_10-41-12 [http-nio-8400-exec-1] INFO  c.c.a.service.JwtUserDetailsService - User found
2021-08-02_10-41-12 [http-nio-8400-exec-1] INFO  c.c.a.service.JwtUserDetailsService - user successfully located
2021-08-02_10-41-12 [http-nio-8400-exec-2] INFO  c.c.a.service.JwtUserDetailsService - User found
2021-08-02_10-41-12 [http-nio-8400-exec-2] INFO  c.c.a.service.JwtUserDetailsService - user successfully located
2021-08-02_10-41-12 [http-nio-8400-exec-3] INFO  c.c.a.service.JwtUserDetailsService - User found
2021-08-02_10-41-12 [http-nio-8400-exec-3] INFO  c.c.a.service.JwtUserDetailsService - user successfully located
2021-08-02_10-41-12 [http-nio-8400-exec-4] INFO  c.c.a.service.JwtUserDetailsService - User found
2021-08-02_10-41-12 [http-nio-8400-exec-4] INFO  c.c.a.service.JwtUserDetailsService - user successfully located
2021-08-02_10-41-12 [http-nio-8400-exec-5] INFO  c.c.a.service.JwtUserDetailsService - User found
2021-08-02_10-41-12 [http-nio-8400-exec-5] INFO  c.c.a.service.JwtUserDetailsService - user successfully located
2021-08-02_10-41-12 [http-nio-8400-exec-6] INFO  c.c.a.service.JwtUserDetailsService - User found
2021-08-02_10-41-12 [http-nio-8400-exec-6] INFO  c.c.a.service.JwtUserDetailsService - user successfully located
2021-08-02_10-41-12 [http-nio-8400-exec-7] INFO  c.c.a.service.JwtUserDetailsService - User found
2021-08-02_10-41-12 [http-nio-8400-exec-7] INFO  c.c.a.service.JwtUserDetailsService - user successfully located
2021-08-02_10-41-12 [http-nio-8400-exec-8] INFO  c.c.a.service.JwtUserDetailsService - User found
2021-08-02_10-41-12 [http-nio-8400-exec-8] INFO  c.c.a.service.JwtUserDetailsService - user successfully located
2021-08-02_10-41-12 [http-nio-8400-exec-9] INFO  c.c.a.service.JwtUserDetailsService - User found
2021-08-02_10-41-12 [http-nio-8400-exec-9] INFO  c.c.a.service.JwtUserDetailsService - user successfully located
2021-08-02_10-41-12 [http-nio-8400-exec-10] INFO  c.c.a.service.JwtUserDetailsService - User found
2021-08-02_10-41-12 [http-nio-8400-exec-10] INFO  c.c.a.service.JwtUserDetailsService - user successfully located
2021-08-02_10-41-12 [http-nio-8400-exec-2] INFO  c.c.a.service.JwtUserDetailsService - User found
2021-08-02_10-41-12 [http-nio-8400-exec-2] INFO  c.c.a.service.JwtUserDetailsService - user successfully located
2021-08-02_10-41-12 [http-nio-8400-exec-3] INFO  c.c.a.service.JwtUserDetailsService - User found
2021-08-02_10-41-12 [http-nio-8400-exec-3] INFO  c.c.a.service.JwtUserDetailsService - user successfully located
2021-08-02_10-41-12 [http-nio-8400-exec-4] INFO  c.c.a.service.JwtUserDetailsService - User found
2021-08-02_10-41-12 [http-nio-8400-exec-4] INFO  c.c.a.service.JwtUserDetailsService - user successfully located
2021-08-02_10-41-12 [http-nio-8400-exec-5] INFO  c.c.a.service.JwtUserDetailsService - User found
2021-08-02_10-41-12 [http-nio-8400-exec-5] INFO  c.c.a.service.JwtUserDetailsService - user successfully located
2021-08-02_10-41-12 [http-nio-8400-exec-6] INFO  c.c.a.service.JwtUserDetailsService - User found
2021-08-02_10-41-12 [http-nio-8400-exec-6] INFO  c.c.a.service.JwtUserDetailsService - user successfully located
2021-08-02_10-41-12 [http-nio-8400-exec-7] INFO  c.c.a.service.JwtUserDetailsService - User found
2021-08-02_10-41-12 [http-nio-8400-exec-7] INFO  c.c.a.service.JwtUserDetailsService - user successfully located
2021-08-02_10-41-12 [http-nio-8400-exec-1] INFO  c.c.a.service.JwtUserDetailsService - User found
2021-08-02_10-41-12 [http-nio-8400-exec-1] INFO  c.c.a.service.JwtUserDetailsService - user successfully located
2021-08-02_10-41-12 [http-nio-8400-exec-2] INFO  c.c.a.service.JwtUserDetailsService - User found
2021-08-02_10-41-12 [http-nio-8400-exec-2] INFO  c.c.a.service.JwtUserDetailsService - user successfully located
2021-08-02_10-41-12 [http-nio-8400-exec-3] INFO  c.c.a.service.JwtUserDetailsService - User found
2021-08-02_10-41-12 [http-nio-8400-exec-3] INFO  c.c.a.service.JwtUserDetailsService - user successfully located
2021-08-02_10-41-12 [http-nio-8400-exec-4] INFO  c.c.a.service.JwtUserDetailsService - User found
2021-08-02_10-41-12 [http-nio-8400-exec-4] INFO  c.c.a.service.JwtUserDetailsService - user successfully located
2021-08-02_10-41-12 [http-nio-8400-exec-5] INFO  c.c.a.service.JwtUserDetailsService - User found
2021-08-02_10-41-12 [http-nio-8400-exec-5] INFO  c.c.a.service.JwtUserDetailsService - user successfully located
2021-08-02_10-41-12 [RMI TCP Connection(201)-127.0.0.1] INFO  o.s.b.a.SpringApplicationAdminMXBeanRegistrar$SpringApplicationAdmin - Application shutdown requested.
2021-08-02_10-41-12 [RMI TCP Connection(201)-127.0.0.1] INFO  o.s.s.c.ThreadPoolTaskExecutor - Shutting down ExecutorService 'applicationTaskExecutor'
2021-08-02_10-41-12 [RMI TCP Connection(201)-127.0.0.1] INFO  o.s.o.j.LocalContainerEntityManagerFactoryBean - Closing JPA EntityManagerFactory for persistence unit 'default'
2021-08-02_10-41-12 [RMI TCP Connection(201)-127.0.0.1] INFO  com.zaxxer.hikari.HikariDataSource - HikariPool-2 - Shutdown initiated...
2021-08-02_10-41-12 [RMI TCP Connection(201)-127.0.0.1] INFO  com.zaxxer.hikari.HikariDataSource - HikariPool-2 - Shutdown completed.
